<?xml version="1.0" encoding="UTF-8"?>
<testsuites tests="340" failures="3" errors="0" time="0.011378">
	<testsuite tests="340" failures="3" skipped="41" time="0.011000"  name="hypershift-e2e" timestamp="2026-03-31T20:33:44Z">
		<properties>
			<property name="go.version" value="go1.25.7 (Red Hat 1.25.7-1.el9_7) linux/amd64"></property>
		</properties>
		<testcase classname="" name="TestCreateCluster/Main/EnsureMetricsForwarderWorking" time="340.310000">
			<failure message="Failed" type="">=== RUN   TestCreateCluster/Main/EnsureMetricsForwarderWorking&#xA;    util_metrics_proxy.go:50: Enabling metrics forwarding on HostedCluster&#xA;    util_metrics_proxy.go:60: Waiting for endpoint-resolver deployment&#xA;    util.go:4270: Waiting for deployment e2e-clusters-n4b9x-create-cluster-5dsfg/endpoint-resolver to be ready&#xA;    util.go:4275: Failed to get deployment e2e-clusters-n4b9x-create-cluster-5dsfg/endpoint-resolver: deployments.apps &#34;endpoint-resolver&#34; not found&#xA;    util_metrics_proxy.go:63: Waiting for metrics-proxy deployment&#xA;    util.go:4270: Waiting for deployment e2e-clusters-n4b9x-create-cluster-5dsfg/metrics-proxy to be ready&#xA;    util.go:297: Successfully waited for kubeconfig to be published for HostedCluster e2e-clusters-n4b9x/create-cluster-5dsfg in 25ms&#xA;    util.go:314: Successfully waited for kubeconfig secret to have data in 0s&#xA;    util.go:297: Successfully waited for kubeconfig to be published for HostedCluster e2e-clusters-n4b9x/create-cluster-5dsfg in 25ms&#xA;    util.go:314: Successfully waited for kubeconfig secret to have data in 0s&#xA;    util.go:376: Successfully waited for a successful connection to the guest API server in 0s&#xA;    util_metrics_proxy.go:71: Waiting for metrics-forwarder deployment in guest cluster&#xA;    util.go:4270: Waiting for deployment openshift-monitoring/control-plane-metrics-forwarder to be ready&#xA;    util.go:4275: Failed to get deployment openshift-monitoring/control-plane-metrics-forwarder: deployments.apps &#34;control-plane-metrics-forwarder&#34; not found&#xA;    util.go:4275: Failed to get deployment openshift-monitoring/control-plane-metrics-forwarder: deployments.apps &#34;control-plane-metrics-forwarder&#34; not found&#xA;    util.go:4275: Failed to get deployment openshift-monitoring/control-plane-metrics-forwarder: deployments.apps &#34;control-plane-metrics-forwarder&#34; not found&#xA;    util.go:4275: Failed to get deployment openshift-monitoring/control-plane-metrics-forwarder: deployments.apps &#34;control-plane-metrics-forwarder&#34; not found&#xA;    util.go:4275: Failed to get deployment openshift-monitoring/control-plane-metrics-forwarder: deployments.apps &#34;control-plane-metrics-forwarder&#34; not found&#xA;    util.go:4275: Failed to get deployment openshift-monitoring/control-plane-metrics-forwarder: deployments.apps &#34;control-plane-metrics-forwarder&#34; not found&#xA;    util.go:4275: Failed to get deployment openshift-monitoring/control-plane-metrics-forwarder: deployments.apps &#34;control-plane-metrics-forwarder&#34; not found&#xA;    util.go:4275: Failed to get deployment openshift-monitoring/control-plane-metrics-forwarder: deployments.apps &#34;control-plane-metrics-forwarder&#34; not found&#xA;    util.go:4275: Failed to get deployment openshift-monitoring/control-plane-metrics-forwarder: deployments.apps &#34;control-plane-metrics-forwarder&#34; not found&#xA;    util.go:4275: Failed to get deployment openshift-monitoring/control-plane-metrics-forwarder: deployments.apps &#34;control-plane-metrics-forwarder&#34; not found&#xA;    util.go:4275: Failed to get deployment openshift-monitoring/control-plane-metrics-forwarder: deployments.apps &#34;control-plane-metrics-forwarder&#34; not found&#xA;    util.go:4275: Failed to get deployment openshift-monitoring/control-plane-metrics-forwarder: deployments.apps &#34;control-plane-metrics-forwarder&#34; not found&#xA;    util.go:4275: Failed to get deployment openshift-monitoring/control-plane-metrics-forwarder: deployments.apps &#34;control-plane-metrics-forwarder&#34; not found&#xA;    util.go:4275: Failed to get deployment openshift-monitoring/control-plane-metrics-forwarder: deployments.apps &#34;control-plane-metrics-forwarder&#34; not found&#xA;    util.go:4275: Failed to get deployment openshift-monitoring/control-plane-metrics-forwarder: deployments.apps &#34;control-plane-metrics-forwarder&#34; not found&#xA;    util.go:4275: Failed to get deployment openshift-monitoring/control-plane-metrics-forwarder: deployments.apps &#34;control-plane-metrics-forwarder&#34; not found&#xA;    util.go:4275: Failed to get deployment openshift-monitoring/control-plane-metrics-forwarder: deployments.apps &#34;control-plane-metrics-forwarder&#34; not found&#xA;    util.go:4275: Failed to get deployment openshift-monitoring/control-plane-metrics-forwarder: deployments.apps &#34;control-plane-metrics-forwarder&#34; not found&#xA;    util.go:4275: Failed to get deployment openshift-monitoring/control-plane-metrics-forwarder: deployments.apps &#34;control-plane-metrics-forwarder&#34; not found&#xA;    util.go:4275: Failed to get deployment openshift-monitoring/control-plane-metrics-forwarder: deployments.apps &#34;control-plane-metrics-forwarder&#34; not found&#xA;    util.go:4275: Failed to get deployment openshift-monitoring/control-plane-metrics-forwarder: deployments.apps &#34;control-plane-metrics-forwarder&#34; not found&#xA;    util.go:4275: Failed to get deployment openshift-monitoring/control-plane-metrics-forwarder: deployments.apps &#34;control-plane-metrics-forwarder&#34; not found&#xA;    util.go:4275: Failed to get deployment openshift-monitoring/control-plane-metrics-forwarder: deployments.apps &#34;control-plane-metrics-forwarder&#34; not found&#xA;    util.go:4275: Failed to get deployment openshift-monitoring/control-plane-metrics-forwarder: deployments.apps &#34;control-plane-metrics-forwarder&#34; not found&#xA;    util.go:4275: Failed to get deployment openshift-monitoring/control-plane-metrics-forwarder: deployments.apps &#34;control-plane-metrics-forwarder&#34; not found&#xA;    util.go:4275: Failed to get deployment openshift-monitoring/control-plane-metrics-forwarder: deployments.apps &#34;control-plane-metrics-forwarder&#34; not found&#xA;    util.go:4275: Failed to get deployment openshift-monitoring/control-plane-metrics-forwarder: deployments.apps &#34;control-plane-metrics-forwarder&#34; not found&#xA;    util.go:4275: Failed to get deployment openshift-monitoring/control-plane-metrics-forwarder: deployments.apps &#34;control-plane-metrics-forwarder&#34; not found&#xA;    util.go:4275: Failed to get deployment openshift-monitoring/control-plane-metrics-forwarder: deployments.apps &#34;control-plane-metrics-forwarder&#34; not found&#xA;    util.go:4275: Failed to get deployment openshift-monitoring/control-plane-metrics-forwarder: deployments.apps &#34;control-plane-metrics-forwarder&#34; not found&#xA;    util.go:4279: &#xA;        Timed out after 300.001s.&#xA;        deployment openshift-monitoring/control-plane-metrics-forwarder should be ready&#xA;        Expected&#xA;            &lt;bool&gt;: false&#xA;        to be true&#xA;        --- FAIL: TestCreateCluster/Main/EnsureMetricsForwarderWorking (340.31s)&#xA;</failure>
		</testcase>
		<testcase classname="" name="TestCreateCluster/Main" time="986.180000">
			<failure message="Failed" type="">=== RUN   TestCreateCluster/Main&#xA;    util.go:297: Successfully waited for kubeconfig to be published for HostedCluster e2e-clusters-n4b9x/create-cluster-5dsfg in 25ms&#xA;    util.go:314: Successfully waited for kubeconfig secret to have data in 25ms&#xA;    util.go:376: Successfully waited for a successful connection to the guest API server in 0s&#xA;    create_cluster_test.go:82: fetching mgmt kubeconfig&#xA;    util.go:297: Successfully waited for kubeconfig to be published for HostedCluster e2e-clusters-n4b9x/create-cluster-5dsfg in 25ms&#xA;    util.go:314: Successfully waited for kubeconfig secret to have data in 25ms&#xA;    --- FAIL: TestCreateCluster/Main (986.18s)&#xA;</failure>
		</testcase>
		<testcase classname="" name="TestCreateCluster" time="2436.490000">
			<failure message="Failed" type="">=== RUN   TestCreateCluster&#xA;=== PAUSE TestCreateCluster&#xA;=== CONT  TestCreateCluster&#xA;    hypershift_framework.go:513: Successfully created hostedcluster e2e-clusters-n4b9x/create-cluster-5dsfg in 2m24s&#xA;    hypershift_framework.go:179: Summarizing unexpected conditions for HostedCluster create-cluster-5dsfg &#xA;    util.go:3025: Successfully waited for HostedCluster e2e-clusters-n4b9x/create-cluster-5dsfg to have valid conditions in 25ms&#xA;    hypershift_framework.go:332: skipping postTeardown()&#xA;    hypershift_framework.go:310: skipping teardown, already called&#xA;--- FAIL: TestCreateCluster (2436.49s)&#xA;</failure>
		</testcase>
		<testcase classname="" name="TestNodePoolAutoscalingScaleFromZero" time="0.000000">
			<skipped message="=== RUN   TestNodePoolAutoscalingScaleFromZero&#xA;    autoscaling_test.go:392: test only supported on platform AWS&#xA;--- SKIP: TestNodePoolAutoscalingScaleFromZero (0.00s)&#xA;"></skipped>
		</testcase>
		<testcase classname="" name="TestAzurePrivateTopology" time="0.000000">
			<skipped message="=== RUN   TestAzurePrivateTopology&#xA;    azure_private_link_test.go:40: Azure private topology is not supported on ARO HCP&#xA;--- SKIP: TestAzurePrivateTopology (0.00s)&#xA;"></skipped>
		</testcase>
		<testcase classname="" name="TestCreateClusterRequestServingIsolation" time="0.000000">
			<skipped message="=== RUN   TestCreateClusterRequestServingIsolation&#xA;    create_cluster_test.go:206: Skipping request serving isolation test&#xA;--- SKIP: TestCreateClusterRequestServingIsolation (0.00s)&#xA;"></skipped>
		</testcase>
		<testcase classname="" name="TestCreateClusterProxy" time="0.000000">
			<skipped message="=== RUN   TestCreateClusterProxy&#xA;    create_cluster_test.go:367: test only supported on platform AWS&#xA;--- SKIP: TestCreateClusterProxy (0.00s)&#xA;"></skipped>
		</testcase>
		<testcase classname="" name="TestCreateClusterPrivate" time="0.000000">
			<skipped message="=== RUN   TestCreateClusterPrivate&#xA;    create_cluster_test.go:394: test only supported on platform AWS&#xA;--- SKIP: TestCreateClusterPrivate (0.00s)&#xA;"></skipped>
		</testcase>
		<testcase classname="" name="TestCreateClusterPrivateWithRouteKAS" time="0.000000">
			<skipped message="=== RUN   TestCreateClusterPrivateWithRouteKAS&#xA;    create_cluster_test.go:394: test only supported on platform AWS&#xA;--- SKIP: TestCreateClusterPrivateWithRouteKAS (0.00s)&#xA;"></skipped>
		</testcase>
		<testcase classname="" name="TestExternalOIDC" time="0.000000">
			<skipped message="=== RUN   TestExternalOIDC&#xA;    external_oidc_test.go:30: skip external OIDC test if e2e.external-oidc-provider is not provided&#xA;--- SKIP: TestExternalOIDC (0.00s)&#xA;"></skipped>
		</testcase>
		<testcase classname="" name="TestKarpenter" time="0.000000">
			<skipped message="=== RUN   TestKarpenter&#xA;    karpenter_test.go:46: Only tested when CI sets TECH_PREVIEW_NO_UPGRADE=true and the Hypershift Operator is installed with --tech-preview-no-upgrade&#xA;--- SKIP: TestKarpenter (0.00s)&#xA;"></skipped>
		</testcase>
		<testcase classname="" name="TestOLM" time="0.000000">
			<skipped message="=== RUN   TestOLM&#xA;--- SKIP: TestOLM (0.00s)&#xA;"></skipped>
		</testcase>
		<testcase classname="" name="TestUpgradeHyperShiftOperator" time="0.000000">
			<skipped message="=== RUN   TestUpgradeHyperShiftOperator&#xA;--- SKIP: TestUpgradeHyperShiftOperator (0.00s)&#xA;"></skipped>
		</testcase>
		<testcase classname="" name="TestCiliumConnectivity" time="0.000000">
			<skipped message="=== RUN   TestCiliumConnectivity&#xA;=== PAUSE TestCiliumConnectivity&#xA;=== CONT  TestCiliumConnectivity&#xA;    cilium_network_policy_test.go:40: skip cilium connection test if e2e.external-cni-provider is not cilium&#xA;--- SKIP: TestCiliumConnectivity (0.00s)&#xA;"></skipped>
		</testcase>
		<testcase classname="" name="TestNodePoolMultiArch/HostedCluster0" time="0.000000">
			<skipped message="=== RUN   TestNodePoolMultiArch/HostedCluster0&#xA;    nodepool_test.go:183: test only supported on multi-arch clusters&#xA;    --- SKIP: TestNodePoolMultiArch/HostedCluster0 (0.00s)&#xA;"></skipped>
		</testcase>
		<testcase classname="" name="TestHAEtcdChaos/EnsureHostedCluster/EnsureAllRoutesUseHCPRouter" time="0.000000">
			<skipped message="=== RUN   TestHAEtcdChaos/EnsureHostedCluster/EnsureAllRoutesUseHCPRouter&#xA;    util.go:1197: skipping test because APIServer is not exposed through a route&#xA;        --- SKIP: TestHAEtcdChaos/EnsureHostedCluster/EnsureAllRoutesUseHCPRouter (0.00s)&#xA;"></skipped>
		</testcase>
		<testcase classname="" name="TestHAEtcdChaos/EnsureHostedCluster/EnsureNetworkPolicies" time="0.000000">
			<skipped message="=== RUN   TestHAEtcdChaos/EnsureHostedCluster/EnsureNetworkPolicies&#xA;    util.go:1217: test only supported on AWS platform, saw None&#xA;        --- SKIP: TestHAEtcdChaos/EnsureHostedCluster/EnsureNetworkPolicies (0.00s)&#xA;"></skipped>
		</testcase>
		<testcase classname="" name="TestHAEtcdChaos/EnsureHostedCluster/EnsureNodeTuningOperatorMetricsEndpoint" time="0.010000">
			<skipped message="=== RUN   TestHAEtcdChaos/EnsureHostedCluster/EnsureNodeTuningOperatorMetricsEndpoint&#xA;    util.go:4345: Cluster has no workers (total replicas: 0) - node-tuning-operator services not expected. Skipping metrics endpoint validation.&#xA;        --- SKIP: TestHAEtcdChaos/EnsureHostedCluster/EnsureNodeTuningOperatorMetricsEndpoint (0.01s)&#xA;"></skipped>
		</testcase>
		<testcase classname="" name="TestHAEtcdChaos/EnsureHostedCluster/ValidateMetricsAreExposed" time="0.000000">
			<skipped message="=== RUN   TestHAEtcdChaos/EnsureHostedCluster/ValidateMetricsAreExposed&#xA;    util.go:2700: skipping on None platform&#xA;        --- SKIP: TestHAEtcdChaos/EnsureHostedCluster/ValidateMetricsAreExposed (0.00s)&#xA;"></skipped>
		</testcase>
		<testcase classname="" name="TestHAEtcdChaos/PostTeardown/ValidateMetricsAreExposed" time="0.000000">
			<skipped message="=== RUN   TestHAEtcdChaos/PostTeardown/ValidateMetricsAreExposed&#xA;    util.go:2700: skipping on None platform&#xA;        --- SKIP: TestHAEtcdChaos/PostTeardown/ValidateMetricsAreExposed (0.00s)&#xA;"></skipped>
		</testcase>
		<testcase classname="" name="TestCreateClusterCustomConfig/EnsureHostedCluster/EnsureNetworkPolicies" time="0.000000">
			<skipped message="=== RUN   TestCreateClusterCustomConfig/EnsureHostedCluster/EnsureNetworkPolicies&#xA;    util.go:1217: test only supported on AWS platform, saw Azure&#xA;        --- SKIP: TestCreateClusterCustomConfig/EnsureHostedCluster/EnsureNetworkPolicies (0.00s)&#xA;"></skipped>
		</testcase>
		<testcase classname="" name="TestAzureScheduler/EnsureHostedCluster/EnsureNetworkPolicies" time="0.000000">
			<skipped message="=== RUN   TestAzureScheduler/EnsureHostedCluster/EnsureNetworkPolicies&#xA;    util.go:1217: test only supported on AWS platform, saw Azure&#xA;        --- SKIP: TestAzureScheduler/EnsureHostedCluster/EnsureNetworkPolicies (0.00s)&#xA;"></skipped>
		</testcase>
		<testcase classname="" name="TestCreateCluster/Main/EnsureDefaultSecurityGroupTags" time="0.000000">
			<skipped message="=== RUN   TestCreateCluster/Main/EnsureDefaultSecurityGroupTags&#xA;    util.go:3428: This test is only applicable for AWS platform&#xA;        --- SKIP: TestCreateCluster/Main/EnsureDefaultSecurityGroupTags (0.00s)&#xA;"></skipped>
		</testcase>
		<testcase classname="" name="TestUpgradeControlPlane/EnsureHostedCluster/EnsureNetworkPolicies" time="0.000000">
			<skipped message="=== RUN   TestUpgradeControlPlane/EnsureHostedCluster/EnsureNetworkPolicies&#xA;    util.go:1217: test only supported on AWS platform, saw Azure&#xA;        --- SKIP: TestUpgradeControlPlane/EnsureHostedCluster/EnsureNetworkPolicies (0.00s)&#xA;"></skipped>
		</testcase>
		<testcase classname="" name="TestNodePool/HostedCluster1" time="0.000000">
			<skipped message="=== RUN   TestNodePool/HostedCluster1&#xA;    nodepool_test.go:154: tests only supported on platform KubeVirt&#xA;    --- SKIP: TestNodePool/HostedCluster1 (0.00s)&#xA;"></skipped>
		</testcase>
		<testcase classname="" name="TestNodePool/HostedCluster2/EnsureHostedCluster/EnsureNetworkPolicies" time="0.000000">
			<skipped message="=== RUN   TestNodePool/HostedCluster2/EnsureHostedCluster/EnsureNetworkPolicies&#xA;    util.go:1217: test only supported on AWS platform, saw Azure&#xA;            --- SKIP: TestNodePool/HostedCluster2/EnsureHostedCluster/EnsureNetworkPolicies (0.00s)&#xA;"></skipped>
		</testcase>
		<testcase classname="" name="TestNodePool/HostedCluster0/Main/TestSpotTerminationHandler" time="0.000000">
			<skipped message="=== RUN   TestNodePool/HostedCluster0/Main/TestSpotTerminationHandler&#xA;=== PAUSE TestNodePool/HostedCluster0/Main/TestSpotTerminationHandler&#xA;=== CONT  TestNodePool/HostedCluster0/Main/TestSpotTerminationHandler&#xA;    nodepool_spot_termination_handler_test.go:83: test only supported on platform AWS&#xA;            --- SKIP: TestNodePool/HostedCluster0/Main/TestSpotTerminationHandler (0.00s)&#xA;"></skipped>
		</testcase>
		<testcase classname="" name="TestNodePool/HostedCluster0/Main/KubeVirtNodeSelectorTest" time="0.000000">
			<skipped message="=== RUN   TestNodePool/HostedCluster0/Main/KubeVirtNodeSelectorTest&#xA;=== PAUSE TestNodePool/HostedCluster0/Main/KubeVirtNodeSelectorTest&#xA;=== CONT  TestNodePool/HostedCluster0/Main/KubeVirtNodeSelectorTest&#xA;    nodepool_kv_nodeselector_test.go:48: test only supported on platform KubeVirt&#xA;            --- SKIP: TestNodePool/HostedCluster0/Main/KubeVirtNodeSelectorTest (0.00s)&#xA;"></skipped>
		</testcase>
		<testcase classname="" name="TestNodePool/HostedCluster0/Main/KubeVirtJsonPatchTest" time="0.000000">
			<skipped message="=== RUN   TestNodePool/HostedCluster0/Main/KubeVirtJsonPatchTest&#xA;=== PAUSE TestNodePool/HostedCluster0/Main/KubeVirtJsonPatchTest&#xA;=== CONT  TestNodePool/HostedCluster0/Main/KubeVirtJsonPatchTest&#xA;    nodepool_kv_jsonpatch_test.go:42: test only supported on platform KubeVirt&#xA;            --- SKIP: TestNodePool/HostedCluster0/Main/KubeVirtJsonPatchTest (0.00s)&#xA;"></skipped>
		</testcase>
		<testcase classname="" name="TestNodePool/HostedCluster0/Main/TestNodePoolPrevReleaseN2" time="0.000000">
			<skipped message="=== RUN   TestNodePool/HostedCluster0/Main/TestNodePoolPrevReleaseN2&#xA;=== PAUSE TestNodePool/HostedCluster0/Main/TestNodePoolPrevReleaseN2&#xA;=== CONT  TestNodePool/HostedCluster0/Main/TestNodePoolPrevReleaseN2&#xA;    nodepool_prev_release_test.go:33: Starting NodePoolPrevReleaseCreateTest.&#xA;    nodepool_prev_release_test.go:36: previous release wasn&#39;t set, skipping&#xA;            --- SKIP: TestNodePool/HostedCluster0/Main/TestNodePoolPrevReleaseN2 (0.00s)&#xA;"></skipped>
		</testcase>
		<testcase classname="" name="TestNodePool/HostedCluster0/Main/TestImageTypes" time="0.000000">
			<skipped message="=== RUN   TestNodePool/HostedCluster0/Main/TestImageTypes&#xA;=== PAUSE TestNodePool/HostedCluster0/Main/TestImageTypes&#xA;=== CONT  TestNodePool/HostedCluster0/Main/TestImageTypes&#xA;    nodepool_imagetype_test.go:46: test is only supported for AWS platform&#xA;            --- SKIP: TestNodePool/HostedCluster0/Main/TestImageTypes (0.00s)&#xA;"></skipped>
		</testcase>
		<testcase classname="" name="TestNodePool/HostedCluster0/Main/TestKMSRootVolumeEncryption" time="0.000000">
			<skipped message="=== RUN   TestNodePool/HostedCluster0/Main/TestKMSRootVolumeEncryption&#xA;=== PAUSE TestNodePool/HostedCluster0/Main/TestKMSRootVolumeEncryption&#xA;=== CONT  TestNodePool/HostedCluster0/Main/TestKMSRootVolumeEncryption&#xA;    nodepool_kms_root_volume_test.go:40: test only supported on platform AWS&#xA;            --- SKIP: TestNodePool/HostedCluster0/Main/TestKMSRootVolumeEncryption (0.00s)&#xA;"></skipped>
		</testcase>
		<testcase classname="" name="TestNodePool/HostedCluster0/Main/TestNodePoolPrevReleaseN1" time="0.000000">
			<skipped message="=== RUN   TestNodePool/HostedCluster0/Main/TestNodePoolPrevReleaseN1&#xA;=== PAUSE TestNodePool/HostedCluster0/Main/TestNodePoolPrevReleaseN1&#xA;=== CONT  TestNodePool/HostedCluster0/Main/TestNodePoolPrevReleaseN1&#xA;    nodepool_prev_release_test.go:33: Starting NodePoolPrevReleaseCreateTest.&#xA;    nodepool_prev_release_test.go:36: previous release wasn&#39;t set, skipping&#xA;            --- SKIP: TestNodePool/HostedCluster0/Main/TestNodePoolPrevReleaseN1 (0.00s)&#xA;"></skipped>
		</testcase>
		<testcase classname="" name="TestNodePool/HostedCluster0/Main/OpenStackAdvancedTest" time="0.000000">
			<skipped message="=== RUN   TestNodePool/HostedCluster0/Main/OpenStackAdvancedTest&#xA;=== PAUSE TestNodePool/HostedCluster0/Main/OpenStackAdvancedTest&#xA;=== CONT  TestNodePool/HostedCluster0/Main/OpenStackAdvancedTest&#xA;    nodepool_osp_advanced_test.go:53: Starting test OpenStackAdvancedTest&#xA;    nodepool_osp_advanced_test.go:56: test only supported on platform OpenStack&#xA;            --- SKIP: TestNodePool/HostedCluster0/Main/OpenStackAdvancedTest (0.00s)&#xA;"></skipped>
		</testcase>
		<testcase classname="" name="TestNodePool/HostedCluster0/Main/KubeVirtNodeMultinetTest" time="0.000000">
			<skipped message="=== RUN   TestNodePool/HostedCluster0/Main/KubeVirtNodeMultinetTest&#xA;=== PAUSE TestNodePool/HostedCluster0/Main/KubeVirtNodeMultinetTest&#xA;=== CONT  TestNodePool/HostedCluster0/Main/KubeVirtNodeMultinetTest&#xA;    nodepool_kv_multinet_test.go:36: test only supported on platform KubeVirt&#xA;            --- SKIP: TestNodePool/HostedCluster0/Main/KubeVirtNodeMultinetTest (0.00s)&#xA;"></skipped>
		</testcase>
		<testcase classname="" name="TestNodePool/HostedCluster0/Main/TestNodePoolAutoRepair" time="0.000000">
			<skipped message="=== RUN   TestNodePool/HostedCluster0/Main/TestNodePoolAutoRepair&#xA;=== PAUSE TestNodePool/HostedCluster0/Main/TestNodePoolAutoRepair&#xA;=== CONT  TestNodePool/HostedCluster0/Main/TestNodePoolAutoRepair&#xA;    nodepool_autorepair_test.go:41: test only supported on platform AWS&#xA;            --- SKIP: TestNodePool/HostedCluster0/Main/TestNodePoolAutoRepair (0.00s)&#xA;"></skipped>
		</testcase>
		<testcase classname="" name="TestNodePool/HostedCluster0/Main/TestNodePoolPrevReleaseN4" time="0.000000">
			<skipped message="=== RUN   TestNodePool/HostedCluster0/Main/TestNodePoolPrevReleaseN4&#xA;=== PAUSE TestNodePool/HostedCluster0/Main/TestNodePoolPrevReleaseN4&#xA;=== CONT  TestNodePool/HostedCluster0/Main/TestNodePoolPrevReleaseN4&#xA;    nodepool_prev_release_test.go:33: Starting NodePoolPrevReleaseCreateTest.&#xA;    nodepool_prev_release_test.go:36: previous release wasn&#39;t set, skipping&#xA;            --- SKIP: TestNodePool/HostedCluster0/Main/TestNodePoolPrevReleaseN4 (0.00s)&#xA;"></skipped>
		</testcase>
		<testcase classname="" name="TestNodePool/HostedCluster0/Main/TestNodePoolPrevReleaseN3" time="0.000000">
			<skipped message="=== RUN   TestNodePool/HostedCluster0/Main/TestNodePoolPrevReleaseN3&#xA;=== PAUSE TestNodePool/HostedCluster0/Main/TestNodePoolPrevReleaseN3&#xA;=== CONT  TestNodePool/HostedCluster0/Main/TestNodePoolPrevReleaseN3&#xA;    nodepool_prev_release_test.go:33: Starting NodePoolPrevReleaseCreateTest.&#xA;    nodepool_prev_release_test.go:36: previous release wasn&#39;t set, skipping&#xA;            --- SKIP: TestNodePool/HostedCluster0/Main/TestNodePoolPrevReleaseN3 (0.00s)&#xA;"></skipped>
		</testcase>
		<testcase classname="" name="TestNodePool/HostedCluster0/Main/TestNodePoolDay2Tags" time="0.000000">
			<skipped message="=== RUN   TestNodePool/HostedCluster0/Main/TestNodePoolDay2Tags&#xA;=== PAUSE TestNodePool/HostedCluster0/Main/TestNodePoolDay2Tags&#xA;=== CONT  TestNodePool/HostedCluster0/Main/TestNodePoolDay2Tags&#xA;    nodepool_day2_tags_test.go:44: test only supported on platform AWS&#xA;            --- SKIP: TestNodePool/HostedCluster0/Main/TestNodePoolDay2Tags (0.00s)&#xA;"></skipped>
		</testcase>
		<testcase classname="" name="TestNodePool/HostedCluster0/Main/KubeVirtCacheTest" time="0.000000">
			<skipped message="=== RUN   TestNodePool/HostedCluster0/Main/KubeVirtCacheTest&#xA;=== PAUSE TestNodePool/HostedCluster0/Main/KubeVirtCacheTest&#xA;=== CONT  TestNodePool/HostedCluster0/Main/KubeVirtCacheTest&#xA;    nodepool_kv_cache_image_test.go:42: test only supported on platform KubeVirt&#xA;            --- SKIP: TestNodePool/HostedCluster0/Main/KubeVirtCacheTest (0.00s)&#xA;"></skipped>
		</testcase>
		<testcase classname="" name="TestNodePool/HostedCluster0/Main/KubeVirtQoSClassGuaranteedTest" time="0.000000">
			<skipped message="=== RUN   TestNodePool/HostedCluster0/Main/KubeVirtQoSClassGuaranteedTest&#xA;=== PAUSE TestNodePool/HostedCluster0/Main/KubeVirtQoSClassGuaranteedTest&#xA;=== CONT  TestNodePool/HostedCluster0/Main/KubeVirtQoSClassGuaranteedTest&#xA;    nodepool_kv_qos_guaranteed_test.go:43: test only supported on platform KubeVirt&#xA;            --- SKIP: TestNodePool/HostedCluster0/Main/KubeVirtQoSClassGuaranteedTest (0.00s)&#xA;"></skipped>
		</testcase>
		<testcase classname="" name="TestNodePool/HostedCluster0/EnsureHostedCluster/EnsureNetworkPolicies" time="0.000000">
			<skipped message="=== RUN   TestNodePool/HostedCluster0/EnsureHostedCluster/EnsureNetworkPolicies&#xA;    util.go:1217: test only supported on AWS platform, saw Azure&#xA;            --- SKIP: TestNodePool/HostedCluster0/EnsureHostedCluster/EnsureNetworkPolicies (0.00s)&#xA;"></skipped>
		</testcase>
		<testcase classname="" name="TestAutoscaling/EnsureHostedCluster/EnsureNetworkPolicies" time="0.000000">
			<skipped message="=== RUN   TestAutoscaling/EnsureHostedCluster/EnsureNetworkPolicies&#xA;    util.go:1217: test only supported on AWS platform, saw Azure&#xA;        --- SKIP: TestAutoscaling/EnsureHostedCluster/EnsureNetworkPolicies (0.00s)&#xA;"></skipped>
		</testcase>
		<testcase classname="" name="TestAutoscaling/EnsureHostedCluster/EnsureNodeTuningOperatorMetricsEndpoint" time="0.010000">
			<skipped message="=== RUN   TestAutoscaling/EnsureHostedCluster/EnsureNodeTuningOperatorMetricsEndpoint&#xA;    util.go:4345: Cluster has no workers (total replicas: 0) - node-tuning-operator services not expected. Skipping metrics endpoint validation.&#xA;        --- SKIP: TestAutoscaling/EnsureHostedCluster/EnsureNodeTuningOperatorMetricsEndpoint (0.01s)&#xA;"></skipped>
		</testcase>
		<testcase classname="" name="TestNodePoolMultiArch" time="0.000000"></testcase>
		<testcase classname="" name="TestHAEtcdChaos/ValidateHostedCluster" time="0.000000"></testcase>
		<testcase classname="" name="TestHAEtcdChaos/Main/SingleMemberRecoveryWithCorruption" time="0.000000"></testcase>
		<testcase classname="" name="TestHAEtcdChaos/Main/SingleMissingMemberRecovery" time="0.000000"></testcase>
		<testcase classname="" name="TestHAEtcdChaos/Main/SingleMemberRecovery" time="0.000000"></testcase>
		<testcase classname="" name="TestHAEtcdChaos/Main/KillAllMembers" time="0.000000"></testcase>
		<testcase classname="" name="TestHAEtcdChaos/Main/KillRandomMembers" time="0.000000"></testcase>
		<testcase classname="" name="TestHAEtcdChaos/Main" time="0.000000"></testcase>
		<testcase classname="" name="TestHAEtcdChaos/EnsureHostedCluster/EnsurePayloadArchSetCorrectly" time="3.030000"></testcase>
		<testcase classname="" name="TestHAEtcdChaos/EnsureHostedCluster/EnsurePodsWithEmptyDirPVsHaveSafeToEvictAnnotations" time="0.010000"></testcase>
		<testcase classname="" name="TestHAEtcdChaos/EnsureHostedCluster/EnsureReadOnlyRootFilesystem" time="0.010000"></testcase>
		<testcase classname="" name="TestHAEtcdChaos/EnsureHostedCluster/EnsureReadOnlyRootFilesystemTmpDirMount" time="0.010000"></testcase>
		<testcase classname="" name="TestHAEtcdChaos/EnsureHostedCluster/EnsureAllContainersHavePullPolicyIfNotPresent" time="0.010000"></testcase>
		<testcase classname="" name="TestHAEtcdChaos/EnsureHostedCluster/EnsureAllContainersHaveTerminationMessagePolicyFallbackToLogsOnError" time="0.060000"></testcase>
		<testcase classname="" name="TestHAEtcdChaos/EnsureHostedCluster/EnsureHCPContainersHaveResourceRequests" time="0.010000"></testcase>
		<testcase classname="" name="TestHAEtcdChaos/EnsureHostedCluster/EnsureNoPodsWithTooHighPriority" time="0.010000"></testcase>
		<testcase classname="" name="TestHAEtcdChaos/EnsureHostedCluster/EnsureNoRapidDeploymentRollouts" time="0.020000"></testcase>
		<testcase classname="" name="TestHAEtcdChaos/EnsureHostedCluster/NoticePreemptionOrFailedScheduling" time="0.010000"></testcase>
		<testcase classname="" name="TestHAEtcdChaos/EnsureHostedCluster/EnsureSATokenNotMountedUnlessNecessary" time="0.010000"></testcase>
		<testcase classname="" name="TestHAEtcdChaos/EnsureHostedCluster" time="3.220000"></testcase>
		<testcase classname="" name="TestHAEtcdChaos/Teardown" time="52.460000"></testcase>
		<testcase classname="" name="TestHAEtcdChaos/PostTeardown" time="0.000000"></testcase>
		<testcase classname="" name="TestHAEtcdChaos" time="60.110000"></testcase>
		<testcase classname="" name="TestCreateClusterDefaultSecurityContextUID" time="240.140000"></testcase>
		<testcase classname="" name="TestCreateClusterCustomConfig/ValidateHostedCluster/EnsureNodeCountMatchesNodePoolReplicas" time="0.070000"></testcase>
		<testcase classname="" name="TestCreateClusterCustomConfig/ValidateHostedCluster/EnsureNoCrashingPods" time="0.030000"></testcase>
		<testcase classname="" name="TestCreateClusterCustomConfig/ValidateHostedCluster/EnsureOAPIMountsTrustBundle" time="0.470000"></testcase>
		<testcase classname="" name="TestCreateClusterCustomConfig/ValidateHostedCluster/EnsureGuestWebhooksValidated" time="5.030000"></testcase>
		<testcase classname="" name="TestCreateClusterCustomConfig/ValidateHostedCluster/EnsureNodeCommunication" time="0.080000"></testcase>
		<testcase classname="" name="TestCreateClusterCustomConfig/ValidateHostedCluster/ValidateConfigurationStatus" time="0.060000"></testcase>
		<testcase classname="" name="TestCreateClusterCustomConfig/ValidateHostedCluster" time="1013.160000"></testcase>
		<testcase classname="" name="TestCreateClusterCustomConfig/Main/EnsureSecretEncryptedUsingKMSV2" time="0.310000"></testcase>
		<testcase classname="" name="TestCreateClusterCustomConfig/Main/EnsureOAuthWithIdentityProvider" time="12.730000"></testcase>
		<testcase classname="" name="TestCreateClusterCustomConfig/Main/EnsureImageRegistryCapabilityDisabled" time="10.190000"></testcase>
		<testcase classname="" name="TestCreateClusterCustomConfig/Main/EnsureOpenshiftSamplesCapabilityDisabled" time="0.020000"></testcase>
		<testcase classname="" name="TestCreateClusterCustomConfig/Main/EnsureInsightsCapabilityDisabled" time="0.020000"></testcase>
		<testcase classname="" name="TestCreateClusterCustomConfig/Main/EnsureConsoleCapabilityDisabled" time="0.020000"></testcase>
		<testcase classname="" name="TestCreateClusterCustomConfig/Main/EnsureNodeTuningCapabilityDisabled" time="0.200000"></testcase>
		<testcase classname="" name="TestCreateClusterCustomConfig/Main/EnsureIngressCapabilityDisabled" time="0.110000"></testcase>
		<testcase classname="" name="TestCreateClusterCustomConfig/Main/EnsureCNOOperatorConfiguration" time="3.140000"></testcase>
		<testcase classname="" name="TestCreateClusterCustomConfig/Main" time="26.850000"></testcase>
		<testcase classname="" name="TestCreateClusterCustomConfig/EnsureHostedCluster/EnsurePayloadArchSetCorrectly" time="0.040000"></testcase>
		<testcase classname="" name="TestCreateClusterCustomConfig/EnsureHostedCluster/EnsurePodsWithEmptyDirPVsHaveSafeToEvictAnnotations" time="0.020000"></testcase>
		<testcase classname="" name="TestCreateClusterCustomConfig/EnsureHostedCluster/EnsureReadOnlyRootFilesystem" time="0.030000"></testcase>
		<testcase classname="" name="TestCreateClusterCustomConfig/EnsureHostedCluster/EnsureReadOnlyRootFilesystemTmpDirMount" time="0.030000"></testcase>
		<testcase classname="" name="TestCreateClusterCustomConfig/EnsureHostedCluster/EnsureAllContainersHavePullPolicyIfNotPresent" time="0.030000"></testcase>
		<testcase classname="" name="TestCreateClusterCustomConfig/EnsureHostedCluster/EnsureAllContainersHaveTerminationMessagePolicyFallbackToLogsOnError" time="0.030000"></testcase>
		<testcase classname="" name="TestCreateClusterCustomConfig/EnsureHostedCluster/EnsureHCPContainersHaveResourceRequests" time="0.190000"></testcase>
		<testcase classname="" name="TestCreateClusterCustomConfig/EnsureHostedCluster/EnsureNoPodsWithTooHighPriority" time="0.020000"></testcase>
		<testcase classname="" name="TestCreateClusterCustomConfig/EnsureHostedCluster/EnsureNoRapidDeploymentRollouts" time="0.190000"></testcase>
		<testcase classname="" name="TestCreateClusterCustomConfig/EnsureHostedCluster/NoticePreemptionOrFailedScheduling" time="0.070000"></testcase>
		<testcase classname="" name="TestCreateClusterCustomConfig/EnsureHostedCluster/EnsureAllRoutesUseHCPRouter" time="0.020000"></testcase>
		<testcase classname="" name="TestCreateClusterCustomConfig/EnsureHostedCluster/EnsureSATokenNotMountedUnlessNecessary" time="0.020000"></testcase>
		<testcase classname="" name="TestCreateClusterCustomConfig/EnsureHostedCluster/EnsureValidatingAdmissionPoliciesExists" time="0.020000"></testcase>
		<testcase classname="" name="TestCreateClusterCustomConfig/EnsureHostedCluster/EnsureValidatingAdmissionPoliciesCheckDeniedRequests" time="0.030000"></testcase>
		<testcase classname="" name="TestCreateClusterCustomConfig/EnsureHostedCluster/EnsureValidatingAdmissionPoliciesDontBlockStatusModifications" time="0.030000"></testcase>
		<testcase classname="" name="TestCreateClusterCustomConfig/EnsureHostedCluster/EnsureSecurityContextUID" time="0.660000"></testcase>
		<testcase classname="" name="TestCreateClusterCustomConfig/EnsureHostedCluster/ValidateMetricsAreExposed" time="0.380000"></testcase>
		<testcase classname="" name="TestCreateClusterCustomConfig/EnsureHostedCluster" time="2.000000"></testcase>
		<testcase classname="" name="TestCreateClusterCustomConfig/Teardown" time="568.340000"></testcase>
		<testcase classname="" name="TestCreateClusterCustomConfig/PostTeardown/ValidateMetricsAreExposed" time="0.290000"></testcase>
		<testcase classname="" name="TestCreateClusterCustomConfig/PostTeardown" time="0.290000"></testcase>
		<testcase classname="" name="TestCreateClusterCustomConfig" time="1753.890000"></testcase>
		<testcase classname="" name="TestAzureScheduler/ValidateHostedCluster/EnsureNodeCountMatchesNodePoolReplicas" time="0.060000"></testcase>
		<testcase classname="" name="TestAzureScheduler/ValidateHostedCluster/EnsureNoCrashingPods" time="0.030000"></testcase>
		<testcase classname="" name="TestAzureScheduler/ValidateHostedCluster/EnsureOAPIMountsTrustBundle" time="0.290000"></testcase>
		<testcase classname="" name="TestAzureScheduler/ValidateHostedCluster/EnsureGuestWebhooksValidated" time="5.030000"></testcase>
		<testcase classname="" name="TestAzureScheduler/ValidateHostedCluster/EnsureNodeCommunication" time="0.090000"></testcase>
		<testcase classname="" name="TestAzureScheduler/ValidateHostedCluster/ValidateConfigurationStatus" time="0.070000"></testcase>
		<testcase classname="" name="TestAzureScheduler/ValidateHostedCluster" time="773.120000"></testcase>
		<testcase classname="" name="TestAzureScheduler/Main" time="340.810000"></testcase>
		<testcase classname="" name="TestAzureScheduler/EnsureHostedCluster/EnsurePayloadArchSetCorrectly" time="0.030000"></testcase>
		<testcase classname="" name="TestAzureScheduler/EnsureHostedCluster/EnsurePodsWithEmptyDirPVsHaveSafeToEvictAnnotations" time="0.080000"></testcase>
		<testcase classname="" name="TestAzureScheduler/EnsureHostedCluster/EnsureReadOnlyRootFilesystem" time="0.030000"></testcase>
		<testcase classname="" name="TestAzureScheduler/EnsureHostedCluster/EnsureReadOnlyRootFilesystemTmpDirMount" time="0.050000"></testcase>
		<testcase classname="" name="TestAzureScheduler/EnsureHostedCluster/EnsureAllContainersHavePullPolicyIfNotPresent" time="0.050000"></testcase>
		<testcase classname="" name="TestAzureScheduler/EnsureHostedCluster/EnsureAllContainersHaveTerminationMessagePolicyFallbackToLogsOnError" time="0.040000"></testcase>
		<testcase classname="" name="TestAzureScheduler/EnsureHostedCluster/EnsureHCPContainersHaveResourceRequests" time="0.030000"></testcase>
		<testcase classname="" name="TestAzureScheduler/EnsureHostedCluster/EnsureNoPodsWithTooHighPriority" time="0.030000"></testcase>
		<testcase classname="" name="TestAzureScheduler/EnsureHostedCluster/EnsureNoRapidDeploymentRollouts" time="0.050000"></testcase>
		<testcase classname="" name="TestAzureScheduler/EnsureHostedCluster/NoticePreemptionOrFailedScheduling" time="0.040000"></testcase>
		<testcase classname="" name="TestAzureScheduler/EnsureHostedCluster/EnsureAllRoutesUseHCPRouter" time="0.020000"></testcase>
		<testcase classname="" name="TestAzureScheduler/EnsureHostedCluster/EnsureNodeTuningOperatorMetricsEndpoint" time="0.440000"></testcase>
		<testcase classname="" name="TestAzureScheduler/EnsureHostedCluster/EnsureSATokenNotMountedUnlessNecessary" time="0.050000"></testcase>
		<testcase classname="" name="TestAzureScheduler/EnsureHostedCluster/EnsureValidatingAdmissionPoliciesExists" time="0.020000"></testcase>
		<testcase classname="" name="TestAzureScheduler/EnsureHostedCluster/EnsureValidatingAdmissionPoliciesCheckDeniedRequests" time="0.030000"></testcase>
		<testcase classname="" name="TestAzureScheduler/EnsureHostedCluster/EnsureValidatingAdmissionPoliciesDontBlockStatusModifications" time="0.030000"></testcase>
		<testcase classname="" name="TestAzureScheduler/EnsureHostedCluster/EnsureSecurityContextUID" time="0.790000"></testcase>
		<testcase classname="" name="TestAzureScheduler/EnsureHostedCluster/ValidateMetricsAreExposed" time="0.340000"></testcase>
		<testcase classname="" name="TestAzureScheduler/EnsureHostedCluster" time="2.330000"></testcase>
		<testcase classname="" name="TestAzureScheduler/Teardown" time="596.690000"></testcase>
		<testcase classname="" name="TestAzureScheduler/PostTeardown/ValidateMetricsAreExposed" time="0.310000"></testcase>
		<testcase classname="" name="TestAzureScheduler/PostTeardown" time="0.310000"></testcase>
		<testcase classname="" name="TestAzureScheduler" time="1852.870000"></testcase>
		<testcase classname="" name="TestCreateCluster/ValidateHostedCluster/EnsureNodeCountMatchesNodePoolReplicas" time="0.070000"></testcase>
		<testcase classname="" name="TestCreateCluster/ValidateHostedCluster/EnsureNoCrashingPods" time="0.040000"></testcase>
		<testcase classname="" name="TestCreateCluster/ValidateHostedCluster/EnsureOAPIMountsTrustBundle" time="0.300000"></testcase>
		<testcase classname="" name="TestCreateCluster/ValidateHostedCluster/EnsureGuestWebhooksValidated" time="5.030000"></testcase>
		<testcase classname="" name="TestCreateCluster/ValidateHostedCluster/EnsureNodeCommunication" time="0.090000"></testcase>
		<testcase classname="" name="TestCreateCluster/ValidateHostedCluster/ValidateConfigurationStatus" time="0.060000"></testcase>
		<testcase classname="" name="TestCreateCluster/ValidateHostedCluster" time="759.860000"></testcase>
		<testcase classname="" name="TestCreateCluster/Main/break-glass-credentials/independent_signers" time="156.320000"></testcase>
		<testcase classname="" name="TestCreateCluster/Main/break-glass-credentials/customer-break-glass/direct_fetch" time="0.070000"></testcase>
		<testcase classname="" name="TestCreateCluster/Main/break-glass-credentials/customer-break-glass/CSR_flow/invalid_CN_flagged_in_status" time="3.070000"></testcase>
		<testcase classname="" name="TestCreateCluster/Main/break-glass-credentials/customer-break-glass/CSR_flow/revocation" time="129.070000"></testcase>
		<testcase classname="" name="TestCreateCluster/Main/break-glass-credentials/customer-break-glass/CSR_flow" time="135.240000"></testcase>
		<testcase classname="" name="TestCreateCluster/Main/break-glass-credentials/customer-break-glass" time="135.310000"></testcase>
		<testcase classname="" name="TestCreateCluster/Main/break-glass-credentials/sre-break-glass/direct_fetch" time="0.080000"></testcase>
		<testcase classname="" name="TestCreateCluster/Main/break-glass-credentials/sre-break-glass/CSR_flow/invalid_CN_flagged_in_status" time="3.070000"></testcase>
		<testcase classname="" name="TestCreateCluster/Main/break-glass-credentials/sre-break-glass/CSR_flow/revocation" time="129.070000"></testcase>
		<testcase classname="" name="TestCreateCluster/Main/break-glass-credentials/sre-break-glass/CSR_flow" time="135.240000"></testcase>
		<testcase classname="" name="TestCreateCluster/Main/break-glass-credentials/sre-break-glass" time="135.320000"></testcase>
		<testcase classname="" name="TestCreateCluster/Main/break-glass-credentials" time="156.320000"></testcase>
		<testcase classname="" name="TestCreateCluster/Main/EnsureHostedClusterImmutability" time="0.130000"></testcase>
		<testcase classname="" name="TestCreateCluster/Main/EnsureHostedClusterCapabilitiesImmutability" time="0.070000"></testcase>
		<testcase classname="" name="TestCreateCluster/Main/EnsureCustomLabels" time="0.030000"></testcase>
		<testcase classname="" name="TestCreateCluster/Main/EnsureCustomTolerations" time="0.030000"></testcase>
		<testcase classname="" name="TestCreateCluster/Main/EnsureAppLabel" time="0.020000"></testcase>
		<testcase classname="" name="TestCreateCluster/Main/EnsureFeatureGateStatus" time="0.070000"></testcase>
		<testcase classname="" name="TestCreateCluster/Main/EnsureCAPIFinalizers" time="0.040000"></testcase>
		<testcase classname="" name="TestCreateCluster/Main/EnsureKubeAPIDNSNameCustomCert/EnsureCustomAdminKubeconfigStatusExists" time="0.000000"></testcase>
		<testcase classname="" name="TestCreateCluster/Main/EnsureKubeAPIDNSNameCustomCert/EnsureCustomAdminKubeconfigExists" time="0.030000"></testcase>
		<testcase classname="" name="TestCreateCluster/Main/EnsureKubeAPIDNSNameCustomCert/EnsureCustomAdminKubeconfigReachesTheKAS" time="0.070000"></testcase>
		<testcase classname="" name="TestCreateCluster/Main/EnsureKubeAPIDNSNameCustomCert/EnsureCustomAdminKubeconfigInfraStatusIsUpdated" time="0.020000"></testcase>
		<testcase classname="" name="TestCreateCluster/Main/EnsureKubeAPIDNSNameCustomCert/EnsureCustomAdminKubeconfigIsRemoved" time="0.020000"></testcase>
		<testcase classname="" name="TestCreateCluster/Main/EnsureKubeAPIDNSNameCustomCert/EnsureCustomAdminKubeconfigStatusIsRemoved" time="0.000000"></testcase>
		<testcase classname="" name="TestCreateCluster/Main/EnsureKubeAPIDNSNameCustomCert" time="81.870000"></testcase>
		<testcase classname="" name="TestCreateCluster/Main/EnsureKubeAPIServerAllowedCIDRs" time="34.580000"></testcase>
		<testcase classname="" name="TestCreateCluster/Main/EnsureAzureWorkloadIdentityWebhookMutation" time="1.320000"></testcase>
		<testcase classname="" name="TestCreateCluster/Main/EnsureGlobalPullSecret/Check_Replace_nodes_have_globalPS_label_from_CAPI_propagation" time="0.030000"></testcase>
		<testcase classname="" name="TestCreateCluster/Main/EnsureGlobalPullSecret/Check_if_GlobalPullSecret_secret_is_in_the_right_place_at_Dataplane" time="5.020000"></testcase>
		<testcase classname="" name="TestCreateCluster/Main/EnsureGlobalPullSecret/Check_if_the_DaemonSet_is_present_in_the_DataPlane" time="0.020000"></testcase>
		<testcase classname="" name="TestCreateCluster/Main/EnsureGlobalPullSecret/Wait_for_critical_DaemonSets_to_be_ready_-_first_check" time="0.060000"></testcase>
		<testcase classname="" name="TestCreateCluster/Main/EnsureGlobalPullSecret/Create_a_pod_which_uses_the_restricted_image,_should_fail" time="140.380000"></testcase>
		<testcase classname="" name="TestCreateCluster/Main/EnsureGlobalPullSecret/Modify_the_additional-pull-secret_secret_in_the_DataPlane_by_adding_the_valid_pull_secret" time="0.020000"></testcase>
		<testcase classname="" name="TestCreateCluster/Main/EnsureGlobalPullSecret/Check_if_GlobalPullSecret_secret_is_updated_in_the_DataPlane" time="0.010000"></testcase>
		<testcase classname="" name="TestCreateCluster/Main/EnsureGlobalPullSecret/Wait_for_critical_DaemonSets_to_be_ready_-_second_check" time="60.030000"></testcase>
		<testcase classname="" name="TestCreateCluster/Main/EnsureGlobalPullSecret/Create_a_pod_which_uses_the_restricted_image,_should_succeed" time="5.060000"></testcase>
		<testcase classname="" name="TestCreateCluster/Main/EnsureGlobalPullSecret/Check_if_the_GlobalPullSecret_secret_is_deleted_in_the_DataPlane" time="5.020000"></testcase>
		<testcase classname="" name="TestCreateCluster/Main/EnsureGlobalPullSecret/Wait_for_pull_secret_synchronization_to_stabilize_across_all_nodes" time="10.010000"></testcase>
		<testcase classname="" name="TestCreateCluster/Main/EnsureGlobalPullSecret/Check_if_the_config.json_is_correct_in_all_of_the_nodes" time="10.140000"></testcase>
		<testcase classname="" name="TestCreateCluster/Main/EnsureGlobalPullSecret" time="235.950000"></testcase>
		<testcase classname="" name="TestCreateCluster/Main/EnsureIngressOperatorConfiguration" time="0.020000"></testcase>
		<testcase classname="" name="TestCreateCluster/Teardown" time="546.520000"></testcase>
		<testcase classname="" name="TestUpgradeControlPlane/ValidateHostedCluster/EnsureNodeCountMatchesNodePoolReplicas" time="0.060000"></testcase>
		<testcase classname="" name="TestUpgradeControlPlane/ValidateHostedCluster/EnsureNoCrashingPods" time="0.050000"></testcase>
		<testcase classname="" name="TestUpgradeControlPlane/ValidateHostedCluster/EnsureOAPIMountsTrustBundle" time="0.390000"></testcase>
		<testcase classname="" name="TestUpgradeControlPlane/ValidateHostedCluster/EnsureGuestWebhooksValidated" time="5.030000"></testcase>
		<testcase classname="" name="TestUpgradeControlPlane/ValidateHostedCluster/EnsureNodeCommunication" time="0.140000"></testcase>
		<testcase classname="" name="TestUpgradeControlPlane/ValidateHostedCluster/ValidateConfigurationStatus" time="0.060000"></testcase>
		<testcase classname="" name="TestUpgradeControlPlane/ValidateHostedCluster" time="949.150000"></testcase>
		<testcase classname="" name="TestUpgradeControlPlane/Main/Wait_for_control_plane_components_to_complete_rollout" time="1000.020000"></testcase>
		<testcase classname="" name="TestUpgradeControlPlane/Main/Wait_for_control_plane_version_to_complete_rollout" time="0.020000"></testcase>
		<testcase classname="" name="TestUpgradeControlPlane/Main/EnsureFeatureGateStatus" time="0.080000"></testcase>
		<testcase classname="" name="TestUpgradeControlPlane/Main/EnsureNodeCountMatchesNodePoolReplicas" time="0.040000"></testcase>
		<testcase classname="" name="TestUpgradeControlPlane/Main/EnsureNoCrashingPods" time="0.040000"></testcase>
		<testcase classname="" name="TestUpgradeControlPlane/Main/EnsureMachineDeploymentGeneration" time="0.030000"></testcase>
		<testcase classname="" name="TestUpgradeControlPlane/Main" time="1045.960000"></testcase>
		<testcase classname="" name="TestUpgradeControlPlane/EnsureHostedCluster/EnsurePayloadArchSetCorrectly" time="0.050000"></testcase>
		<testcase classname="" name="TestUpgradeControlPlane/EnsureHostedCluster/EnsurePodsWithEmptyDirPVsHaveSafeToEvictAnnotations" time="0.030000"></testcase>
		<testcase classname="" name="TestUpgradeControlPlane/EnsureHostedCluster/EnsureReadOnlyRootFilesystem" time="0.040000"></testcase>
		<testcase classname="" name="TestUpgradeControlPlane/EnsureHostedCluster/EnsureReadOnlyRootFilesystemTmpDirMount" time="0.060000"></testcase>
		<testcase classname="" name="TestUpgradeControlPlane/EnsureHostedCluster/EnsureAllContainersHavePullPolicyIfNotPresent" time="0.040000"></testcase>
		<testcase classname="" name="TestUpgradeControlPlane/EnsureHostedCluster/EnsureAllContainersHaveTerminationMessagePolicyFallbackToLogsOnError" time="0.030000"></testcase>
		<testcase classname="" name="TestUpgradeControlPlane/EnsureHostedCluster/EnsureHCPContainersHaveResourceRequests" time="0.040000"></testcase>
		<testcase classname="" name="TestUpgradeControlPlane/EnsureHostedCluster/EnsureNoPodsWithTooHighPriority" time="0.030000"></testcase>
		<testcase classname="" name="TestUpgradeControlPlane/EnsureHostedCluster/EnsureNoRapidDeploymentRollouts" time="0.030000"></testcase>
		<testcase classname="" name="TestUpgradeControlPlane/EnsureHostedCluster/NoticePreemptionOrFailedScheduling" time="0.120000"></testcase>
		<testcase classname="" name="TestUpgradeControlPlane/EnsureHostedCluster/EnsureAllRoutesUseHCPRouter" time="0.020000"></testcase>
		<testcase classname="" name="TestUpgradeControlPlane/EnsureHostedCluster/EnsureNodeTuningOperatorMetricsEndpoint" time="0.360000"></testcase>
		<testcase classname="" name="TestUpgradeControlPlane/EnsureHostedCluster/EnsureSATokenNotMountedUnlessNecessary" time="0.030000"></testcase>
		<testcase classname="" name="TestUpgradeControlPlane/EnsureHostedCluster/EnsureValidatingAdmissionPoliciesExists" time="0.020000"></testcase>
		<testcase classname="" name="TestUpgradeControlPlane/EnsureHostedCluster/EnsureValidatingAdmissionPoliciesCheckDeniedRequests" time="0.070000"></testcase>
		<testcase classname="" name="TestUpgradeControlPlane/EnsureHostedCluster/EnsureValidatingAdmissionPoliciesDontBlockStatusModifications" time="0.030000"></testcase>
		<testcase classname="" name="TestUpgradeControlPlane/EnsureHostedCluster/EnsureSecurityContextUID" time="0.760000"></testcase>
		<testcase classname="" name="TestUpgradeControlPlane/EnsureHostedCluster/ValidateMetricsAreExposed" time="0.320000"></testcase>
		<testcase classname="" name="TestUpgradeControlPlane/EnsureHostedCluster" time="2.230000"></testcase>
		<testcase classname="" name="TestUpgradeControlPlane/Teardown" time="593.330000"></testcase>
		<testcase classname="" name="TestUpgradeControlPlane/PostTeardown/ValidateMetricsAreExposed" time="0.330000"></testcase>
		<testcase classname="" name="TestUpgradeControlPlane/PostTeardown" time="0.330000"></testcase>
		<testcase classname="" name="TestUpgradeControlPlane" time="2734.420000"></testcase>
		<testcase classname="" name="TestNodePool/HostedCluster2/ValidateHostedCluster/EnsureNodeCountMatchesNodePoolReplicas" time="0.060000"></testcase>
		<testcase classname="" name="TestNodePool/HostedCluster2/ValidateHostedCluster/EnsureNoCrashingPods" time="0.040000"></testcase>
		<testcase classname="" name="TestNodePool/HostedCluster2/ValidateHostedCluster/EnsureOAPIMountsTrustBundle" time="0.320000"></testcase>
		<testcase classname="" name="TestNodePool/HostedCluster2/ValidateHostedCluster/EnsureGuestWebhooksValidated" time="5.030000"></testcase>
		<testcase classname="" name="TestNodePool/HostedCluster2/ValidateHostedCluster/ValidateConfigurationStatus" time="0.060000"></testcase>
		<testcase classname="" name="TestNodePool/HostedCluster2/ValidateHostedCluster" time="490.060000"></testcase>
		<testcase classname="" name="TestNodePool/HostedCluster2/Main/TestAdditionalTrustBundlePropagation/AdditionalTrustBundlePropagationTest" time="1150.290000"></testcase>
		<testcase classname="" name="TestNodePool/HostedCluster2/Main/TestAdditionalTrustBundlePropagation" time="1456.350000"></testcase>
		<testcase classname="" name="TestNodePool/HostedCluster2/Main" time="0.060000"></testcase>
		<testcase classname="" name="TestNodePool/HostedCluster2/EnsureHostedCluster/EnsurePayloadArchSetCorrectly" time="0.030000"></testcase>
		<testcase classname="" name="TestNodePool/HostedCluster2/EnsureHostedCluster/EnsurePodsWithEmptyDirPVsHaveSafeToEvictAnnotations" time="0.030000"></testcase>
		<testcase classname="" name="TestNodePool/HostedCluster2/EnsureHostedCluster/EnsureReadOnlyRootFilesystem" time="0.020000"></testcase>
		<testcase classname="" name="TestNodePool/HostedCluster2/EnsureHostedCluster/EnsureReadOnlyRootFilesystemTmpDirMount" time="0.080000"></testcase>
		<testcase classname="" name="TestNodePool/HostedCluster2/EnsureHostedCluster/EnsureAllContainersHavePullPolicyIfNotPresent" time="0.040000"></testcase>
		<testcase classname="" name="TestNodePool/HostedCluster2/EnsureHostedCluster/EnsureAllContainersHaveTerminationMessagePolicyFallbackToLogsOnError" time="0.030000"></testcase>
		<testcase classname="" name="TestNodePool/HostedCluster2/EnsureHostedCluster/EnsureHCPContainersHaveResourceRequests" time="0.020000"></testcase>
		<testcase classname="" name="TestNodePool/HostedCluster2/EnsureHostedCluster/EnsureNoPodsWithTooHighPriority" time="0.030000"></testcase>
		<testcase classname="" name="TestNodePool/HostedCluster2/EnsureHostedCluster/EnsureNoRapidDeploymentRollouts" time="0.030000"></testcase>
		<testcase classname="" name="TestNodePool/HostedCluster2/EnsureHostedCluster/NoticePreemptionOrFailedScheduling" time="0.060000"></testcase>
		<testcase classname="" name="TestNodePool/HostedCluster2/EnsureHostedCluster/EnsureAllRoutesUseHCPRouter" time="0.020000"></testcase>
		<testcase classname="" name="TestNodePool/HostedCluster2/EnsureHostedCluster/EnsureNodeTuningOperatorMetricsEndpoint" time="0.330000"></testcase>
		<testcase classname="" name="TestNodePool/HostedCluster2/EnsureHostedCluster/EnsureSATokenNotMountedUnlessNecessary" time="0.020000"></testcase>
		<testcase classname="" name="TestNodePool/HostedCluster2/EnsureHostedCluster/EnsureValidatingAdmissionPoliciesExists" time="0.020000"></testcase>
		<testcase classname="" name="TestNodePool/HostedCluster2/EnsureHostedCluster/EnsureValidatingAdmissionPoliciesCheckDeniedRequests" time="0.030000"></testcase>
		<testcase classname="" name="TestNodePool/HostedCluster2/EnsureHostedCluster/EnsureValidatingAdmissionPoliciesDontBlockStatusModifications" time="0.040000"></testcase>
		<testcase classname="" name="TestNodePool/HostedCluster2/EnsureHostedCluster/EnsureSecurityContextUID" time="0.750000"></testcase>
		<testcase classname="" name="TestNodePool/HostedCluster2/EnsureHostedCluster/ValidateMetricsAreExposed" time="0.350000"></testcase>
		<testcase classname="" name="TestNodePool/HostedCluster2/EnsureHostedCluster" time="2.070000"></testcase>
		<testcase classname="" name="TestNodePool/HostedCluster2/Teardown" time="584.610000"></testcase>
		<testcase classname="" name="TestNodePool/HostedCluster2/PostTeardown/ValidateMetricsAreExposed" time="0.330000"></testcase>
		<testcase classname="" name="TestNodePool/HostedCluster2/PostTeardown" time="0.330000"></testcase>
		<testcase classname="" name="TestNodePool/HostedCluster2" time="2667.050000"></testcase>
		<testcase classname="" name="TestNodePool/HostedCluster0/ValidateHostedCluster/EnsureNodeCountMatchesNodePoolReplicas" time="0.060000"></testcase>
		<testcase classname="" name="TestNodePool/HostedCluster0/ValidateHostedCluster/EnsureNoCrashingPods" time="0.070000"></testcase>
		<testcase classname="" name="TestNodePool/HostedCluster0/ValidateHostedCluster/EnsureOAPIMountsTrustBundle" time="0.480000"></testcase>
		<testcase classname="" name="TestNodePool/HostedCluster0/ValidateHostedCluster/EnsureGuestWebhooksValidated" time="5.030000"></testcase>
		<testcase classname="" name="TestNodePool/HostedCluster0/ValidateHostedCluster/ValidateConfigurationStatus" time="0.050000"></testcase>
		<testcase classname="" name="TestNodePool/HostedCluster0/ValidateHostedCluster" time="405.030000"></testcase>
		<testcase classname="" name="TestNodePool/HostedCluster0/Main/TestNTOPerformanceProfile" time="381.460000"></testcase>
		<testcase classname="" name="TestNodePool/HostedCluster0/Main/TestMirrorConfigs" time="423.160000"></testcase>
		<testcase classname="" name="TestNodePool/HostedCluster0/Main/TestNodepoolMachineconfigGetsRolledout/EnsureNoCrashingPods" time="0.080000"></testcase>
		<testcase classname="" name="TestNodePool/HostedCluster0/Main/TestNodepoolMachineconfigGetsRolledout/EnsureAllContainersHavePullPolicyIfNotPresent" time="0.020000"></testcase>
		<testcase classname="" name="TestNodePool/HostedCluster0/Main/TestNodepoolMachineconfigGetsRolledout/EnsureHCPContainersHaveResourceRequests" time="0.070000"></testcase>
		<testcase classname="" name="TestNodePool/HostedCluster0/Main/TestNodepoolMachineconfigGetsRolledout/EnsureNoPodsWithTooHighPriority" time="0.080000"></testcase>
		<testcase classname="" name="TestNodePool/HostedCluster0/Main/TestNodepoolMachineconfigGetsRolledout" time="741.490000"></testcase>
		<testcase classname="" name="TestNodePool/HostedCluster0/Main/TestNodePoolInPlaceUpgrade" time="802.470000"></testcase>
		<testcase classname="" name="TestNodePool/HostedCluster0/Main/TestNodePoolReplaceUpgrade" time="874.430000"></testcase>
		<testcase classname="" name="TestNodePool/HostedCluster0/Main/TestNTOMachineConfigAppliedInPlace/EnsureNoCrashingPods" time="0.040000"></testcase>
		<testcase classname="" name="TestNodePool/HostedCluster0/Main/TestNTOMachineConfigAppliedInPlace/EnsureAllContainersHavePullPolicyIfNotPresent" time="0.030000"></testcase>
		<testcase classname="" name="TestNodePool/HostedCluster0/Main/TestNTOMachineConfigAppliedInPlace/EnsureHCPContainersHaveResourceRequests" time="0.070000"></testcase>
		<testcase classname="" name="TestNodePool/HostedCluster0/Main/TestNTOMachineConfigAppliedInPlace/EnsureNoPodsWithTooHighPriority" time="0.030000"></testcase>
		<testcase classname="" name="TestNodePool/HostedCluster0/Main/TestNTOMachineConfigAppliedInPlace" time="883.370000"></testcase>
		<testcase classname="" name="TestNodePool/HostedCluster0/Main/TestNTOMachineConfigGetsRolledOut/EnsureNoCrashingPods" time="0.030000"></testcase>
		<testcase classname="" name="TestNodePool/HostedCluster0/Main/TestNTOMachineConfigGetsRolledOut/EnsureAllContainersHavePullPolicyIfNotPresent" time="0.030000"></testcase>
		<testcase classname="" name="TestNodePool/HostedCluster0/Main/TestNTOMachineConfigGetsRolledOut/EnsureHCPContainersHaveResourceRequests" time="0.070000"></testcase>
		<testcase classname="" name="TestNodePool/HostedCluster0/Main/TestNTOMachineConfigGetsRolledOut/EnsureNoPodsWithTooHighPriority" time="0.100000"></testcase>
		<testcase classname="" name="TestNodePool/HostedCluster0/Main/TestNTOMachineConfigGetsRolledOut" time="929.430000"></testcase>
		<testcase classname="" name="TestNodePool/HostedCluster0/Main/TestRollingUpgrade" time="1638.190000"></testcase>
		<testcase classname="" name="TestNodePool/HostedCluster0/Main" time="0.050000"></testcase>
		<testcase classname="" name="TestNodePool/HostedCluster0/EnsureHostedCluster/EnsurePayloadArchSetCorrectly" time="0.030000"></testcase>
		<testcase classname="" name="TestNodePool/HostedCluster0/EnsureHostedCluster/EnsurePodsWithEmptyDirPVsHaveSafeToEvictAnnotations" time="0.040000"></testcase>
		<testcase classname="" name="TestNodePool/HostedCluster0/EnsureHostedCluster/EnsureReadOnlyRootFilesystem" time="0.030000"></testcase>
		<testcase classname="" name="TestNodePool/HostedCluster0/EnsureHostedCluster/EnsureReadOnlyRootFilesystemTmpDirMount" time="0.030000"></testcase>
		<testcase classname="" name="TestNodePool/HostedCluster0/EnsureHostedCluster/EnsureAllContainersHavePullPolicyIfNotPresent" time="0.050000"></testcase>
		<testcase classname="" name="TestNodePool/HostedCluster0/EnsureHostedCluster/EnsureAllContainersHaveTerminationMessagePolicyFallbackToLogsOnError" time="0.020000"></testcase>
		<testcase classname="" name="TestNodePool/HostedCluster0/EnsureHostedCluster/EnsureHCPContainersHaveResourceRequests" time="0.030000"></testcase>
		<testcase classname="" name="TestNodePool/HostedCluster0/EnsureHostedCluster/EnsureNoPodsWithTooHighPriority" time="0.030000"></testcase>
		<testcase classname="" name="TestNodePool/HostedCluster0/EnsureHostedCluster/EnsureNoRapidDeploymentRollouts" time="0.030000"></testcase>
		<testcase classname="" name="TestNodePool/HostedCluster0/EnsureHostedCluster/NoticePreemptionOrFailedScheduling" time="0.040000"></testcase>
		<testcase classname="" name="TestNodePool/HostedCluster0/EnsureHostedCluster/EnsureAllRoutesUseHCPRouter" time="0.020000"></testcase>
		<testcase classname="" name="TestNodePool/HostedCluster0/EnsureHostedCluster/EnsureNodeTuningOperatorMetricsEndpoint" time="0.350000"></testcase>
		<testcase classname="" name="TestNodePool/HostedCluster0/EnsureHostedCluster/EnsureSATokenNotMountedUnlessNecessary" time="0.030000"></testcase>
		<testcase classname="" name="TestNodePool/HostedCluster0/EnsureHostedCluster/EnsureValidatingAdmissionPoliciesExists" time="0.020000"></testcase>
		<testcase classname="" name="TestNodePool/HostedCluster0/EnsureHostedCluster/EnsureValidatingAdmissionPoliciesCheckDeniedRequests" time="0.030000"></testcase>
		<testcase classname="" name="TestNodePool/HostedCluster0/EnsureHostedCluster/EnsureValidatingAdmissionPoliciesDontBlockStatusModifications" time="0.030000"></testcase>
		<testcase classname="" name="TestNodePool/HostedCluster0/EnsureHostedCluster/EnsureSecurityContextUID" time="0.770000"></testcase>
		<testcase classname="" name="TestNodePool/HostedCluster0/EnsureHostedCluster/ValidateMetricsAreExposed" time="0.350000"></testcase>
		<testcase classname="" name="TestNodePool/HostedCluster0/EnsureHostedCluster" time="2.100000"></testcase>
		<testcase classname="" name="TestNodePool/HostedCluster0/Teardown" time="615.300000"></testcase>
		<testcase classname="" name="TestNodePool/HostedCluster0/PostTeardown/ValidateMetricsAreExposed" time="0.310000"></testcase>
		<testcase classname="" name="TestNodePool/HostedCluster0/PostTeardown" time="0.310000"></testcase>
		<testcase classname="" name="TestNodePool/HostedCluster0" time="2789.890000"></testcase>
		<testcase classname="" name="TestNodePool" time="0.000000"></testcase>
		<testcase classname="" name="TestAutoscaling/ValidateHostedCluster/EnsureNodeCountMatchesNodePoolReplicas" time="0.060000"></testcase>
		<testcase classname="" name="TestAutoscaling/ValidateHostedCluster/EnsureNoCrashingPods" time="0.030000"></testcase>
		<testcase classname="" name="TestAutoscaling/ValidateHostedCluster/EnsureOAPIMountsTrustBundle" time="0.560000"></testcase>
		<testcase classname="" name="TestAutoscaling/ValidateHostedCluster/EnsureGuestWebhooksValidated" time="5.030000"></testcase>
		<testcase classname="" name="TestAutoscaling/ValidateHostedCluster/EnsureNodeCommunication" time="0.250000"></testcase>
		<testcase classname="" name="TestAutoscaling/ValidateHostedCluster/ValidateConfigurationStatus" time="0.060000"></testcase>
		<testcase classname="" name="TestAutoscaling/ValidateHostedCluster" time="779.230000"></testcase>
		<testcase classname="" name="TestAutoscaling/Main/TestAutoscaling" time="1014.370000"></testcase>
		<testcase classname="" name="TestAutoscaling/Main/TestAutoscalingBalancing" time="919.310000"></testcase>
		<testcase classname="" name="TestAutoscaling/Main" time="1933.680000"></testcase>
		<testcase classname="" name="TestAutoscaling/EnsureHostedCluster/EnsurePayloadArchSetCorrectly" time="0.040000"></testcase>
		<testcase classname="" name="TestAutoscaling/EnsureHostedCluster/EnsurePodsWithEmptyDirPVsHaveSafeToEvictAnnotations" time="0.030000"></testcase>
		<testcase classname="" name="TestAutoscaling/EnsureHostedCluster/EnsureReadOnlyRootFilesystem" time="0.030000"></testcase>
		<testcase classname="" name="TestAutoscaling/EnsureHostedCluster/EnsureReadOnlyRootFilesystemTmpDirMount" time="0.080000"></testcase>
		<testcase classname="" name="TestAutoscaling/EnsureHostedCluster/EnsureAllContainersHavePullPolicyIfNotPresent" time="0.030000"></testcase>
		<testcase classname="" name="TestAutoscaling/EnsureHostedCluster/EnsureAllContainersHaveTerminationMessagePolicyFallbackToLogsOnError" time="0.030000"></testcase>
		<testcase classname="" name="TestAutoscaling/EnsureHostedCluster/EnsureHCPContainersHaveResourceRequests" time="0.040000"></testcase>
		<testcase classname="" name="TestAutoscaling/EnsureHostedCluster/EnsureNoPodsWithTooHighPriority" time="0.040000"></testcase>
		<testcase classname="" name="TestAutoscaling/EnsureHostedCluster/EnsureNoRapidDeploymentRollouts" time="0.020000"></testcase>
		<testcase classname="" name="TestAutoscaling/EnsureHostedCluster/NoticePreemptionOrFailedScheduling" time="0.050000"></testcase>
		<testcase classname="" name="TestAutoscaling/EnsureHostedCluster/EnsureAllRoutesUseHCPRouter" time="0.020000"></testcase>
		<testcase classname="" name="TestAutoscaling/EnsureHostedCluster/EnsureSATokenNotMountedUnlessNecessary" time="0.040000"></testcase>
		<testcase classname="" name="TestAutoscaling/EnsureHostedCluster/EnsureValidatingAdmissionPoliciesExists" time="0.030000"></testcase>
		<testcase classname="" name="TestAutoscaling/EnsureHostedCluster/EnsureValidatingAdmissionPoliciesCheckDeniedRequests" time="0.030000"></testcase>
		<testcase classname="" name="TestAutoscaling/EnsureHostedCluster/EnsureValidatingAdmissionPoliciesDontBlockStatusModifications" time="0.030000"></testcase>
		<testcase classname="" name="TestAutoscaling/EnsureHostedCluster/EnsureSecurityContextUID" time="0.930000"></testcase>
		<testcase classname="" name="TestAutoscaling/EnsureHostedCluster/ValidateMetricsAreExposed" time="0.300000"></testcase>
		<testcase classname="" name="TestAutoscaling/EnsureHostedCluster" time="1.910000"></testcase>
		<testcase classname="" name="TestAutoscaling/Teardown" time="682.240000"></testcase>
		<testcase classname="" name="TestAutoscaling/PostTeardown/ValidateMetricsAreExposed" time="0.310000"></testcase>
		<testcase classname="" name="TestAutoscaling/PostTeardown" time="0.310000"></testcase>
		<testcase classname="" name="TestAutoscaling" time="3532.440000"></testcase>
	</testsuite>
</testsuites>