<testsuites>
  <testsuite name="step graph" tests="5" skipped="0" failures="2" time="654.691677404">
    <properties></properties>
    <testcase name="Find the input image ci-job-run-aggregator-latest and tag it into the pipeline" time="0.402696095"></testcase>
    <testcase name="Run multi-stage test post phase" time="2.798e-05">
      <system-out>The collected steps of multi-stage phase post.</system-out>
    </testcase>
    <testcase name="Run multi-stage test pre phase" time="5.7321e-05">
      <system-out>The collected steps of multi-stage phase pre.</system-out>
    </testcase>
    <testcase name="Run multi-stage test release-analysis-aggregator - release-analysis-aggregator-openshift-release-analysis-aggregator container test" time="647">
      <failure message="">/artifacts&#xA;- jobrunid: &#34;2038851134323429376&#34;&#xA;  humanurl: https://prow.ci.openshift.org/view/gs/prow-artifact-archive/logs/periodic-ci-openshift-release-main-ci-4.22-e2e-gcp-ovn-upgrade/2038851134323429376&#xA;  gcsartifacturl: https://gcsweb-ci.apps.ci.l2s4.p1.openshiftapps.com/gcs/prow-artifact-archive/logs/periodic-ci-openshift-release-main-ci-4.22-e2e-gcp-ovn-upgrade/2038851134323429376/artifacts&#xA;- jobrunid: &#34;2038851137691455488&#34;&#xA;  humanurl: https://prow.ci.openshift.org/view/gs/prow-artifact-archive/logs/periodic-ci-openshift-release-main-ci-4.22-e2e-gcp-ovn-upgrade/2038851137691455488&#xA;  gcsartifacturl: https://gcsweb-ci.apps.ci.l2s4.p1.openshiftapps.com/gcs/prow-artifact-archive/logs/periodic-ci-openshift-release-main-ci-4.22-e2e-gcp-ovn-upgrade/2038851137691455488/artifacts&#xA;- jobrunid: &#34;2038851141080453120&#34;&#xA;  humanurl: https://prow.ci.openshift.org/view/gs/prow-artifact-archive/logs/periodic-ci-openshift-release-main-ci-4.22-e2e-gcp-ovn-upgrade/2038851141080453120&#xA;  gcsartifacturl: https://gcsweb-ci.apps.ci.l2s4.p1.openshiftapps.com/gcs/prow-artifact-archive/logs/periodic-ci-openshift-release-main-ci-4.22-e2e-gcp-ovn-upgrade/2038851141080453120/artifacts&#xA;- jobrunid: &#34;2038851143014027264&#34;&#xA;  humanurl: https://prow.ci.openshift.org/view/gs/prow-artifact-archive/logs/periodic-ci-openshift-release-main-ci-4.22-e2e-gcp-ovn-upgrade/2038851143014027264&#xA;  gcsartifacturl: https://gcsweb-ci.apps.ci.l2s4.p1.openshiftapps.com/gcs/prow-artifact-archive/logs/periodic-ci-openshift-release-main-ci-4.22-e2e-gcp-ovn-upgrade/2038851143014027264/artifacts&#xA;skips: []&#xA;&#xA;&#xA;time=&#34;2026-03-31T10:46:22.191Z&#34; level=fatal msg=&#34;Command failed&#34; error=&#34;Some tests failed aggregation.  See above for details.&#34;&#xA;{&#34;component&#34;:&#34;entrypoint&#34;,&#34;error&#34;:&#34;wrapped process failed: exit status 1&#34;,&#34;file&#34;:&#34;sigs.k8s.io/prow/pkg/entrypoint/run.go:84&#34;,&#34;func&#34;:&#34;sigs.k8s.io/prow/pkg/entrypoint.Options.internalRun&#34;,&#34;level&#34;:&#34;error&#34;,&#34;msg&#34;:&#34;Error executing test process&#34;,&#34;severity&#34;:&#34;error&#34;,&#34;time&#34;:&#34;2026-03-31T10:46:22Z&#34;}&#xA;error: failed to execute wrapped command: exit status 1&#xA;</failure>
    </testcase>
    <testcase name="Run multi-stage test test phase" time="653.914952164">
      <failure message="">&#34;release-analysis-aggregator&#34; pod &#34;release-analysis-aggregator-openshift-release-analysis-aggregator&#34; failed: could not watch pod: the pod ci-op-xn8tnpg4/release-analysis-aggregator-openshift-release-analysis-aggregator failed after 10m51s (failed containers: test): ContainerFailed one or more containers exited&#xA;&#xA;Container test exited with code 1, reason Error&#xA;---&#xA;/artifacts&#xA;- jobrunid: &#34;2038851134323429376&#34;&#xA;  humanurl: https://prow.ci.openshift.org/view/gs/prow-artifact-archive/logs/periodic-ci-openshift-release-main-ci-4.22-e2e-gcp-ovn-upgrade/2038851134323429376&#xA;  gcsartifacturl: https://gcsweb-ci.apps.ci.l2s4.p1.openshiftapps.com/gcs/prow-artifact-archive/logs/periodic-ci-openshift-release-main-ci-4.22-e2e-gcp-ovn-upgrade/2038851134323429376/artifacts&#xA;- jobrunid: &#34;2038851137691455488&#34;&#xA;  humanurl: https://prow.ci.openshift.org/view/gs/prow-artifact-archive/logs/periodic-ci-openshift-release-main-ci-4.22-e2e-gcp-ovn-upgrade/2038851137691455488&#xA;  gcsartifacturl: https://gcsweb-ci.apps.ci.l2s4.p1.openshiftapps.com/gcs/prow-artifact-archive/logs/periodic-ci-openshift-release-main-ci-4.22-e2e-gcp-ovn-upgrade/2038851137691455488/artifacts&#xA;- jobrunid: &#34;2038851141080453120&#34;&#xA;  humanurl: https://prow.ci.openshift.org/view/gs/prow-artifact-archive/logs/periodic-ci-openshift-release-main-ci-4.22-e2e-gcp-ovn-upgrade/2038851141080453120&#xA;  gcsartifacturl: https://gcsweb-ci.apps.ci.l2s4.p1.openshiftapps.com/gcs/prow-artifact-archive/logs/periodic-ci-openshift-release-main-ci-4.22-e2e-gcp-ovn-upgrade/2038851141080453120/artifacts&#xA;- jobrunid: &#34;2038851143014027264&#34;&#xA;  humanurl: https://prow.ci.openshift.org/view/gs/prow-artifact-archive/logs/periodic-ci-openshift-release-main-ci-4.22-e2e-gcp-ovn-upgrade/2038851143014027264&#xA;  gcsartifacturl: https://gcsweb-ci.apps.ci.l2s4.p1.openshiftapps.com/gcs/prow-artifact-archive/logs/periodic-ci-openshift-release-main-ci-4.22-e2e-gcp-ovn-upgrade/2038851143014027264/artifacts&#xA;skips: []&#xA;&#xA;&#xA;time=&#34;2026-03-31T10:46:22.191Z&#34; level=fatal msg=&#34;Command failed&#34; error=&#34;Some tests failed aggregation.  See above for details.&#34;&#xA;{&#34;component&#34;:&#34;entrypoint&#34;,&#34;error&#34;:&#34;wrapped process failed: exit status 1&#34;,&#34;file&#34;:&#34;sigs.k8s.io/prow/pkg/entrypoint/run.go:84&#34;,&#34;func&#34;:&#34;sigs.k8s.io/prow/pkg/entrypoint.Options.internalRun&#34;,&#34;level&#34;:&#34;error&#34;,&#34;msg&#34;:&#34;Error executing test process&#34;,&#34;severity&#34;:&#34;error&#34;,&#34;time&#34;:&#34;2026-03-31T10:46:22Z&#34;}&#xA;error: failed to execute wrapped command: exit status 1&#xA;---&#xA;Link to step on registry info site: https://steps.ci.openshift.org/reference/openshift-release-analysis-aggregator&#xA;Link to job on registry info site: https://steps.ci.openshift.org/job?org=&amp;repo=&amp;branch=&amp;test=release-analysis-aggregator</failure>
      <system-out>The collected steps of multi-stage phase test.</system-out>
    </testcase>
  </testsuite>
</testsuites>