<testsuites>
  <testsuite name="step graph" tests="39" skipped="0" failures="1" time="7686.320120242">
    <properties></properties>
    <testcase name="" time="4.4201e-05">
      <properties></properties>
    </testcase>
    <testcase name="All images are built and tagged into stable" time="1.76e-06">
      <properties></properties>
    </testcase>
    <testcase name="Find the input image ocp-4.12-upi-installer and tag it into the pipeline" time="4.517438101">
      <properties></properties>
    </testcase>
    <testcase name="Find the input image ocp-4.14-upi-installer and tag it into the pipeline" time="4.518479361">
      <properties></properties>
    </testcase>
    <testcase name="Find the input image ocp-4.16-upi-installer and tag it into the pipeline" time="4.517065542">
      <properties></properties>
    </testcase>
    <testcase name="Find the input image ocp-4.18-upi-installer and tag it into the pipeline" time="4.51880767">
      <properties></properties>
    </testcase>
    <testcase name="Find the input image ocp-4.20-upi-installer and tag it into the pipeline" time="4.519022825">
      <properties></properties>
    </testcase>
    <testcase name="Find the input image ocp-4.22-upi-installer and tag it into the pipeline" time="4.517162674">
      <properties></properties>
    </testcase>
    <testcase name="Find the input image origin-centos-8 and tag it into the pipeline" time="4.517639077">
      <properties></properties>
    </testcase>
    <testcase name="Import the release payload &#34;latest&#34; from an external source" time="194.148141062">
      <properties></properties>
    </testcase>
    <testcase name="Run multi-stage test e2e-aws-ovn-fips - e2e-aws-ovn-fips-aws-deprovision-users-and-policies container test" time="0">
      <properties></properties>
    </testcase>
    <testcase name="Run multi-stage test e2e-aws-ovn-fips - e2e-aws-ovn-fips-aws-deprovision-verification container test" time="26">
      <properties></properties>
    </testcase>
    <testcase name="Run multi-stage test e2e-aws-ovn-fips - e2e-aws-ovn-fips-aws-provision-iam-user container test" time="120">
      <properties></properties>
    </testcase>
    <testcase name="Run multi-stage test e2e-aws-ovn-fips - e2e-aws-ovn-fips-fips-check container test" time="36">
      <properties></properties>
    </testcase>
    <testcase name="Run multi-stage test e2e-aws-ovn-fips - e2e-aws-ovn-fips-gather-audit-logs container test" time="12">
      <properties></properties>
    </testcase>
    <testcase name="Run multi-stage test e2e-aws-ovn-fips - e2e-aws-ovn-fips-gather-aws-console container test" time="10">
      <properties></properties>
    </testcase>
    <testcase name="Run multi-stage test e2e-aws-ovn-fips - e2e-aws-ovn-fips-gather-core-dump container test" time="11">
      <properties></properties>
    </testcase>
    <testcase name="Run multi-stage test e2e-aws-ovn-fips - e2e-aws-ovn-fips-gather-extra container test" time="98">
      <properties></properties>
    </testcase>
    <testcase name="Run multi-stage test e2e-aws-ovn-fips - e2e-aws-ovn-fips-gather-must-gather container test" time="90">
      <properties></properties>
    </testcase>
    <testcase name="Run multi-stage test e2e-aws-ovn-fips - e2e-aws-ovn-fips-ipi-conf container test" time="0">
      <properties></properties>
    </testcase>
    <testcase name="Run multi-stage test e2e-aws-ovn-fips - e2e-aws-ovn-fips-ipi-conf-aws container test" time="4">
      <properties></properties>
    </testcase>
    <testcase name="Run multi-stage test e2e-aws-ovn-fips - e2e-aws-ovn-fips-ipi-conf-aws-byo-ipv4-pool-public container test" time="1">
      <properties></properties>
    </testcase>
    <testcase name="Run multi-stage test e2e-aws-ovn-fips - e2e-aws-ovn-fips-ipi-conf-aws-user-min-permissions container test" time="1">
      <properties></properties>
    </testcase>
    <testcase name="Run multi-stage test e2e-aws-ovn-fips - e2e-aws-ovn-fips-ipi-conf-telemetry container test" time="0">
      <properties></properties>
    </testcase>
    <testcase name="Run multi-stage test e2e-aws-ovn-fips - e2e-aws-ovn-fips-ipi-deprovision-deprovision container test" time="356">
      <properties></properties>
    </testcase>
    <testcase name="Run multi-stage test e2e-aws-ovn-fips - e2e-aws-ovn-fips-ipi-install-hosted-loki container test" time="0">
      <properties></properties>
    </testcase>
    <testcase name="Run multi-stage test e2e-aws-ovn-fips - e2e-aws-ovn-fips-ipi-install-install container test" time="2594">
      <properties></properties>
    </testcase>
    <testcase name="Run multi-stage test e2e-aws-ovn-fips - e2e-aws-ovn-fips-ipi-install-monitoringpvc container test" time="0">
      <properties></properties>
    </testcase>
    <testcase name="Run multi-stage test e2e-aws-ovn-fips - e2e-aws-ovn-fips-ipi-install-rbac container test" time="0">
      <properties></properties>
    </testcase>
    <testcase name="Run multi-stage test e2e-aws-ovn-fips - e2e-aws-ovn-fips-ipi-install-times-collection container test" time="0">
      <properties></properties>
    </testcase>
    <testcase name="Run multi-stage test e2e-aws-ovn-fips - e2e-aws-ovn-fips-multiarch-validate-nodes container test" time="0">
      <properties></properties>
    </testcase>
    <testcase name="Run multi-stage test e2e-aws-ovn-fips - e2e-aws-ovn-fips-nodes-readiness container test" time="0">
      <properties></properties>
    </testcase>
    <testcase name="Run multi-stage test e2e-aws-ovn-fips - e2e-aws-ovn-fips-observers-resource-watch container test" time="0">
      <properties></properties>
    </testcase>
    <testcase name="Run multi-stage test e2e-aws-ovn-fips - e2e-aws-ovn-fips-openshift-cluster-bot-rbac container test" time="0">
      <properties></properties>
    </testcase>
    <testcase name="Run multi-stage test e2e-aws-ovn-fips - e2e-aws-ovn-fips-openshift-tests-extension-admission-crd-install container test" time="0">
      <properties></properties>
    </testcase>
    <testcase name="Run multi-stage test e2e-aws-ovn-fips - e2e-aws-ovn-fips-rhcos-conf-osstream container test" time="0">
      <properties></properties>
    </testcase>
    <testcase name="Run multi-stage test post phase" time="897.613919046">
      <properties></properties>
      <system-out>The collected steps of multi-stage phase post.</system-out>
    </testcase>
    <testcase name="Run multi-stage test pre phase" time="2993.384348395">
      <properties></properties>
      <system-out>The collected steps of multi-stage phase pre.</system-out>
    </testcase>
    <testcase name="Run multi-stage test test phase" time="3599.339476211">
      <properties></properties>
      <failure message="">&#34;e2e-aws-ovn-fips&#34; pod &#34;e2e-aws-ovn-fips-openshift-e2e-test&#34; failed: pod pending for more than 1h0m0s: pod has not been scheduled in 1h0m0.000911163s: &#xA;Found 7 events for Pod e2e-aws-ovn-fips-openshift-e2e-test:&#xA;* 2026-07-13T05:28:46Z 1x multiarch-tuning-operator: Applied all architecture preferences from configuration source: ClusterPodPlacementConfig&#xA;* 2026-07-13T05:28:46Z 1x multiarch-tuning-operator: Successfully gated with the multiarch.openshift.io/scheduling-gate scheduling gate&#xA;* 2026-07-13T05:28:47Z 1x multiarch-tuning-operator: Set the supported architectures to {amd64}&#xA;* 2026-07-13T05:28:47Z 1x multiarch-tuning-operator: Successfully removed the multiarch.openshift.io/scheduling-gate scheduling gate&#xA;* 0001-01-01T00:00:00Z 0x : 0/158 nodes are available: 14 node(s) didn&#39;t match Pod&#39;s node affinity/selector, 5 node(s) were unschedulable, 60 Insufficient cpu, 79 node(s) had untolerated taint(s). no new claims to deallocate, preemption: not eligible due to preemptionPolicy=Never.&#xA;* 0001-01-01T00:00:00Z 0x : 0/158 nodes are available: 14 node(s) didn&#39;t match Pod&#39;s node affinity/selector, 5 node(s) were unschedulable, 60 Insufficient cpu, 79 node(s) had untolerated taint(s). no new claims to deallocate, preemption: not eligible due to preemptionPolicy=Never.&#xA;* 0001-01-01T00:00:00Z 0x : 0/158 nodes are available: 1 Insufficient memory, 14 node(s) didn&#39;t match Pod&#39;s node affinity/selector, 5 node(s) were unschedulable, 60 Insufficient cpu, 79 node(s) had untolerated taint(s). no new claims to deallocate, preemption: not eligible due to preemptionPolicy=Never.&#xA;Link to step on registry info site: https://steps.ci.openshift.org/reference/openshift-e2e-test&#xA;Link to job on registry info site: https://steps.ci.openshift.org/job?org=openshift&amp;repo=release&amp;branch=main&amp;test=e2e-aws-ovn-fips&amp;variant=nightly-5.0</failure>
      <system-out>The collected steps of multi-stage phase test.</system-out>
    </testcase>
  </testsuite>
</testsuites>