<testsuites>
  <testsuite name="step graph" tests="34" skipped="0" failures="2" time="13225.935207353">
    <properties></properties>
    <testcase name="" time="5.9542e-05"></testcase>
    <testcase name="All images are built and tagged into stable" time="1.57e-06"></testcase>
    <testcase name="Find the input image ocp-4.12-upi-installer and tag it into the pipeline" time="2.44527709"></testcase>
    <testcase name="Find the input image ocp-4.14-upi-installer and tag it into the pipeline" time="2.4452355089999998"></testcase>
    <testcase name="Find the input image ocp-4.18-upi-installer and tag it into the pipeline" time="2.446213739"></testcase>
    <testcase name="Find the input image ocp-4.20-upi-installer and tag it into the pipeline" time="2.446430423"></testcase>
    <testcase name="Find the input image ocp-4.22-upi-installer and tag it into the pipeline" time="2.444266179"></testcase>
    <testcase name="Find the input image origin-centos-8 and tag it into the pipeline" time="2.447715671"></testcase>
    <testcase name="Import the release payload &#34;initial&#34; from an external source" time="119.281637578"></testcase>
    <testcase name="Import the release payload &#34;latest&#34; from an external source" time="115.992634083"></testcase>
    <testcase name="Run multi-stage test e2e-aws-upgrade-ovn-single-node - e2e-aws-upgrade-ovn-single-node-aws-deprovision-users-and-policies container test" time="1"></testcase>
    <testcase name="Run multi-stage test e2e-aws-upgrade-ovn-single-node - e2e-aws-upgrade-ovn-single-node-aws-deprovision-verification container test" time="25"></testcase>
    <testcase name="Run multi-stage test e2e-aws-upgrade-ovn-single-node - e2e-aws-upgrade-ovn-single-node-gather-audit-logs container test" time="24"></testcase>
    <testcase name="Run multi-stage test e2e-aws-upgrade-ovn-single-node - e2e-aws-upgrade-ovn-single-node-gather-aws-console container test" time="3"></testcase>
    <testcase name="Run multi-stage test e2e-aws-upgrade-ovn-single-node - e2e-aws-upgrade-ovn-single-node-gather-core-dump container test" time="11"></testcase>
    <testcase name="Run multi-stage test e2e-aws-upgrade-ovn-single-node - e2e-aws-upgrade-ovn-single-node-gather-extra container test" time="118"></testcase>
    <testcase name="Run multi-stage test e2e-aws-upgrade-ovn-single-node - e2e-aws-upgrade-ovn-single-node-gather-must-gather container test" time="72"></testcase>
    <testcase name="Run multi-stage test e2e-aws-upgrade-ovn-single-node - e2e-aws-upgrade-ovn-single-node-gather-network container test" time="75"></testcase>
    <testcase name="Run multi-stage test e2e-aws-upgrade-ovn-single-node - e2e-aws-upgrade-ovn-single-node-ipi-conf container test" time="0"></testcase>
    <testcase name="Run multi-stage test e2e-aws-upgrade-ovn-single-node - e2e-aws-upgrade-ovn-single-node-ipi-conf-aws container test" time="6"></testcase>
    <testcase name="Run multi-stage test e2e-aws-upgrade-ovn-single-node - e2e-aws-upgrade-ovn-single-node-ipi-conf-aws-byo-ipv4-pool-public container test" time="1"></testcase>
    <testcase name="Run multi-stage test e2e-aws-upgrade-ovn-single-node - e2e-aws-upgrade-ovn-single-node-ipi-conf-telemetry container test" time="0"></testcase>
    <testcase name="Run multi-stage test e2e-aws-upgrade-ovn-single-node - e2e-aws-upgrade-ovn-single-node-ipi-deprovision-deprovision container test" time="294"></testcase>
    <testcase name="Run multi-stage test e2e-aws-upgrade-ovn-single-node - e2e-aws-upgrade-ovn-single-node-ipi-install-hosted-loki container test" time="0"></testcase>
    <testcase name="Run multi-stage test e2e-aws-upgrade-ovn-single-node - e2e-aws-upgrade-ovn-single-node-ipi-install-install-stableinitial container test" time="2609"></testcase>
    <testcase name="Run multi-stage test e2e-aws-upgrade-ovn-single-node - e2e-aws-upgrade-ovn-single-node-ipi-install-monitoringpvc container test" time="0"></testcase>
    <testcase name="Run multi-stage test e2e-aws-upgrade-ovn-single-node - e2e-aws-upgrade-ovn-single-node-ipi-install-rbac container test" time="0"></testcase>
    <testcase name="Run multi-stage test e2e-aws-upgrade-ovn-single-node - e2e-aws-upgrade-ovn-single-node-observers-resource-watch container test" time="0"></testcase>
    <testcase name="Run multi-stage test e2e-aws-upgrade-ovn-single-node - e2e-aws-upgrade-ovn-single-node-openshift-tests-extension-admission-crd-install container test" time="0"></testcase>
    <testcase name="Run multi-stage test e2e-aws-upgrade-ovn-single-node - e2e-aws-upgrade-ovn-single-node-single-node-conf-aws container test" time="3"></testcase>
    <testcase name="Run multi-stage test e2e-aws-upgrade-ovn-single-node - e2e-aws-upgrade-ovn-single-node-single-node-e2e-test container test" time="9480">
      <failure message="">rval-serializer&#xA;  finalIntervals size = 110481&#xA;  first interval time: From = 2026-05-14 15:54:00 +0000 UTC; To = 2026-05-14 17:30:13.414227892 +0000 UTC m=+675.844312851&#xA;  last interval time: From = 2026-05-14 19:01:22.05137638 +0000 UTC m=+6144.481461349; To = 2026-05-14 19:01:22.05137638 +0000 UTC m=+6144.481461349&#xA;Processing monitorTest: azure-metrics-collector&#xA;  finalIntervals size = 110481&#xA;  first interval time: From = 2026-05-14 15:54:00 +0000 UTC; To = 2026-05-14 17:30:13.414227892 +0000 UTC m=+675.844312851&#xA;  last interval time: From = 2026-05-14 19:01:22.05137638 +0000 UTC m=+6144.481461349; To = 2026-05-14 19:01:22.05137638 +0000 UTC m=+6144.481461349&#xA;Processing monitorTest: monitoring-statefulsets-recreation&#xA;  finalIntervals size = 110481&#xA;  first interval time: From = 2026-05-14 15:54:00 +0000 UTC; To = 2026-05-14 17:30:13.414227892 +0000 UTC m=+675.844312851&#xA;  last interval time: From = 2026-05-14 19:01:22.05137638 +0000 UTC m=+6144.481461349; To = 2026-05-14 19:01:22.05137638 +0000 UTC m=+6144.481461349&#xA;Writing junits.&#xA;Writing JUnit report to /logs/artifacts/junit/e2e-monitor-tests__20260514-171907.xml&#xA;Blocking test failures:&#xA;&#xA;&#x9;* [sig-arch][Early] Managed cluster should [apigroup:config.openshift.io] start all core operators [Skipped:Disconnected] [Suite:openshift/conformance/parallel]&#xA;&#xA;Writing JUnit report to /logs/artifacts/junit/junit_e2e__20260514-171907.xml&#xA;&#xA;Writing extension test results JSON to /logs/artifacts/junit/extension_test_result_e2e__20260514-171907.json&#xA;Suite run returned error: 1 blocking fail, 0 informing fail, 1685 pass, 1939 skip (1h42m12s)&#xA;error: error running a test suite: 1 blocking fail, 0 informing fail, 1685 pass, 1939 skip (1h42m12s)&#xA;{&#34;component&#34;:&#34;entrypoint&#34;,&#34;error&#34;:&#34;wrapped process failed: exit status 1&#34;,&#34;file&#34;:&#34;sigs.k8s.io/prow/pkg/entrypoint/run.go:84&#34;,&#34;func&#34;:&#34;sigs.k8s.io/prow/pkg/entrypoint.Options.internalRun&#34;,&#34;level&#34;:&#34;error&#34;,&#34;msg&#34;:&#34;Error executing test process&#34;,&#34;severity&#34;:&#34;error&#34;,&#34;time&#34;:&#34;2026-05-14T19:03:12Z&#34;}&#xA;error: failed to execute wrapped command: exit status 1&#xA;</failure>
    </testcase>
    <testcase name="Run multi-stage test post phase" time="879.188980279">
      <system-out>The collected steps of multi-stage phase post.</system-out>
    </testcase>
    <testcase name="Run multi-stage test pre phase" time="2736.423873061">
      <system-out>The collected steps of multi-stage phase pre.</system-out>
    </testcase>
    <testcase name="Run multi-stage test test phase" time="9489.908710115">
      <failure message="">&#34;e2e-aws-upgrade-ovn-single-node&#34; pod &#34;e2e-aws-upgrade-ovn-single-node-single-node-e2e-test&#34; failed: could not watch pod: the pod ci-op-9mwgfkt0/e2e-aws-upgrade-ovn-single-node-single-node-e2e-test failed after 2h38m8s (failed containers: test): ContainerFailed one or more containers exited&#xA;&#xA;Container test exited with code 1, reason Error&#xA;---&#xA;rval-serializer&#xA;  finalIntervals size = 110481&#xA;  first interval time: From = 2026-05-14 15:54:00 +0000 UTC; To = 2026-05-14 17:30:13.414227892 +0000 UTC m=+675.844312851&#xA;  last interval time: From = 2026-05-14 19:01:22.05137638 +0000 UTC m=+6144.481461349; To = 2026-05-14 19:01:22.05137638 +0000 UTC m=+6144.481461349&#xA;Processing monitorTest: azure-metrics-collector&#xA;  finalIntervals size = 110481&#xA;  first interval time: From = 2026-05-14 15:54:00 +0000 UTC; To = 2026-05-14 17:30:13.414227892 +0000 UTC m=+675.844312851&#xA;  last interval time: From = 2026-05-14 19:01:22.05137638 +0000 UTC m=+6144.481461349; To = 2026-05-14 19:01:22.05137638 +0000 UTC m=+6144.481461349&#xA;Processing monitorTest: monitoring-statefulsets-recreation&#xA;  finalIntervals size = 110481&#xA;  first interval time: From = 2026-05-14 15:54:00 +0000 UTC; To = 2026-05-14 17:30:13.414227892 +0000 UTC m=+675.844312851&#xA;  last interval time: From = 2026-05-14 19:01:22.05137638 +0000 UTC m=+6144.481461349; To = 2026-05-14 19:01:22.05137638 +0000 UTC m=+6144.481461349&#xA;Writing junits.&#xA;Writing JUnit report to /logs/artifacts/junit/e2e-monitor-tests__20260514-171907.xml&#xA;Blocking test failures:&#xA;&#xA;&#x9;* [sig-arch][Early] Managed cluster should [apigroup:config.openshift.io] start all core operators [Skipped:Disconnected] [Suite:openshift/conformance/parallel]&#xA;&#xA;Writing JUnit report to /logs/artifacts/junit/junit_e2e__20260514-171907.xml&#xA;&#xA;Writing extension test results JSON to /logs/artifacts/junit/extension_test_result_e2e__20260514-171907.json&#xA;Suite run returned error: 1 blocking fail, 0 informing fail, 1685 pass, 1939 skip (1h42m12s)&#xA;error: error running a test suite: 1 blocking fail, 0 informing fail, 1685 pass, 1939 skip (1h42m12s)&#xA;{&#34;component&#34;:&#34;entrypoint&#34;,&#34;error&#34;:&#34;wrapped process failed: exit status 1&#34;,&#34;file&#34;:&#34;sigs.k8s.io/prow/pkg/entrypoint/run.go:84&#34;,&#34;func&#34;:&#34;sigs.k8s.io/prow/pkg/entrypoint.Options.internalRun&#34;,&#34;level&#34;:&#34;error&#34;,&#34;msg&#34;:&#34;Error executing test process&#34;,&#34;severity&#34;:&#34;error&#34;,&#34;time&#34;:&#34;2026-05-14T19:03:12Z&#34;}&#xA;error: failed to execute wrapped command: exit status 1&#xA;---&#xA;Link to step on registry info site: https://steps.ci.openshift.org/reference/single-node-e2e-test&#xA;Link to job on registry info site: https://steps.ci.openshift.org/job?org=openshift&amp;repo=release&amp;branch=main&amp;test=e2e-aws-upgrade-ovn-single-node&amp;variant=ci-4.20</failure>
      <system-out>The collected steps of multi-stage phase test.</system-out>
    </testcase>
  </testsuite>
</testsuites>