<testsuites>
  <testsuite name="step graph" tests="31" skipped="0" failures="1" time="8175.120937423">
    <properties></properties>
    <testcase name="" time="3.7261e-05">
      <properties></properties>
    </testcase>
    <testcase name="All images are built and tagged into stable" time="1.7e-06">
      <properties></properties>
    </testcase>
    <testcase name="Find the input image ocp-4.16-upi-installer and tag it into the pipeline" time="6.733354424">
      <properties></properties>
    </testcase>
    <testcase name="Find the input image ocp-4.18-upi-installer and tag it into the pipeline" time="6.736307463">
      <properties></properties>
    </testcase>
    <testcase name="Find the input image ocp-4.22-upi-installer and tag it into the pipeline" time="6.737100002">
      <properties></properties>
    </testcase>
    <testcase name="Find the input image origin-centos-8 and tag it into the pipeline" time="6.736694262">
      <properties></properties>
    </testcase>
    <testcase name="Import the release payload &#34;latest&#34; from an external source" time="157.730885355">
      <properties></properties>
    </testcase>
    <testcase name="Run multi-stage test e2e-aws-ovn-cgroupsv2 - e2e-aws-ovn-cgroupsv2-gather-audit-logs container test" time="15">
      <properties></properties>
    </testcase>
    <testcase name="Run multi-stage test e2e-aws-ovn-cgroupsv2 - e2e-aws-ovn-cgroupsv2-gather-core-dump container test" time="13">
      <properties></properties>
    </testcase>
    <testcase name="Run multi-stage test e2e-aws-ovn-cgroupsv2 - e2e-aws-ovn-cgroupsv2-gather-extra container test" time="296">
      <properties></properties>
    </testcase>
    <testcase name="Run multi-stage test e2e-aws-ovn-cgroupsv2 - e2e-aws-ovn-cgroupsv2-gather-must-gather container test" time="86">
      <properties></properties>
    </testcase>
    <testcase name="Run multi-stage test e2e-aws-ovn-cgroupsv2 - e2e-aws-ovn-cgroupsv2-gather-network container test" time="85">
      <properties></properties>
    </testcase>
    <testcase name="Run multi-stage test e2e-aws-ovn-cgroupsv2 - e2e-aws-ovn-cgroupsv2-ipi-conf container test" time="1">
      <properties></properties>
    </testcase>
    <testcase name="Run multi-stage test e2e-aws-ovn-cgroupsv2 - e2e-aws-ovn-cgroupsv2-ipi-conf-aws container test" time="5">
      <properties></properties>
    </testcase>
    <testcase name="Run multi-stage test e2e-aws-ovn-cgroupsv2 - e2e-aws-ovn-cgroupsv2-ipi-conf-aws-byo-ipv4-pool-public container test" time="1">
      <properties></properties>
    </testcase>
    <testcase name="Run multi-stage test e2e-aws-ovn-cgroupsv2 - e2e-aws-ovn-cgroupsv2-ipi-conf-telemetry container test" time="0">
      <properties></properties>
    </testcase>
    <testcase name="Run multi-stage test e2e-aws-ovn-cgroupsv2 - e2e-aws-ovn-cgroupsv2-ipi-deprovision-deprovision container test" time="344">
      <properties></properties>
    </testcase>
    <testcase name="Run multi-stage test e2e-aws-ovn-cgroupsv2 - e2e-aws-ovn-cgroupsv2-ipi-install-hosted-loki container test" time="0">
      <properties></properties>
    </testcase>
    <testcase name="Run multi-stage test e2e-aws-ovn-cgroupsv2 - e2e-aws-ovn-cgroupsv2-ipi-install-install container test" time="2511">
      <properties></properties>
    </testcase>
    <testcase name="Run multi-stage test e2e-aws-ovn-cgroupsv2 - e2e-aws-ovn-cgroupsv2-ipi-install-monitoringpvc container test" time="0">
      <properties></properties>
    </testcase>
    <testcase name="Run multi-stage test e2e-aws-ovn-cgroupsv2 - e2e-aws-ovn-cgroupsv2-ipi-install-rbac container test" time="1">
      <properties></properties>
    </testcase>
    <testcase name="Run multi-stage test e2e-aws-ovn-cgroupsv2 - e2e-aws-ovn-cgroupsv2-ipi-install-times-collection container test" time="1">
      <properties></properties>
    </testcase>
    <testcase name="Run multi-stage test e2e-aws-ovn-cgroupsv2 - e2e-aws-ovn-cgroupsv2-multiarch-validate-nodes container test" time="0">
      <properties></properties>
    </testcase>
    <testcase name="Run multi-stage test e2e-aws-ovn-cgroupsv2 - e2e-aws-ovn-cgroupsv2-nodes-readiness container test" time="1">
      <properties></properties>
    </testcase>
    <testcase name="Run multi-stage test e2e-aws-ovn-cgroupsv2 - e2e-aws-ovn-cgroupsv2-observers-resource-watch container test" time="0">
      <properties></properties>
    </testcase>
    <testcase name="Run multi-stage test e2e-aws-ovn-cgroupsv2 - e2e-aws-ovn-cgroupsv2-openshift-cluster-bot-rbac container test" time="1">
      <properties></properties>
    </testcase>
    <testcase name="Run multi-stage test e2e-aws-ovn-cgroupsv2 - e2e-aws-ovn-cgroupsv2-openshift-manifests-cgroupsv2 container test" time="0">
      <properties></properties>
    </testcase>
    <testcase name="Run multi-stage test e2e-aws-ovn-cgroupsv2 - e2e-aws-ovn-cgroupsv2-openshift-tests-extension-admission-crd-install container test" time="2">
      <properties></properties>
    </testcase>
    <testcase name="Run multi-stage test post phase" time="1124.85185147">
      <properties></properties>
      <system-out>The collected steps of multi-stage phase post.</system-out>
    </testcase>
    <testcase name="Run multi-stage test pre phase" time="3291.634331091">
      <properties></properties>
      <system-out>The collected steps of multi-stage phase pre.</system-out>
    </testcase>
    <testcase name="Run multi-stage test test phase" time="3599.184323141">
      <properties></properties>
      <failure message="">&#34;e2e-aws-ovn-cgroupsv2&#34; pod &#34;e2e-aws-ovn-cgroupsv2-openshift-e2e-test&#34; failed: pod pending for more than 1h0m0s: pod has not been scheduled in 1h0m0.000074423s: &#xA;Found 17 events for Pod e2e-aws-ovn-cgroupsv2-openshift-e2e-test:&#xA;* 2026-07-13T05:33:11Z 1x multiarch-tuning-operator: Applied all architecture preferences from configuration source: ClusterPodPlacementConfig&#xA;* 2026-07-13T05:33:12Z 1x multiarch-tuning-operator: Successfully gated with the multiarch.openshift.io/scheduling-gate scheduling gate&#xA;* 2026-07-13T05:33:12Z 1x multiarch-tuning-operator: Set the supported architectures to {amd64}&#xA;* 2026-07-13T05:33:12Z 1x multiarch-tuning-operator: Successfully removed the multiarch.openshift.io/scheduling-gate scheduling gate&#xA;* 0001-01-01T00:00:00Z 0x : 0/158 nodes are available: 14 node(s) didn&#39;t match Pod&#39;s node affinity/selector, 5 node(s) were unschedulable, 60 Insufficient cpu, 79 node(s) had untolerated taint(s). no new claims to deallocate, preemption: 0/158 nodes are available: 1 Insufficient cpu, 59 No preemption victims found for incoming pod, 98 Preemption is not helpful for scheduling.&#xA;* 0001-01-01T00:00:00Z 0x : 0/158 nodes are available: 14 node(s) didn&#39;t match Pod&#39;s node affinity/selector, 5 node(s) were unschedulable, 60 Insufficient cpu, 79 node(s) had untolerated taint(s). no new claims to deallocate, preemption: 0/158 nodes are available: 1 Insufficient cpu, 59 No preemption victims found for incoming pod, 98 Preemption is not helpful for scheduling.&#xA;* 0001-01-01T00:00:00Z 0x : 0/158 nodes are available: 14 node(s) didn&#39;t match Pod&#39;s node affinity/selector, 5 node(s) were unschedulable, 60 Insufficient cpu, 79 node(s) had untolerated taint(s). no new claims to deallocate, preemption: 0/158 nodes are available: 2 Insufficient cpu, 58 No preemption victims found for incoming pod, 98 Preemption is not helpful for scheduling.&#xA;* 0001-01-01T00:00:00Z 0x : 0/158 nodes are available: 14 node(s) didn&#39;t match Pod&#39;s node affinity/selector, 5 node(s) were unschedulable, 60 Insufficient cpu, 79 node(s) had untolerated taint(s). no new claims to deallocate, preemption: 0/158 nodes are available: 1 Insufficient cpu, 59 No preemption victims found for incoming pod, 98 Preemption is not helpful for scheduling.&#xA;* 0001-01-01T00:00:00Z 0x : 0/158 nodes are available: 14 node(s) didn&#39;t match Pod&#39;s node affinity/selector, 5 node(s) were unschedulable, 60 Insufficient cpu, 79 node(s) had untolerated taint(s). no new claims to deallocate, preemption: 0/158 nodes are available: 2 Insufficient cpu, 58 No preemption victims found for incoming pod, 98 Preemption is not helpful for scheduling.&#xA;* 0001-01-01T00:00:00Z 0x : 0/158 nodes are available: 14 node(s) didn&#39;t match Pod&#39;s node affinity/selector, 5 node(s) were unschedulable, 60 Insufficient cpu, 79 node(s) had untolerated taint(s). no new claims to deallocate, preemption: 0/158 nodes are available: 1 Insufficient cpu, 59 No preemption victims found for incoming pod, 98 Preemption is not helpful for scheduling.&#xA;* 0001-01-01T00:00:00Z 0x : 0/158 nodes are available: 14 node(s) didn&#39;t match Pod&#39;s node affinity/selector, 5 node(s) were unschedulable, 60 Insufficient cpu, 79 node(s) had untolerated taint(s). no new claims to deallocate, preemption: 0/158 nodes are available: 60 No preemption victims found for incoming pod, 98 Preemption is not helpful for scheduling.&#xA;* 0001-01-01T00:00:00Z 0x : 0/158 nodes are available: 14 node(s) didn&#39;t match Pod&#39;s node affinity/selector, 5 node(s) were unschedulable, 60 Insufficient cpu, 79 node(s) had untolerated taint(s). no new claims to deallocate, preemption: 0/158 nodes are available: 1 Insufficient cpu, 59 No preemption victims found for incoming pod, 98 Preemption is not helpful for scheduling.&#xA;* 0001-01-01T00:00:00Z 0x : 0/158 nodes are available: 14 node(s) didn&#39;t match Pod&#39;s node affinity/selector, 5 node(s) were unschedulable, 60 Insufficient cpu, 79 node(s) had untolerated taint(s). no new claims to deallocate, preemption: 0/158 nodes are available: 60 No preemption victims found for incoming pod, 98 Preemption is not helpful for scheduling.&#xA;* 0001-01-01T00:00:00Z 0x : 0/158 nodes are available: 1 Insufficient memory, 14 node(s) didn&#39;t match Pod&#39;s node affinity/selector, 5 node(s) were unschedulable, 60 Insufficient cpu, 79 node(s) had untolerated taint(s). no new claims to deallocate, preemption: 0/158 nodes are available: 60 No preemption victims found for incoming pod, 98 Preemption is not helpful for scheduling.&#xA;* 0001-01-01T00:00:00Z 0x : 0/158 nodes are available: 14 node(s) didn&#39;t match Pod&#39;s node affinity/selector, 5 node(s) were unschedulable, 60 Insufficient cpu, 79 node(s) had untolerated taint(s). no new claims to deallocate, preemption: 0/158 nodes are available: 60 No preemption victims found for incoming pod, 98 Preemption is not helpful for scheduling.&#xA;* 0001-01-01T00:00:00Z 0x : 0/158 nodes are available: 1 Insufficient memory, 14 node(s) didn&#39;t match Pod&#39;s node affinity/selector, 5 node(s) were unschedulable, 60 Insufficient cpu, 79 node(s) had untolerated taint(s). no new claims to deallocate, preemption: 0/158 nodes are available: 60 No preemption victims found for incoming pod, 98 Preemption is not helpful for scheduling.&#xA;* 0001-01-01T00:00:00Z 0x : 0/158 nodes are available: 14 node(s) didn&#39;t match Pod&#39;s node affinity/selector, 5 node(s) were unschedulable, 60 Insufficient cpu, 79 node(s) had untolerated taint(s). no new claims to deallocate, preemption: 0/158 nodes are available: 60 No preemption victims found for incoming pod, 98 Preemption is not helpful for scheduling.&#xA;Link to step on registry info site: https://steps.ci.openshift.org/reference/openshift-e2e-test&#xA;Link to job on registry info site: https://steps.ci.openshift.org/job?org=openshift&amp;repo=release&amp;branch=main&amp;test=e2e-aws-ovn-cgroupsv2&amp;variant=nightly-5.0</failure>
      <system-out>The collected steps of multi-stage phase test.</system-out>
    </testcase>
  </testsuite>
</testsuites>