<testsuites>
  <testsuite name="step graph" tests="33" skipped="0" failures="2" time="16969.097401054">
    <properties></properties>
    <testcase name="" time="0.000102819"></testcase>
    <testcase name="All images are built and tagged into stable" time="3.781e-06"></testcase>
    <testcase name="Find the input image ocp-4.18-upi-installer and tag it into the pipeline" time="1.430122997"></testcase>
    <testcase name="Find the input image ocp-4.22-upi-installer and tag it into the pipeline" time="1.430615746"></testcase>
    <testcase name="Find the input image ocp-4.5-upi-installer and tag it into the pipeline" time="1.4304252370000001"></testcase>
    <testcase name="Find the input image origin-centos-8 and tag it into the pipeline" time="1.430362787"></testcase>
    <testcase name="Import the release payload &#34;initial&#34; from an external source" time="126.610123781"></testcase>
    <testcase name="Import the release payload &#34;latest&#34; from an external source" time="120.88947946"></testcase>
    <testcase name="Run multi-stage test e2e-gcp-ovn-rt-upgrade - e2e-gcp-ovn-rt-upgrade-gather-audit-logs container test" time="25"></testcase>
    <testcase name="Run multi-stage test e2e-gcp-ovn-rt-upgrade - e2e-gcp-ovn-rt-upgrade-gather-core-dump container test" time="13"></testcase>
    <testcase name="Run multi-stage test e2e-gcp-ovn-rt-upgrade - e2e-gcp-ovn-rt-upgrade-gather-extra container test" time="312"></testcase>
    <testcase name="Run multi-stage test e2e-gcp-ovn-rt-upgrade - e2e-gcp-ovn-rt-upgrade-gather-gcp-console container test" time="28"></testcase>
    <testcase name="Run multi-stage test e2e-gcp-ovn-rt-upgrade - e2e-gcp-ovn-rt-upgrade-gather-must-gather container test" time="127"></testcase>
    <testcase name="Run multi-stage test e2e-gcp-ovn-rt-upgrade - e2e-gcp-ovn-rt-upgrade-gather-network container test" time="127"></testcase>
    <testcase name="Run multi-stage test e2e-gcp-ovn-rt-upgrade - e2e-gcp-ovn-rt-upgrade-ipi-conf container test" time="1"></testcase>
    <testcase name="Run multi-stage test e2e-gcp-ovn-rt-upgrade - e2e-gcp-ovn-rt-upgrade-ipi-conf-debug-kdump-configure-logs container test" time="1"></testcase>
    <testcase name="Run multi-stage test e2e-gcp-ovn-rt-upgrade - e2e-gcp-ovn-rt-upgrade-ipi-conf-debug-kdump-gather-logs container test" time="14"></testcase>
    <testcase name="Run multi-stage test e2e-gcp-ovn-rt-upgrade - e2e-gcp-ovn-rt-upgrade-ipi-conf-gcp container test" time="0"></testcase>
    <testcase name="Run multi-stage test e2e-gcp-ovn-rt-upgrade - e2e-gcp-ovn-rt-upgrade-ipi-conf-gcp-zones container test" time="60"></testcase>
    <testcase name="Run multi-stage test e2e-gcp-ovn-rt-upgrade - e2e-gcp-ovn-rt-upgrade-ipi-conf-telemetry container test" time="0"></testcase>
    <testcase name="Run multi-stage test e2e-gcp-ovn-rt-upgrade - e2e-gcp-ovn-rt-upgrade-ipi-deprovision-deprovision container test" time="885"></testcase>
    <testcase name="Run multi-stage test e2e-gcp-ovn-rt-upgrade - e2e-gcp-ovn-rt-upgrade-ipi-install-hosted-loki container test" time="0"></testcase>
    <testcase name="Run multi-stage test e2e-gcp-ovn-rt-upgrade - e2e-gcp-ovn-rt-upgrade-ipi-install-install-stableinitial container test" time="2842"></testcase>
    <testcase name="Run multi-stage test e2e-gcp-ovn-rt-upgrade - e2e-gcp-ovn-rt-upgrade-ipi-install-monitoringpvc container test" time="0"></testcase>
    <testcase name="Run multi-stage test e2e-gcp-ovn-rt-upgrade - e2e-gcp-ovn-rt-upgrade-ipi-install-rbac container test" time="1"></testcase>
    <testcase name="Run multi-stage test e2e-gcp-ovn-rt-upgrade - e2e-gcp-ovn-rt-upgrade-observers-resource-watch container test" time="1"></testcase>
    <testcase name="Run multi-stage test e2e-gcp-ovn-rt-upgrade - e2e-gcp-ovn-rt-upgrade-openshift-e2e-test container test" time="9665">
      <failure message="">ng monitorTest: legacy-authentication-invariants&#xA;  finalIntervals size = 26530&#xA;  first interval time: From = 2026-05-14 11:11:53 +0000 UTC; To = 2026-05-14 12:09:18.134819804 +0000 UTC m=+15.161121613&#xA;  last interval time: From = 2026-05-14 14:43:29.649360564 +0000 UTC m=+9266.675662373; To = 2026-05-14 14:43:29.649360564 +0000 UTC m=+9266.675662373&#xA;Processing monitorTest: alert-summary-serializer&#xA;  finalIntervals size = 26530&#xA;  first interval time: From = 2026-05-14 11:11:53 +0000 UTC; To = 2026-05-14 12:09:18.134819804 +0000 UTC m=+15.161121613&#xA;  last interval time: From = 2026-05-14 14:43:29.649360564 +0000 UTC m=+9266.675662373; To = 2026-05-14 14:43:29.649360564 +0000 UTC m=+9266.675662373&#xA;Processing monitorTest: faulty-load-balancer&#xA;  finalIntervals size = 26530&#xA;  first interval time: From = 2026-05-14 11:11:53 +0000 UTC; To = 2026-05-14 12:09:18.134819804 +0000 UTC m=+15.161121613&#xA;  last interval time: From = 2026-05-14 14:43:29.649360564 +0000 UTC m=+9266.675662373; To = 2026-05-14 14:43:29.649360564 +0000 UTC m=+9266.675662373&#xA;Writing junits.&#xA;Writing JUnit report to /logs/artifacts/junit/e2e-monitor-tests__20260514-120917.xml&#xA;Failing tests:&#xA;&#xA;[sig-arch][Feature:ClusterUpgrade] Cluster should be upgradeable after finishing upgrade [Late][Suite:upgrade]&#xA;[sig-arch][Feature:ClusterUpgrade] Cluster should remain functional during upgrade [Disruptive] [Serial]&#xA;&#xA;Writing JUnit report to /logs/artifacts/junit/junit_e2e__20260514-120917.xml&#xA;&#xA;Suite run returned error: 2 fail, 30 pass, 2 skip (2h34m12s)&#xA;error running options: 2 fail, 30 pass, 2 skip (2h34m12s)error: 2 fail, 30 pass, 2 skip (2h34m12s)&#xA;Skipping conformance suite because post-update ClusterVersion Progressing=True&#xA;{&#34;component&#34;:&#34;entrypoint&#34;,&#34;error&#34;:&#34;wrapped process failed: exit status 1&#34;,&#34;file&#34;:&#34;sigs.k8s.io/prow/pkg/entrypoint/run.go:84&#34;,&#34;func&#34;:&#34;sigs.k8s.io/prow/pkg/entrypoint.Options.internalRun&#34;,&#34;level&#34;:&#34;error&#34;,&#34;msg&#34;:&#34;Error executing test process&#34;,&#34;severity&#34;:&#34;error&#34;,&#34;time&#34;:&#34;2026-05-14T14:47:42Z&#34;}&#xA;error: failed to execute wrapped command: exit status 1&#xA;</failure>
    </testcase>
    <testcase name="Run multi-stage test e2e-gcp-ovn-rt-upgrade - e2e-gcp-ovn-rt-upgrade-openshift-tests-extension-admission-crd-install container test" time="0"></testcase>
    <testcase name="Run multi-stage test e2e-gcp-ovn-rt-upgrade - e2e-gcp-ovn-rt-upgrade-optional-operators-configure-realtime-tuned-profile container test" time="1360"></testcase>
    <testcase name="Run multi-stage test e2e-gcp-ovn-rt-upgrade - e2e-gcp-ovn-rt-upgrade-ovn-conf container test" time="1"></testcase>
    <testcase name="Run multi-stage test post phase" time="2339.934205187">
      <system-out>The collected steps of multi-stage phase post.</system-out>
    </testcase>
    <testcase name="Run multi-stage test pre phase" time="4788.911180313">
      <system-out>The collected steps of multi-stage phase pre.</system-out>
    </testcase>
    <testcase name="Run multi-stage test test phase" time="9712.426551176">
      <failure message="">&#34;e2e-gcp-ovn-rt-upgrade&#34; pod &#34;e2e-gcp-ovn-rt-upgrade-openshift-e2e-test&#34; failed: could not watch pod: the pod ci-op-2jqhcf8j/e2e-gcp-ovn-rt-upgrade-openshift-e2e-test failed after 2h41m18s (failed containers: test): ContainerFailed one or more containers exited&#xA;&#xA;Container test exited with code 1, reason Error&#xA;---&#xA;ng monitorTest: legacy-authentication-invariants&#xA;  finalIntervals size = 26530&#xA;  first interval time: From = 2026-05-14 11:11:53 +0000 UTC; To = 2026-05-14 12:09:18.134819804 +0000 UTC m=+15.161121613&#xA;  last interval time: From = 2026-05-14 14:43:29.649360564 +0000 UTC m=+9266.675662373; To = 2026-05-14 14:43:29.649360564 +0000 UTC m=+9266.675662373&#xA;Processing monitorTest: alert-summary-serializer&#xA;  finalIntervals size = 26530&#xA;  first interval time: From = 2026-05-14 11:11:53 +0000 UTC; To = 2026-05-14 12:09:18.134819804 +0000 UTC m=+15.161121613&#xA;  last interval time: From = 2026-05-14 14:43:29.649360564 +0000 UTC m=+9266.675662373; To = 2026-05-14 14:43:29.649360564 +0000 UTC m=+9266.675662373&#xA;Processing monitorTest: faulty-load-balancer&#xA;  finalIntervals size = 26530&#xA;  first interval time: From = 2026-05-14 11:11:53 +0000 UTC; To = 2026-05-14 12:09:18.134819804 +0000 UTC m=+15.161121613&#xA;  last interval time: From = 2026-05-14 14:43:29.649360564 +0000 UTC m=+9266.675662373; To = 2026-05-14 14:43:29.649360564 +0000 UTC m=+9266.675662373&#xA;Writing junits.&#xA;Writing JUnit report to /logs/artifacts/junit/e2e-monitor-tests__20260514-120917.xml&#xA;Failing tests:&#xA;&#xA;[sig-arch][Feature:ClusterUpgrade] Cluster should be upgradeable after finishing upgrade [Late][Suite:upgrade]&#xA;[sig-arch][Feature:ClusterUpgrade] Cluster should remain functional during upgrade [Disruptive] [Serial]&#xA;&#xA;Writing JUnit report to /logs/artifacts/junit/junit_e2e__20260514-120917.xml&#xA;&#xA;Suite run returned error: 2 fail, 30 pass, 2 skip (2h34m12s)&#xA;error running options: 2 fail, 30 pass, 2 skip (2h34m12s)error: 2 fail, 30 pass, 2 skip (2h34m12s)&#xA;Skipping conformance suite because post-update ClusterVersion Progressing=True&#xA;{&#34;component&#34;:&#34;entrypoint&#34;,&#34;error&#34;:&#34;wrapped process failed: exit status 1&#34;,&#34;file&#34;:&#34;sigs.k8s.io/prow/pkg/entrypoint/run.go:84&#34;,&#34;func&#34;:&#34;sigs.k8s.io/prow/pkg/entrypoint.Options.internalRun&#34;,&#34;level&#34;:&#34;error&#34;,&#34;msg&#34;:&#34;Error executing test process&#34;,&#34;severity&#34;:&#34;error&#34;,&#34;time&#34;:&#34;2026-05-14T14:47:42Z&#34;}&#xA;error: failed to execute wrapped command: exit status 1&#xA;---&#xA;Link to step on registry info site: https://steps.ci.openshift.org/reference/openshift-e2e-test&#xA;Link to job on registry info site: https://steps.ci.openshift.org/job?org=openshift&amp;repo=release&amp;branch=main&amp;test=e2e-gcp-ovn-rt-upgrade&amp;variant=ci-4.18-upgrade-from-stable-4.17</failure>
      <system-out>The collected steps of multi-stage phase test.</system-out>
    </testcase>
  </testsuite>
</testsuites>