<testsuites>
  <testsuite name="step graph" tests="43" skipped="0" failures="2" time="4159.308322036">
    <properties></properties>
    <testcase name="" time="6.6041e-05">
      <properties></properties>
    </testcase>
    <testcase name="All images are built and tagged into stable" time="1.691e-06">
      <properties></properties>
    </testcase>
    <testcase name="Find the input image ci-datarouter2reportportal-latest and tag it into the pipeline" time="4.363645758">
      <properties></properties>
    </testcase>
    <testcase name="Find the input image driver-toolkit-tests and tag it into the pipeline" time="4.362073618">
      <properties></properties>
    </testcase>
    <testcase name="Find the input image ocp-4.12-upi-installer and tag it into the pipeline" time="4.361429136">
      <properties></properties>
    </testcase>
    <testcase name="Find the input image ocp-4.14-upi-installer and tag it into the pipeline" time="4.363479017">
      <properties></properties>
    </testcase>
    <testcase name="Find the input image ocp-4.16-upi-installer and tag it into the pipeline" time="4.361616405">
      <properties></properties>
    </testcase>
    <testcase name="Find the input image ocp-4.18-upi-installer and tag it into the pipeline" time="4.361499444">
      <properties></properties>
    </testcase>
    <testcase name="Find the input image ocp-4.20-upi-installer and tag it into the pipeline" time="4.364018196">
      <properties></properties>
    </testcase>
    <testcase name="Find the input image ocp-4.22-upi-installer and tag it into the pipeline" time="4.362944909">
      <properties></properties>
    </testcase>
    <testcase name="Find the input image ocp-cli-jq-latest and tag it into the pipeline" time="4.361416205">
      <properties></properties>
    </testcase>
    <testcase name="Find the input image origin-centos-8 and tag it into the pipeline" time="4.421034493">
      <properties></properties>
    </testcase>
    <testcase name="Import the release payload &#34;latest&#34; from an external source" time="118.007182286">
      <properties></properties>
    </testcase>
    <testcase name="Run multi-stage test e2e-aws-driver-toolkit-10 - e2e-aws-driver-toolkit-10-aws-deprovision-users-and-policies container test" time="1">
      <properties></properties>
    </testcase>
    <testcase name="Run multi-stage test e2e-aws-driver-toolkit-10 - e2e-aws-driver-toolkit-10-aws-deprovision-verification container test" time="38">
      <properties></properties>
    </testcase>
    <testcase name="Run multi-stage test e2e-aws-driver-toolkit-10 - e2e-aws-driver-toolkit-10-aws-provision-iam-user container test" time="120">
      <properties></properties>
    </testcase>
    <testcase name="Run multi-stage test e2e-aws-driver-toolkit-10 - e2e-aws-driver-toolkit-10-cucushift-installer-reportportal-marker container test" time="0">
      <properties></properties>
    </testcase>
    <testcase name="Run multi-stage test e2e-aws-driver-toolkit-10 - e2e-aws-driver-toolkit-10-gather-audit-logs container test" time="14">
      <properties></properties>
    </testcase>
    <testcase name="Run multi-stage test e2e-aws-driver-toolkit-10 - e2e-aws-driver-toolkit-10-gather-aws-console container test" time="12">
      <properties></properties>
    </testcase>
    <testcase name="Run multi-stage test e2e-aws-driver-toolkit-10 - e2e-aws-driver-toolkit-10-gather-extra container test" time="310">
      <properties></properties>
    </testcase>
    <testcase name="Run multi-stage test e2e-aws-driver-toolkit-10 - e2e-aws-driver-toolkit-10-gather-must-gather container test" time="100">
      <properties></properties>
    </testcase>
    <testcase name="Run multi-stage test e2e-aws-driver-toolkit-10 - e2e-aws-driver-toolkit-10-ipi-conf container test" time="0">
      <properties></properties>
    </testcase>
    <testcase name="Run multi-stage test e2e-aws-driver-toolkit-10 - e2e-aws-driver-toolkit-10-ipi-conf-aws container test" time="5">
      <properties></properties>
    </testcase>
    <testcase name="Run multi-stage test e2e-aws-driver-toolkit-10 - e2e-aws-driver-toolkit-10-ipi-conf-aws-byo-ipv4-pool-public container test" time="0">
      <properties></properties>
    </testcase>
    <testcase name="Run multi-stage test e2e-aws-driver-toolkit-10 - e2e-aws-driver-toolkit-10-ipi-conf-aws-user-min-permissions container test" time="0">
      <properties></properties>
    </testcase>
    <testcase name="Run multi-stage test e2e-aws-driver-toolkit-10 - e2e-aws-driver-toolkit-10-ipi-conf-telemetry container test" time="0">
      <properties></properties>
    </testcase>
    <testcase name="Run multi-stage test e2e-aws-driver-toolkit-10 - e2e-aws-driver-toolkit-10-ipi-deprovision-deprovision container test" time="314">
      <properties></properties>
    </testcase>
    <testcase name="Run multi-stage test e2e-aws-driver-toolkit-10 - e2e-aws-driver-toolkit-10-ipi-install-hosted-loki container test" time="0">
      <properties></properties>
    </testcase>
    <testcase name="Run multi-stage test e2e-aws-driver-toolkit-10 - e2e-aws-driver-toolkit-10-ipi-install-install container test" time="2408">
      <properties></properties>
    </testcase>
    <testcase name="Run multi-stage test e2e-aws-driver-toolkit-10 - e2e-aws-driver-toolkit-10-ipi-install-monitoringpvc container test" time="0">
      <properties></properties>
    </testcase>
    <testcase name="Run multi-stage test e2e-aws-driver-toolkit-10 - e2e-aws-driver-toolkit-10-ipi-install-rbac container test" time="1">
      <properties></properties>
    </testcase>
    <testcase name="Run multi-stage test e2e-aws-driver-toolkit-10 - e2e-aws-driver-toolkit-10-ipi-install-times-collection container test" time="1">
      <properties></properties>
    </testcase>
    <testcase name="Run multi-stage test e2e-aws-driver-toolkit-10 - e2e-aws-driver-toolkit-10-multiarch-validate-nodes container test" time="0">
      <properties></properties>
    </testcase>
    <testcase name="Run multi-stage test e2e-aws-driver-toolkit-10 - e2e-aws-driver-toolkit-10-nodes-readiness container test" time="1">
      <properties></properties>
    </testcase>
    <testcase name="Run multi-stage test e2e-aws-driver-toolkit-10 - e2e-aws-driver-toolkit-10-observers-resource-watch container test" time="0">
      <properties></properties>
    </testcase>
    <testcase name="Run multi-stage test e2e-aws-driver-toolkit-10 - e2e-aws-driver-toolkit-10-openshift-cluster-bot-rbac container test" time="1">
      <properties></properties>
    </testcase>
    <testcase name="Run multi-stage test e2e-aws-driver-toolkit-10 - e2e-aws-driver-toolkit-10-openshift-tests-extension-admission-crd-install container test" time="4">
      <properties></properties>
    </testcase>
    <testcase name="Run multi-stage test e2e-aws-driver-toolkit-10 - e2e-aws-driver-toolkit-10-rhcos-conf-osstream container test" time="1">
      <properties></properties>
    </testcase>
    <testcase name="Run multi-stage test e2e-aws-driver-toolkit-10 - e2e-aws-driver-toolkit-10-send-results-to-reportportal container test" time="0">
      <properties></properties>
    </testcase>
    <testcase name="Run multi-stage test e2e-aws-driver-toolkit-10 - e2e-aws-driver-toolkit-10-test container test" time="74">
      <properties></properties>
      <failure message="">cho 10.2.20260728-0 10.2.20260728-0&#xA;+ rhcos_version=&#39;10.2.20260728-0 10.2.20260728-0&#39;&#xA;+ echo &#39;INFO: RHCOS version: 10.2.20260728-0 10.2.20260728-0&#39;&#xA;INFO: RHCOS version: 10.2.20260728-0 10.2.20260728-0&#xA;+ oc get imagestream/driver-toolkit -n openshift -o json&#xA;+ jq &#39;.spec.tags[].name&#39;&#xA;&#34;10.2.20260728-0&#34;&#xA;&#34;9.8.20260727-0&#34;&#xA;&#34;latest&#34;&#xA;&#34;latest-rhel-10&#34;&#xA;++ oc get imagestream/driver-toolkit -n openshift -o json&#xA;++ jq -r &#39;.spec.tags[] | select(.name == &#34;latest-rhel-10&#34;) | .from.name&#39;&#xA;+ image_dtk_tag=quay.io/openshift-release-dev/ocp-v5.0-art-dev@sha256:eec8d9e0a1990ef794819c5cc24b1e20bc814e519d3b6cdb305ca01a022165b8&#xA;+ echo &#39;INFO: Image from latest-rhel-10 tag: quay.io/openshift-release-dev/ocp-v5.0-art-dev@sha256:eec8d9e0a1990ef794819c5cc24b1e20bc814e519d3b6cdb305ca01a022165b8&#39;&#xA;INFO: Image from latest-rhel-10 tag: quay.io/openshift-release-dev/ocp-v5.0-art-dev@sha256:eec8d9e0a1990ef794819c5cc24b1e20bc814e519d3b6cdb305ca01a022165b8&#xA;+ echo quay.io/openshift-release-dev/ocp-v5.0-art-dev@sha256:eec8d9e0a1990ef794819c5cc24b1e20bc814e519d3b6cdb305ca01a022165b8&#xA;++ oc get imagestream/driver-toolkit -n openshift -o json&#xA;++ jq -r &#39;.spec.tags[] | select(.name == &#34;10.2.20260728-0 10.2.20260728-0&#34;) | .from.name&#39;&#xA;+ image_rhcos_tag=&#xA;+ echo &#39;INFO: Image from RHCOS tag: &#39;&#xA;INFO: Image from RHCOS tag: &#xA;+ [[ quay.io/openshift-release-dev/ocp-v5.0-art-dev@sha256:eec8d9e0a1990ef794819c5cc24b1e20bc814e519d3b6cdb305ca01a022165b8 == &#39;&#39; ]]&#xA;+ [[ &#39;&#39; == &#39;&#39; ]]&#xA;+ echo &#39;ERROR: driver-toolkit RHCOS version tag is empty string&#39;&#xA;ERROR: driver-toolkit RHCOS version tag is empty string&#xA;+ exit 1&#xA;+ cleanup&#xA;+ oc delete ns openshift-e2e-driver-toolkit&#xA;namespace &#34;openshift-e2e-driver-toolkit&#34; deleted&#xA;make: *** [test-e2e] Error 1&#xA;{&#34;component&#34;:&#34;entrypoint&#34;,&#34;error&#34;:&#34;wrapped process failed: exit status 2&#34;,&#34;file&#34;:&#34;sigs.k8s.io/prow/pkg/entrypoint/run.go:84&#34;,&#34;func&#34;:&#34;sigs.k8s.io/prow/pkg/entrypoint.Options.internalRun&#34;,&#34;level&#34;:&#34;error&#34;,&#34;msg&#34;:&#34;Error executing test process&#34;,&#34;severity&#34;:&#34;error&#34;,&#34;time&#34;:&#34;2026-07-29T09:11:56Z&#34;}&#xA;error: failed to execute wrapped command: exit status 2&#xA;</failure>
    </testcase>
    <testcase name="Run multi-stage test post phase" time="1194.546209373">
      <properties></properties>
      <system-out>The collected steps of multi-stage phase post.</system-out>
    </testcase>
    <testcase name="Run multi-stage test pre phase" time="2750.029344614">
      <properties></properties>
      <system-out>The collected steps of multi-stage phase pre.</system-out>
    </testcase>
    <testcase name="Run multi-stage test test phase" time="94.707066854">
      <properties></properties>
      <failure message="">&#34;e2e-aws-driver-toolkit-10&#34; pod &#34;e2e-aws-driver-toolkit-10-test&#34; failed: could not watch pod: the pod ci-op-gsv6dq92/e2e-aws-driver-toolkit-10-test failed after 1m32s (failed containers: test): ContainerFailed one or more containers exited&#xA;&#xA;Container test exited with code 2, reason Error&#xA;---&#xA;cho 10.2.20260728-0 10.2.20260728-0&#xA;+ rhcos_version=&#39;10.2.20260728-0 10.2.20260728-0&#39;&#xA;+ echo &#39;INFO: RHCOS version: 10.2.20260728-0 10.2.20260728-0&#39;&#xA;INFO: RHCOS version: 10.2.20260728-0 10.2.20260728-0&#xA;+ oc get imagestream/driver-toolkit -n openshift -o json&#xA;+ jq &#39;.spec.tags[].name&#39;&#xA;&#34;10.2.20260728-0&#34;&#xA;&#34;9.8.20260727-0&#34;&#xA;&#34;latest&#34;&#xA;&#34;latest-rhel-10&#34;&#xA;++ oc get imagestream/driver-toolkit -n openshift -o json&#xA;++ jq -r &#39;.spec.tags[] | select(.name == &#34;latest-rhel-10&#34;) | .from.name&#39;&#xA;+ image_dtk_tag=quay.io/openshift-release-dev/ocp-v5.0-art-dev@sha256:eec8d9e0a1990ef794819c5cc24b1e20bc814e519d3b6cdb305ca01a022165b8&#xA;+ echo &#39;INFO: Image from latest-rhel-10 tag: quay.io/openshift-release-dev/ocp-v5.0-art-dev@sha256:eec8d9e0a1990ef794819c5cc24b1e20bc814e519d3b6cdb305ca01a022165b8&#39;&#xA;INFO: Image from latest-rhel-10 tag: quay.io/openshift-release-dev/ocp-v5.0-art-dev@sha256:eec8d9e0a1990ef794819c5cc24b1e20bc814e519d3b6cdb305ca01a022165b8&#xA;+ echo quay.io/openshift-release-dev/ocp-v5.0-art-dev@sha256:eec8d9e0a1990ef794819c5cc24b1e20bc814e519d3b6cdb305ca01a022165b8&#xA;++ oc get imagestream/driver-toolkit -n openshift -o json&#xA;++ jq -r &#39;.spec.tags[] | select(.name == &#34;10.2.20260728-0 10.2.20260728-0&#34;) | .from.name&#39;&#xA;+ image_rhcos_tag=&#xA;+ echo &#39;INFO: Image from RHCOS tag: &#39;&#xA;INFO: Image from RHCOS tag: &#xA;+ [[ quay.io/openshift-release-dev/ocp-v5.0-art-dev@sha256:eec8d9e0a1990ef794819c5cc24b1e20bc814e519d3b6cdb305ca01a022165b8 == &#39;&#39; ]]&#xA;+ [[ &#39;&#39; == &#39;&#39; ]]&#xA;+ echo &#39;ERROR: driver-toolkit RHCOS version tag is empty string&#39;&#xA;ERROR: driver-toolkit RHCOS version tag is empty string&#xA;+ exit 1&#xA;+ cleanup&#xA;+ oc delete ns openshift-e2e-driver-toolkit&#xA;namespace &#34;openshift-e2e-driver-toolkit&#34; deleted&#xA;make: *** [test-e2e] Error 1&#xA;{&#34;component&#34;:&#34;entrypoint&#34;,&#34;error&#34;:&#34;wrapped process failed: exit status 2&#34;,&#34;file&#34;:&#34;sigs.k8s.io/prow/pkg/entrypoint/run.go:84&#34;,&#34;func&#34;:&#34;sigs.k8s.io/prow/pkg/entrypoint.Options.internalRun&#34;,&#34;level&#34;:&#34;error&#34;,&#34;msg&#34;:&#34;Error executing test process&#34;,&#34;severity&#34;:&#34;error&#34;,&#34;time&#34;:&#34;2026-07-29T09:11:56Z&#34;}&#xA;error: failed to execute wrapped command: exit status 2&#xA;---&#xA;Link to step on registry info site: https://steps.ci.openshift.org/reference/test&#xA;Link to job on registry info site: https://steps.ci.openshift.org/job?org=openshift&amp;repo=release&amp;branch=main&amp;test=e2e-aws-driver-toolkit-10&amp;variant=nightly-5.0</failure>
      <system-out>The collected steps of multi-stage phase test.</system-out>
    </testcase>
  </testsuite>
</testsuites>