<testsuites>
  <testsuite name="step graph" tests="45" skipped="0" failures="2" time="11528.919453056">
    <properties></properties>
    <testcase name="" time="6.4912e-05"></testcase>
    <testcase name="All images are built and tagged into stable" time="1.58e-06"></testcase>
    <testcase name="Find the input image ci-XXXXXX-XXXXXXXXX-ci-latest and tag it into the pipeline" time="27.606507194"></testcase>
    <testcase name="Find the input image ocp-4.12-upi-installer and tag it into the pipeline" time="27.606644197"></testcase>
    <testcase name="Find the input image ocp-4.14-upi-installer and tag it into the pipeline" time="27.607596995"></testcase>
    <testcase name="Find the input image ocp-4.16-upi-installer and tag it into the pipeline" time="27.607822492"></testcase>
    <testcase name="Find the input image ocp-4.18-upi-installer and tag it into the pipeline" time="27.607550734"></testcase>
    <testcase name="Find the input image ocp-4.20-upi-installer and tag it into the pipeline" time="27.608963906"></testcase>
    <testcase name="Find the input image origin-centos-8 and tag it into the pipeline" time="27.606910865"></testcase>
    <testcase name="Import the release payload &#34;latest&#34; from an external source" time="150.037994708"></testcase>
    <testcase name="Run multi-stage test payload-control-plane-6nodes - payload-control-plane-6nodes-aws-deprovision-users-and-policies container test" time="0"></testcase>
    <testcase name="Run multi-stage test payload-control-plane-6nodes - payload-control-plane-6nodes-aws-deprovision-verification container test" time="62"></testcase>
    <testcase name="Run multi-stage test payload-control-plane-6nodes - payload-control-plane-6nodes-aws-provision-iam-user container test" time="120"></testcase>
    <testcase name="Run multi-stage test payload-control-plane-6nodes - payload-control-plane-6nodes-gather-audit-logs container test" time="32"></testcase>
    <testcase name="Run multi-stage test payload-control-plane-6nodes - payload-control-plane-6nodes-gather-aws-console container test" time="30"></testcase>
    <testcase name="Run multi-stage test payload-control-plane-6nodes - payload-control-plane-6nodes-gather-extra container test" time="468"></testcase>
    <testcase name="Run multi-stage test payload-control-plane-6nodes - payload-control-plane-6nodes-gather-must-gather container test" time="167"></testcase>
    <testcase name="Run multi-stage test payload-control-plane-6nodes - payload-control-plane-6nodes-ipi-conf container test" time="0"></testcase>
    <testcase name="Run multi-stage test payload-control-plane-6nodes - payload-control-plane-6nodes-ipi-conf-aws container test" time="5"></testcase>
    <testcase name="Run multi-stage test payload-control-plane-6nodes - payload-control-plane-6nodes-ipi-conf-aws-byo-ipv4-pool-public container test" time="1"></testcase>
    <testcase name="Run multi-stage test payload-control-plane-6nodes - payload-control-plane-6nodes-ipi-conf-aws-user-min-permissions container test" time="0"></testcase>
    <testcase name="Run multi-stage test payload-control-plane-6nodes - payload-control-plane-6nodes-ipi-conf-telemetry container test" time="0"></testcase>
    <testcase name="Run multi-stage test payload-control-plane-6nodes - payload-control-plane-6nodes-ipi-deprovision-deprovision container test" time="363"></testcase>
    <testcase name="Run multi-stage test payload-control-plane-6nodes - payload-control-plane-6nodes-ipi-install-hosted-loki container test" time="1"></testcase>
    <testcase name="Run multi-stage test payload-control-plane-6nodes - payload-control-plane-6nodes-ipi-install-install container test" time="2646"></testcase>
    <testcase name="Run multi-stage test payload-control-plane-6nodes - payload-control-plane-6nodes-ipi-install-monitoringpvc container test" time="0"></testcase>
    <testcase name="Run multi-stage test payload-control-plane-6nodes - payload-control-plane-6nodes-ipi-install-rbac container test" time="1"></testcase>
    <testcase name="Run multi-stage test payload-control-plane-6nodes - payload-control-plane-6nodes-ipi-install-times-collection container test" time="1"></testcase>
    <testcase name="Run multi-stage test payload-control-plane-6nodes - payload-control-plane-6nodes-multiarch-validate-nodes container test" time="0"></testcase>
    <testcase name="Run multi-stage test payload-control-plane-6nodes - payload-control-plane-6nodes-nodes-readiness container test" time="1"></testcase>
    <testcase name="Run multi-stage test payload-control-plane-6nodes - payload-control-plane-6nodes-openshift-cluster-bot-rbac container test" time="0"></testcase>
    <testcase name="Run multi-stage test payload-control-plane-6nodes - payload-control-plane-6nodes-openshift-qe-cluster-density-v2 container test" time="1864"></testcase>
    <testcase name="Run multi-stage test payload-control-plane-6nodes - payload-control-plane-6nodes-openshift-qe-crd-scale container test" time="260"></testcase>
    <testcase name="Run multi-stage test payload-control-plane-6nodes - payload-control-plane-6nodes-openshift-qe-move-pods-infra container test" time="326"></testcase>
    <testcase name="Run multi-stage test payload-control-plane-6nodes - payload-control-plane-6nodes-openshift-qe-node-density container test" time="743"></testcase>
    <testcase name="Run multi-stage test payload-control-plane-6nodes - payload-control-plane-6nodes-openshift-qe-node-density-cni container test" time="941"></testcase>
    <testcase name="Run multi-stage test payload-control-plane-6nodes - payload-control-plane-6nodes-openshift-qe-orion-udn-density container test" time="71">
      <failure message="">hsahil264&#34;,&#34;vishnuchalla&#34;]&#xA;+ for f in junit*.json&#xA;+ &#39;[&#39; -e junit_payload-udn-density-l2-pods.json &#39;]&#39;&#xA;+ echo &#39;Processing file: junit_payload-udn-density-l2-pods.json&#39;&#xA;Processing file: junit_payload-udn-density-l2-pods.json&#xA;+ jq --argjson owners &#39;[&#34;afcollins&#34;,&#34;amoghrd&#34;,&#34;chaitanyaenr&#34;,&#34;josecastillolema&#34;,&#34;jpinsonneau&#34;,&#34;jtaleric&#34;,&#34;krishvoor&#34;,&#34;liqcui&#34;,&#34;mehabhalodiya&#34;,&#34;memodi&#34;,&#34;mffiedler&#34;,&#34;paigerube14&#34;,&#34;qiliredhat&#34;,&#34;rpattath&#34;,&#34;rsevilla87&#34;,&#34;sachinninganure&#34;,&#34;shahsahil264&#34;,&#34;vishnuchalla&#34;]&#39; &#39;&#xA;        map(&#xA;            if .is_changepoint != true then&#xA;                .&#xA;            else&#xA;                .github_context.repositories |=&#xA;                    with_entries(&#xA;                        .value.commits.items |=&#xA;                            map(&#xA;                                select(&#xA;                                    (.commit_author.email // &#34;&#34; | ascii_downcase | contains($owners[]))&#xA;                                    or&#xA;                                    (.commit_author.name // &#34;&#34; | ascii_downcase | contains($owners[]))&#xA;                                )&#xA;                            )&#xA;                        | .value.commits.count = (.value.commits.items | length)&#xA;                    )&#xA;            end&#xA;        )&#xA;        &#39; junit_payload-udn-density-l2-pods.json&#xA;+ mv junit_payload-udn-density-l2-pods.json.tmp junit_payload-udn-density-l2-pods.json&#xA;+ echo &#39;Updated junit_payload-udn-density-l2-pods.json&#39;&#xA;Updated junit_payload-udn-density-l2-pods.json&#xA;+ cp data-payload-udn-density-l2-pods.csv junit.xml junit_payload-udn-density-l2-pods.json prowjob.json owners.txt requirements-test.txt requirements.txt junit_payload-udn-density-l2-pods_viz.html /logs/artifacts/&#xA;+ &#39;[&#39; 2 -eq 3 &#39;]&#39;&#xA;+ exit 2&#xA;{&#34;component&#34;:&#34;entrypoint&#34;,&#34;error&#34;:&#34;wrapped process failed: exit status 2&#34;,&#34;file&#34;:&#34;sigs.k8s.io/prow/pkg/entrypoint/run.go:84&#34;,&#34;func&#34;:&#34;sigs.k8s.io/prow/pkg/entrypoint.Options.internalRun&#34;,&#34;level&#34;:&#34;error&#34;,&#34;msg&#34;:&#34;Error executing test process&#34;,&#34;severity&#34;:&#34;error&#34;,&#34;time&#34;:&#34;2026-03-27T02:01:48Z&#34;}&#xA;error: failed to execute wrapped command: exit status 2&#xA;</failure>
    </testcase>
    <testcase name="Run multi-stage test payload-control-plane-6nodes - payload-control-plane-6nodes-openshift-qe-udn-density-pods container test" time="862"></testcase>
    <testcase name="Run multi-stage test payload-control-plane-6nodes - payload-control-plane-6nodes-openshift-qe-workers-infra-workload container test" time="1276"></testcase>
    <testcase name="Run multi-stage test payload-control-plane-6nodes - payload-control-plane-6nodes-openshift-qe-workers-scale container test" time="316"></testcase>
    <testcase name="Run multi-stage test payload-control-plane-6nodes - payload-control-plane-6nodes-openshift-tests-extension-admission-crd-install container test" time="2"></testcase>
    <testcase name="Run multi-stage test payload-control-plane-6nodes - payload-control-plane-6nodes-rhcos-conf-osstream container test" time="0"></testcase>
    <testcase name="Run multi-stage test post phase" time="1634.962169713">
      <system-out>The collected steps of multi-stage phase post.</system-out>
    </testcase>
    <testcase name="Run multi-stage test pre phase" time="4561.64813109">
      <system-out>The collected steps of multi-stage phase pre.</system-out>
    </testcase>
    <testcase name="Run multi-stage test test phase" time="5179.763436574">
      <failure message="">&#34;payload-control-plane-6nodes&#34; pod &#34;payload-control-plane-6nodes-openshift-qe-orion-udn-density&#34; failed: could not watch pod: the pod ci-op-75qwty8p/payload-control-plane-6nodes-openshift-qe-orion-udn-density failed after 1m18s (failed containers: test): ContainerFailed one or more containers exited&#xA;&#xA;Container test exited with code 2, reason Error&#xA;---&#xA;hsahil264&#34;,&#34;vishnuchalla&#34;]&#xA;+ for f in junit*.json&#xA;+ &#39;[&#39; -e junit_payload-udn-density-l2-pods.json &#39;]&#39;&#xA;+ echo &#39;Processing file: junit_payload-udn-density-l2-pods.json&#39;&#xA;Processing file: junit_payload-udn-density-l2-pods.json&#xA;+ jq --argjson owners &#39;[&#34;afcollins&#34;,&#34;amoghrd&#34;,&#34;chaitanyaenr&#34;,&#34;josecastillolema&#34;,&#34;jpinsonneau&#34;,&#34;jtaleric&#34;,&#34;krishvoor&#34;,&#34;liqcui&#34;,&#34;mehabhalodiya&#34;,&#34;memodi&#34;,&#34;mffiedler&#34;,&#34;paigerube14&#34;,&#34;qiliredhat&#34;,&#34;rpattath&#34;,&#34;rsevilla87&#34;,&#34;sachinninganure&#34;,&#34;shahsahil264&#34;,&#34;vishnuchalla&#34;]&#39; &#39;&#xA;        map(&#xA;            if .is_changepoint != true then&#xA;                .&#xA;            else&#xA;                .github_context.repositories |=&#xA;                    with_entries(&#xA;                        .value.commits.items |=&#xA;                            map(&#xA;                                select(&#xA;                                    (.commit_author.email // &#34;&#34; | ascii_downcase | contains($owners[]))&#xA;                                    or&#xA;                                    (.commit_author.name // &#34;&#34; | ascii_downcase | contains($owners[]))&#xA;                                )&#xA;                            )&#xA;                        | .value.commits.count = (.value.commits.items | length)&#xA;                    )&#xA;            end&#xA;        )&#xA;        &#39; junit_payload-udn-density-l2-pods.json&#xA;+ mv junit_payload-udn-density-l2-pods.json.tmp junit_payload-udn-density-l2-pods.json&#xA;+ echo &#39;Updated junit_payload-udn-density-l2-pods.json&#39;&#xA;Updated junit_payload-udn-density-l2-pods.json&#xA;+ cp data-payload-udn-density-l2-pods.csv junit.xml junit_payload-udn-density-l2-pods.json prowjob.json owners.txt requirements-test.txt requirements.txt junit_payload-udn-density-l2-pods_viz.html /logs/artifacts/&#xA;+ &#39;[&#39; 2 -eq 3 &#39;]&#39;&#xA;+ exit 2&#xA;{&#34;component&#34;:&#34;entrypoint&#34;,&#34;error&#34;:&#34;wrapped process failed: exit status 2&#34;,&#34;file&#34;:&#34;sigs.k8s.io/prow/pkg/entrypoint/run.go:84&#34;,&#34;func&#34;:&#34;sigs.k8s.io/prow/pkg/entrypoint.Options.internalRun&#34;,&#34;level&#34;:&#34;error&#34;,&#34;msg&#34;:&#34;Error executing test process&#34;,&#34;severity&#34;:&#34;error&#34;,&#34;time&#34;:&#34;2026-03-27T02:01:48Z&#34;}&#xA;error: failed to execute wrapped command: exit status 2&#xA;---&#xA;Link to step on registry info site: https://steps.ci.openshift.org/reference/openshift-qe-orion-udn-density&#xA;Link to job on registry info site: https://steps.ci.openshift.org/job?org=openshift-eng&amp;repo=XXXXXX-XXXXXXXXX-ci&amp;branch=main&amp;test=payload-control-plane-6nodes&amp;variant=aws-4.22-nightly-x86</failure>
      <system-out>The collected steps of multi-stage phase test.</system-out>
    </testcase>
  </testsuite>
</testsuites>