<testsuite name="payload-cross-jobs" tests="1" skipped="0" failures="0" time="0"><properties></properties><testsuite name="minimum-required-passes-checker" tests="1" skipped="0" failures="0" time="0"><properties></properties><testsuite name="cluster install" tests="1" skipped="0" failures="0" time="0"><properties></properties><testcase name="test &#39;install should succeed: overall&#39; has required number of successful passes across payload jobs for including:ovn-proxy" time="0.000187214"><system-out>name: &#39;install should succeed: overall&#39;&#xA;testsuitename: cluster install&#xA;summary: &#39;Total job runs: 1, passes: 1, failures: 0, skips 0&#39;&#xA;passes:&#xA;- jobrunid: &#34;2037307733987823616&#34;&#xA;  humanurl: https://prow.ci.openshift.org/view/gs/test-platform-results/logs/periodic-ci-openshift-release-main-nightly-4.22-e2e-aws-ovn-proxy/2037307733987823616&#xA;  gcsartifacturl: https://gcsweb-ci.apps.ci.l2s4.p1.openshiftapps.com/gcs/test-platform-results/logs/periodic-ci-openshift-release-main-nightly-4.22-e2e-aws-ovn-proxy/2037307733987823616/artifacts&#xA;failures: []&#xA;skips: []&#xA;</system-out></testcase></testsuite></testsuite></testsuite>