<testsuites>
  <testsuite name="step graph" tests="33" skipped="0" failures="2" time="15885.890809243">
    <properties></properties>
    <testcase name="" time="5.605e-05"></testcase>
    <testcase name="All images are built and tagged into stable" time="2.703e-06"></testcase>
    <testcase name="Find the input image ocp-4.18-upi-installer and tag it into the pipeline" time="1.657992651"></testcase>
    <testcase name="Find the input image ocp-4.22-upi-installer and tag it into the pipeline" time="1.657706722"></testcase>
    <testcase name="Find the input image ocp-4.5-upi-installer and tag it into the pipeline" time="1.661194156"></testcase>
    <testcase name="Find the input image origin-centos-8 and tag it into the pipeline" time="1.6615963900000001"></testcase>
    <testcase name="Import the release payload &#34;initial&#34; from an external source" time="144.700771436"></testcase>
    <testcase name="Import the release payload &#34;latest&#34; from an external source" time="144.710552167"></testcase>
    <testcase name="Run multi-stage test e2e-gcp-ovn-rt-upgrade - e2e-gcp-ovn-rt-upgrade-gather-audit-logs container test" time="35"></testcase>
    <testcase name="Run multi-stage test e2e-gcp-ovn-rt-upgrade - e2e-gcp-ovn-rt-upgrade-gather-core-dump container test" time="13"></testcase>
    <testcase name="Run multi-stage test e2e-gcp-ovn-rt-upgrade - e2e-gcp-ovn-rt-upgrade-gather-extra container test" time="320"></testcase>
    <testcase name="Run multi-stage test e2e-gcp-ovn-rt-upgrade - e2e-gcp-ovn-rt-upgrade-gather-gcp-console container test" time="28"></testcase>
    <testcase name="Run multi-stage test e2e-gcp-ovn-rt-upgrade - e2e-gcp-ovn-rt-upgrade-gather-must-gather container test" time="135"></testcase>
    <testcase name="Run multi-stage test e2e-gcp-ovn-rt-upgrade - e2e-gcp-ovn-rt-upgrade-gather-network container test" time="141"></testcase>
    <testcase name="Run multi-stage test e2e-gcp-ovn-rt-upgrade - e2e-gcp-ovn-rt-upgrade-ipi-conf container test" time="0"></testcase>
    <testcase name="Run multi-stage test e2e-gcp-ovn-rt-upgrade - e2e-gcp-ovn-rt-upgrade-ipi-conf-debug-kdump-configure-logs container test" time="1"></testcase>
    <testcase name="Run multi-stage test e2e-gcp-ovn-rt-upgrade - e2e-gcp-ovn-rt-upgrade-ipi-conf-debug-kdump-gather-logs container test" time="8"></testcase>
    <testcase name="Run multi-stage test e2e-gcp-ovn-rt-upgrade - e2e-gcp-ovn-rt-upgrade-ipi-conf-gcp container test" time="0"></testcase>
    <testcase name="Run multi-stage test e2e-gcp-ovn-rt-upgrade - e2e-gcp-ovn-rt-upgrade-ipi-conf-gcp-zones container test" time="54"></testcase>
    <testcase name="Run multi-stage test e2e-gcp-ovn-rt-upgrade - e2e-gcp-ovn-rt-upgrade-ipi-conf-telemetry container test" time="0"></testcase>
    <testcase name="Run multi-stage test e2e-gcp-ovn-rt-upgrade - e2e-gcp-ovn-rt-upgrade-ipi-deprovision-deprovision container test" time="456"></testcase>
    <testcase name="Run multi-stage test e2e-gcp-ovn-rt-upgrade - e2e-gcp-ovn-rt-upgrade-ipi-install-hosted-loki container test" time="0"></testcase>
    <testcase name="Run multi-stage test e2e-gcp-ovn-rt-upgrade - e2e-gcp-ovn-rt-upgrade-ipi-install-install-stableinitial container test" time="2528"></testcase>
    <testcase name="Run multi-stage test e2e-gcp-ovn-rt-upgrade - e2e-gcp-ovn-rt-upgrade-ipi-install-monitoringpvc container test" time="0"></testcase>
    <testcase name="Run multi-stage test e2e-gcp-ovn-rt-upgrade - e2e-gcp-ovn-rt-upgrade-ipi-install-rbac container test" time="1"></testcase>
    <testcase name="Run multi-stage test e2e-gcp-ovn-rt-upgrade - e2e-gcp-ovn-rt-upgrade-observers-resource-watch container test" time="0"></testcase>
    <testcase name="Run multi-stage test e2e-gcp-ovn-rt-upgrade - e2e-gcp-ovn-rt-upgrade-openshift-e2e-test container test" time="10013">
      <failure message=""> last interval time: From = 2026-05-14 20:09:08.266752615 +0000 UTC m=+9584.808247450; To = 2026-05-14 20:09:08.266752615 +0000 UTC m=+9584.808247450&#xA;Processing monitorTest: pod-lifecycle&#xA;  finalIntervals size = 25771&#xA;  first interval time: From = 2026-05-14 16:31:49 +0000 UTC; To = 2026-05-14 17:36:44.116883565 +0000 UTC m=+440.658378403&#xA;  last interval time: From = 2026-05-14 20:09:08.266752615 +0000 UTC m=+9584.808247450; To = 2026-05-14 20:09:08.266752615 +0000 UTC m=+9584.808247450&#xA;Processing monitorTest: graceful-shutdown-analyzer&#xA;  finalIntervals size = 25771&#xA;  first interval time: From = 2026-05-14 16:31:49 +0000 UTC; To = 2026-05-14 17:36:44.116883565 +0000 UTC m=+440.658378403&#xA;  last interval time: From = 2026-05-14 20:09:08.266752615 +0000 UTC m=+9584.808247450; To = 2026-05-14 20:09:08.266752615 +0000 UTC m=+9584.808247450&#xA;Writing junits.&#xA;Writing JUnit report to /logs/artifacts/junit/e2e-monitor-tests__20260514-172949.xml&#xA;Blocking test failures:&#xA;&#xA;&#x9;* [sig-arch][Feature:ClusterUpgrade] Cluster should be upgradeable after finishing upgrade [Late][Suite:upgrade]&#xA;&#x9;* [sig-arch][Feature:ClusterUpgrade] Cluster should remain functional during upgrade [Disruptive] [Serial]&#xA;&#xA;Writing JUnit report to /logs/artifacts/junit/junit_e2e__20260514-172949.xml&#xA;&#xA;Writing extension test results JSON to /logs/artifacts/junit/extension_test_result_e2e__20260514-172949.json&#xA;Suite run returned error: 2 blocking fail, 0 informing fail, 30 pass, 2 skip (2h39m18s)&#xA;error running options: 2 blocking fail, 0 informing fail, 30 pass, 2 skip (2h39m18s)error: 2 blocking fail, 0 informing fail, 30 pass, 2 skip (2h39m18s)&#xA;Skipping conformance suite because post-update ClusterVersion Progressing=True&#xA;{&#34;component&#34;:&#34;entrypoint&#34;,&#34;error&#34;:&#34;wrapped process failed: exit status 1&#34;,&#34;file&#34;:&#34;sigs.k8s.io/prow/pkg/entrypoint/run.go:84&#34;,&#34;func&#34;:&#34;sigs.k8s.io/prow/pkg/entrypoint.Options.internalRun&#34;,&#34;level&#34;:&#34;error&#34;,&#34;msg&#34;:&#34;Error executing test process&#34;,&#34;severity&#34;:&#34;error&#34;,&#34;time&#34;:&#34;2026-05-14T20:13:36Z&#34;}&#xA;error: failed to execute wrapped command: exit status 1&#xA;</failure>
    </testcase>
    <testcase name="Run multi-stage test e2e-gcp-ovn-rt-upgrade - e2e-gcp-ovn-rt-upgrade-openshift-tests-extension-admission-crd-install container test" time="1"></testcase>
    <testcase name="Run multi-stage test e2e-gcp-ovn-rt-upgrade - e2e-gcp-ovn-rt-upgrade-optional-operators-configure-realtime-tuned-profile container test" time="1349"></testcase>
    <testcase name="Run multi-stage test e2e-gcp-ovn-rt-upgrade - e2e-gcp-ovn-rt-upgrade-ovn-conf container test" time="1"></testcase>
    <testcase name="Run multi-stage test post phase" time="1517.523985176">
      <system-out>The collected steps of multi-stage phase post.</system-out>
    </testcase>
    <testcase name="Run multi-stage test pre phase" time="4186.168363885">
      <system-out>The collected steps of multi-stage phase pre.</system-out>
    </testcase>
    <testcase name="Run multi-stage test test phase" time="10036.262518969">
      <failure message="">&#34;e2e-gcp-ovn-rt-upgrade&#34; pod &#34;e2e-gcp-ovn-rt-upgrade-openshift-e2e-test&#34; failed: could not watch pod: the pod ci-op-35dv244h/e2e-gcp-ovn-rt-upgrade-openshift-e2e-test failed after 2h47m11s (failed containers: test): ContainerFailed one or more containers exited&#xA;&#xA;Container test exited with code 1, reason Error&#xA;---&#xA;last interval time: From = 2026-05-14 20:09:08.266752615 +0000 UTC m=+9584.808247450; To = 2026-05-14 20:09:08.266752615 +0000 UTC m=+9584.808247450&#xA;Processing monitorTest: pod-lifecycle&#xA;  finalIntervals size = 25771&#xA;  first interval time: From = 2026-05-14 16:31:49 +0000 UTC; To = 2026-05-14 17:36:44.116883565 +0000 UTC m=+440.658378403&#xA;  last interval time: From = 2026-05-14 20:09:08.266752615 +0000 UTC m=+9584.808247450; To = 2026-05-14 20:09:08.266752615 +0000 UTC m=+9584.808247450&#xA;Processing monitorTest: graceful-shutdown-analyzer&#xA;  finalIntervals size = 25771&#xA;  first interval time: From = 2026-05-14 16:31:49 +0000 UTC; To = 2026-05-14 17:36:44.116883565 +0000 UTC m=+440.658378403&#xA;  last interval time: From = 2026-05-14 20:09:08.266752615 +0000 UTC m=+9584.808247450; To = 2026-05-14 20:09:08.266752615 +0000 UTC m=+9584.808247450&#xA;Writing junits.&#xA;Writing JUnit report to /logs/artifacts/junit/e2e-monitor-tests__20260514-172949.xml&#xA;Blocking test failures:&#xA;&#xA;&#x9;* [sig-arch][Feature:ClusterUpgrade] Cluster should be upgradeable after finishing upgrade [Late][Suite:upgrade]&#xA;&#x9;* [sig-arch][Feature:ClusterUpgrade] Cluster should remain functional during upgrade [Disruptive] [Serial]&#xA;&#xA;Writing JUnit report to /logs/artifacts/junit/junit_e2e__20260514-172949.xml&#xA;&#xA;Writing extension test results JSON to /logs/artifacts/junit/extension_test_result_e2e__20260514-172949.json&#xA;Suite run returned error: 2 blocking fail, 0 informing fail, 30 pass, 2 skip (2h39m18s)&#xA;error running options: 2 blocking fail, 0 informing fail, 30 pass, 2 skip (2h39m18s)error: 2 blocking fail, 0 informing fail, 30 pass, 2 skip (2h39m18s)&#xA;Skipping conformance suite because post-update ClusterVersion Progressing=True&#xA;{&#34;component&#34;:&#34;entrypoint&#34;,&#34;error&#34;:&#34;wrapped process failed: exit status 1&#34;,&#34;file&#34;:&#34;sigs.k8s.io/prow/pkg/entrypoint/run.go:84&#34;,&#34;func&#34;:&#34;sigs.k8s.io/prow/pkg/entrypoint.Options.internalRun&#34;,&#34;level&#34;:&#34;error&#34;,&#34;msg&#34;:&#34;Error executing test process&#34;,&#34;severity&#34;:&#34;error&#34;,&#34;time&#34;:&#34;2026-05-14T20:13:36Z&#34;}&#xA;error: failed to execute wrapped command: exit status 1&#xA;---&#xA;Link to step on registry info site: https://steps.ci.openshift.org/reference/openshift-e2e-test&#xA;Link to job on registry info site: https://steps.ci.openshift.org/job?org=openshift&amp;repo=release&amp;branch=main&amp;test=e2e-gcp-ovn-rt-upgrade&amp;variant=ci-4.20-upgrade-from-stable-4.19</failure>
      <system-out>The collected steps of multi-stage phase test.</system-out>
    </testcase>
  </testsuite>
</testsuites>