<testsuites>
  <testsuite name="step graph" tests="5" skipped="0" failures="2" time="665.296193458">
    <properties></properties>
    <testcase name="Find the input image ci-job-run-aggregator-latest and tag it into the pipeline" time="0.384858824"></testcase>
    <testcase name="Run multi-stage test post phase" time="1.136e-05">
      <system-out>The collected steps of multi-stage phase post.</system-out>
    </testcase>
    <testcase name="Run multi-stage test pre phase" time="6.0781e-05">
      <system-out>The collected steps of multi-stage phase pre.</system-out>
    </testcase>
    <testcase name="Run multi-stage test release-analysis-aggregator - release-analysis-aggregator-openshift-release-analysis-aggregator container test" time="656">
      <failure message="">-aws-ovn-upgrade/2054990783991255040&#xA;  gcsartifacturl: https://gcsweb-ci.apps.ci.l2s4.p1.openshiftapps.com/gcs/test-platform-results/logs/periodic-ci-openshift-release-main-ci-5.0-upgrade-from-stable-4.22-e2e-aws-ovn-upgrade/2054990783991255040/artifacts&#xA;- jobrunid: &#34;2054990786507837440&#34;&#xA;  humanurl: https://prow.ci.openshift.org/view/gs/test-platform-results/logs/periodic-ci-openshift-release-main-ci-5.0-upgrade-from-stable-4.22-e2e-aws-ovn-upgrade/2054990786507837440&#xA;  gcsartifacturl: https://gcsweb-ci.apps.ci.l2s4.p1.openshiftapps.com/gcs/test-platform-results/logs/periodic-ci-openshift-release-main-ci-5.0-upgrade-from-stable-4.22-e2e-aws-ovn-upgrade/2054990786507837440/artifacts&#xA;- jobrunid: &#34;2054990788353331200&#34;&#xA;  humanurl: https://prow.ci.openshift.org/view/gs/test-platform-results/logs/periodic-ci-openshift-release-main-ci-5.0-upgrade-from-stable-4.22-e2e-aws-ovn-upgrade/2054990788353331200&#xA;  gcsartifacturl: https://gcsweb-ci.apps.ci.l2s4.p1.openshiftapps.com/gcs/test-platform-results/logs/periodic-ci-openshift-release-main-ci-5.0-upgrade-from-stable-4.22-e2e-aws-ovn-upgrade/2054990788353331200/artifacts&#xA;- jobrunid: &#34;2054990791553585152&#34;&#xA;  humanurl: https://prow.ci.openshift.org/view/gs/test-platform-results/logs/periodic-ci-openshift-release-main-ci-5.0-upgrade-from-stable-4.22-e2e-aws-ovn-upgrade/2054990791553585152&#xA;  gcsartifacturl: https://gcsweb-ci.apps.ci.l2s4.p1.openshiftapps.com/gcs/test-platform-results/logs/periodic-ci-openshift-release-main-ci-5.0-upgrade-from-stable-4.22-e2e-aws-ovn-upgrade/2054990791553585152/artifacts&#xA;skips: []&#xA;&#xA;&#xA;time=&#34;2026-05-14T23:57:39.693Z&#34; level=fatal msg=&#34;Command failed&#34; error=&#34;Some tests failed aggregation.  See above for details.&#34;&#xA;{&#34;component&#34;:&#34;entrypoint&#34;,&#34;error&#34;:&#34;wrapped process failed: exit status 1&#34;,&#34;file&#34;:&#34;sigs.k8s.io/prow/pkg/entrypoint/run.go:84&#34;,&#34;func&#34;:&#34;sigs.k8s.io/prow/pkg/entrypoint.Options.internalRun&#34;,&#34;level&#34;:&#34;error&#34;,&#34;msg&#34;:&#34;Error executing test process&#34;,&#34;severity&#34;:&#34;error&#34;,&#34;time&#34;:&#34;2026-05-14T23:57:39Z&#34;}&#xA;error: failed to execute wrapped command: exit status 1&#xA;</failure>
    </testcase>
    <testcase name="Run multi-stage test test phase" time="664.477286238">
      <failure message="">&#34;release-analysis-aggregator&#34; pod &#34;release-analysis-aggregator-openshift-release-analysis-aggregator&#34; failed: could not watch pod: the pod ci-op-lz562m78/release-analysis-aggregator-openshift-release-analysis-aggregator failed after 11m1s (failed containers: test): ContainerFailed one or more containers exited&#xA;&#xA;Container test exited with code 1, reason Error&#xA;---&#xA;-aws-ovn-upgrade/2054990783991255040&#xA;  gcsartifacturl: https://gcsweb-ci.apps.ci.l2s4.p1.openshiftapps.com/gcs/test-platform-results/logs/periodic-ci-openshift-release-main-ci-5.0-upgrade-from-stable-4.22-e2e-aws-ovn-upgrade/2054990783991255040/artifacts&#xA;- jobrunid: &#34;2054990786507837440&#34;&#xA;  humanurl: https://prow.ci.openshift.org/view/gs/test-platform-results/logs/periodic-ci-openshift-release-main-ci-5.0-upgrade-from-stable-4.22-e2e-aws-ovn-upgrade/2054990786507837440&#xA;  gcsartifacturl: https://gcsweb-ci.apps.ci.l2s4.p1.openshiftapps.com/gcs/test-platform-results/logs/periodic-ci-openshift-release-main-ci-5.0-upgrade-from-stable-4.22-e2e-aws-ovn-upgrade/2054990786507837440/artifacts&#xA;- jobrunid: &#34;2054990788353331200&#34;&#xA;  humanurl: https://prow.ci.openshift.org/view/gs/test-platform-results/logs/periodic-ci-openshift-release-main-ci-5.0-upgrade-from-stable-4.22-e2e-aws-ovn-upgrade/2054990788353331200&#xA;  gcsartifacturl: https://gcsweb-ci.apps.ci.l2s4.p1.openshiftapps.com/gcs/test-platform-results/logs/periodic-ci-openshift-release-main-ci-5.0-upgrade-from-stable-4.22-e2e-aws-ovn-upgrade/2054990788353331200/artifacts&#xA;- jobrunid: &#34;2054990791553585152&#34;&#xA;  humanurl: https://prow.ci.openshift.org/view/gs/test-platform-results/logs/periodic-ci-openshift-release-main-ci-5.0-upgrade-from-stable-4.22-e2e-aws-ovn-upgrade/2054990791553585152&#xA;  gcsartifacturl: https://gcsweb-ci.apps.ci.l2s4.p1.openshiftapps.com/gcs/test-platform-results/logs/periodic-ci-openshift-release-main-ci-5.0-upgrade-from-stable-4.22-e2e-aws-ovn-upgrade/2054990791553585152/artifacts&#xA;skips: []&#xA;&#xA;&#xA;time=&#34;2026-05-14T23:57:39.693Z&#34; level=fatal msg=&#34;Command failed&#34; error=&#34;Some tests failed aggregation.  See above for details.&#34;&#xA;{&#34;component&#34;:&#34;entrypoint&#34;,&#34;error&#34;:&#34;wrapped process failed: exit status 1&#34;,&#34;file&#34;:&#34;sigs.k8s.io/prow/pkg/entrypoint/run.go:84&#34;,&#34;func&#34;:&#34;sigs.k8s.io/prow/pkg/entrypoint.Options.internalRun&#34;,&#34;level&#34;:&#34;error&#34;,&#34;msg&#34;:&#34;Error executing test process&#34;,&#34;severity&#34;:&#34;error&#34;,&#34;time&#34;:&#34;2026-05-14T23:57:39Z&#34;}&#xA;error: failed to execute wrapped command: exit status 1&#xA;---&#xA;Link to step on registry info site: https://steps.ci.openshift.org/reference/openshift-release-analysis-aggregator&#xA;Link to job on registry info site: https://steps.ci.openshift.org/job?org=&amp;repo=&amp;branch=&amp;test=release-analysis-aggregator</failure>
      <system-out>The collected steps of multi-stage phase test.</system-out>
    </testcase>
  </testsuite>
</testsuites>