<testsuites><testsuite name="cluster install" tests="0" skipped="0" failures="0" time="0"><properties></properties><testcase name="destroy should succeed" time="0"><properties></properties><system-out>name: destroy should succeed&#xA;testsuitename: cluster install&#xA;summary: &#39;Passed: Passed 10 times, failed 0 times.  The historical pass rate is 100%.  The&#xA;  required number of passes is 8.&#39;&#xA;passes:&#xA;- jobrunid: &#34;2060624970815377408&#34;&#xA;  humanurl: https://prow.ci.openshift.org/view/gs/prow-artifact-archive/logs/periodic-ci-openshift-release-main-nightly-5.0-e2e-aws-ovn-upgrade-fips/2060624970815377408&#xA;  gcsartifacturl: https://gcsweb-ci.apps.ci.l2s4.p1.openshiftapps.com/gcs/prow-artifact-archive/logs/periodic-ci-openshift-release-main-nightly-5.0-e2e-aws-ovn-upgrade-fips/2060624970815377408/artifacts&#xA;- jobrunid: &#34;2060624973327765504&#34;&#xA;  humanurl: https://prow.ci.openshift.org/view/gs/prow-artifact-archive/logs/periodic-ci-openshift-release-main-nightly-5.0-e2e-aws-ovn-upgrade-fips/2060624973327765504&#xA;  gcsartifacturl: https://gcsweb-ci.apps.ci.l2s4.p1.openshiftapps.com/gcs/prow-artifact-archive/logs/periodic-ci-openshift-release-main-nightly-5.0-e2e-aws-ovn-upgrade-fips/2060624973327765504/artifacts&#xA;- jobrunid: &#34;2060624975844347904&#34;&#xA;  humanurl: https://prow.ci.openshift.org/view/gs/prow-artifact-archive/logs/periodic-ci-openshift-release-main-nightly-5.0-e2e-aws-ovn-upgrade-fips/2060624975844347904&#xA;  gcsartifacturl: https://gcsweb-ci.apps.ci.l2s4.p1.openshiftapps.com/gcs/prow-artifact-archive/logs/periodic-ci-openshift-release-main-nightly-5.0-e2e-aws-ovn-upgrade-fips/2060624975844347904/artifacts&#xA;- jobrunid: &#34;2060624977522069504&#34;&#xA;  humanurl: https://prow.ci.openshift.org/view/gs/prow-artifact-archive/logs/periodic-ci-openshift-release-main-nightly-5.0-e2e-aws-ovn-upgrade-fips/2060624977522069504&#xA;  gcsartifacturl: https://gcsweb-ci.apps.ci.l2s4.p1.openshiftapps.com/gcs/prow-artifact-archive/logs/periodic-ci-openshift-release-main-nightly-5.0-e2e-aws-ovn-upgrade-fips/2060624977522069504/artifacts&#xA;- jobrunid: &#34;2060624979208179712&#34;&#xA;  humanurl: https://prow.ci.openshift.org/view/gs/prow-artifact-archive/logs/periodic-ci-openshift-release-main-nightly-5.0-e2e-aws-ovn-upgrade-fips/2060624979208179712&#xA;  gcsartifacturl: https://gcsweb-ci.apps.ci.l2s4.p1.openshiftapps.com/gcs/prow-artifact-archive/logs/periodic-ci-openshift-release-main-nightly-5.0-e2e-aws-ovn-upgrade-fips/2060624979208179712/artifacts&#xA;- jobrunid: &#34;2060624981716373504&#34;&#xA;  humanurl: https://prow.ci.openshift.org/view/gs/prow-artifact-archive/logs/periodic-ci-openshift-release-main-nightly-5.0-e2e-aws-ovn-upgrade-fips/2060624981716373504&#xA;  gcsartifacturl: https://gcsweb-ci.apps.ci.l2s4.p1.openshiftapps.com/gcs/prow-artifact-archive/logs/periodic-ci-openshift-release-main-nightly-5.0-e2e-aws-ovn-upgrade-fips/2060624981716373504/artifacts&#xA;- jobrunid: &#34;2060624984232955904&#34;&#xA;  humanurl: https://prow.ci.openshift.org/view/gs/prow-artifact-archive/logs/periodic-ci-openshift-release-main-nightly-5.0-e2e-aws-ovn-upgrade-fips/2060624984232955904&#xA;  gcsartifacturl: https://gcsweb-ci.apps.ci.l2s4.p1.openshiftapps.com/gcs/prow-artifact-archive/logs/periodic-ci-openshift-release-main-nightly-5.0-e2e-aws-ovn-upgrade-fips/2060624984232955904/artifacts&#xA;- jobrunid: &#34;2060624986745344000&#34;&#xA;  humanurl: https://prow.ci.openshift.org/view/gs/prow-artifact-archive/logs/periodic-ci-openshift-release-main-nightly-5.0-e2e-aws-ovn-upgrade-fips/2060624986745344000&#xA;  gcsartifacturl: https://gcsweb-ci.apps.ci.l2s4.p1.openshiftapps.com/gcs/prow-artifact-archive/logs/periodic-ci-openshift-release-main-nightly-5.0-e2e-aws-ovn-upgrade-fips/2060624986745344000/artifacts&#xA;- jobrunid: &#34;2060624989266120704&#34;&#xA;  humanurl: https://prow.ci.openshift.org/view/gs/prow-artifact-archive/logs/periodic-ci-openshift-release-main-nightly-5.0-e2e-aws-ovn-upgrade-fips/2060624989266120704&#xA;  gcsartifacturl: https://gcsweb-ci.apps.ci.l2s4.p1.openshiftapps.com/gcs/prow-artifact-archive/logs/periodic-ci-openshift-release-main-nightly-5.0-e2e-aws-ovn-upgrade-fips/2060624989266120704/artifacts&#xA;- jobrunid: &#34;2060624991782703104&#34;&#xA;  humanurl: https://prow.ci.openshift.org/view/gs/prow-artifact-archive/logs/periodic-ci-openshift-release-main-nightly-5.0-e2e-aws-ovn-upgrade-fips/2060624991782703104&#xA;  gcsartifacturl: https://gcsweb-ci.apps.ci.l2s4.p1.openshiftapps.com/gcs/prow-artifact-archive/logs/periodic-ci-openshift-release-main-nightly-5.0-e2e-aws-ovn-upgrade-fips/2060624991782703104/artifacts&#xA;failures: []&#xA;skips: []&#xA;</system-out></testcase><testcase name="install should succeed: pre configuration" time="0"><properties></properties><system-out>name: &#39;install should succeed: pre configuration&#39;&#xA;testsuitename: cluster install&#xA;summary: &#39;Passed: Passed 10 times, failed 0 times.  The historical pass rate is 100%.  The&#xA;  required number of passes is 8.&#39;&#xA;passes:&#xA;- jobrunid: &#34;2060624970815377408&#34;&#xA;  humanurl: https://prow.ci.openshift.org/view/gs/prow-artifact-archive/logs/periodic-ci-openshift-release-main-nightly-5.0-e2e-aws-ovn-upgrade-fips/2060624970815377408&#xA;  gcsartifacturl: https://gcsweb-ci.apps.ci.l2s4.p1.openshiftapps.com/gcs/prow-artifact-archive/logs/periodic-ci-openshift-release-main-nightly-5.0-e2e-aws-ovn-upgrade-fips/2060624970815377408/artifacts&#xA;- jobrunid: &#34;2060624973327765504&#34;&#xA;  humanurl: https://prow.ci.openshift.org/view/gs/prow-artifact-archive/logs/periodic-ci-openshift-release-main-nightly-5.0-e2e-aws-ovn-upgrade-fips/2060624973327765504&#xA;  gcsartifacturl: https://gcsweb-ci.apps.ci.l2s4.p1.openshiftapps.com/gcs/prow-artifact-archive/logs/periodic-ci-openshift-release-main-nightly-5.0-e2e-aws-ovn-upgrade-fips/2060624973327765504/artifacts&#xA;- jobrunid: &#34;2060624975844347904&#34;&#xA;  humanurl: https://prow.ci.openshift.org/view/gs/prow-artifact-archive/logs/periodic-ci-openshift-release-main-nightly-5.0-e2e-aws-ovn-upgrade-fips/2060624975844347904&#xA;  gcsartifacturl: https://gcsweb-ci.apps.ci.l2s4.p1.openshiftapps.com/gcs/prow-artifact-archive/logs/periodic-ci-openshift-release-main-nightly-5.0-e2e-aws-ovn-upgrade-fips/2060624975844347904/artifacts&#xA;- jobrunid: &#34;2060624977522069504&#34;&#xA;  humanurl: https://prow.ci.openshift.org/view/gs/prow-artifact-archive/logs/periodic-ci-openshift-release-main-nightly-5.0-e2e-aws-ovn-upgrade-fips/2060624977522069504&#xA;  gcsartifacturl: https://gcsweb-ci.apps.ci.l2s4.p1.openshiftapps.com/gcs/prow-artifact-archive/logs/periodic-ci-openshift-release-main-nightly-5.0-e2e-aws-ovn-upgrade-fips/2060624977522069504/artifacts&#xA;- jobrunid: &#34;2060624979208179712&#34;&#xA;  humanurl: https://prow.ci.openshift.org/view/gs/prow-artifact-archive/logs/periodic-ci-openshift-release-main-nightly-5.0-e2e-aws-ovn-upgrade-fips/2060624979208179712&#xA;  gcsartifacturl: https://gcsweb-ci.apps.ci.l2s4.p1.openshiftapps.com/gcs/prow-artifact-archive/logs/periodic-ci-openshift-release-main-nightly-5.0-e2e-aws-ovn-upgrade-fips/2060624979208179712/artifacts&#xA;- jobrunid: &#34;2060624981716373504&#34;&#xA;  humanurl: https://prow.ci.openshift.org/view/gs/prow-artifact-archive/logs/periodic-ci-openshift-release-main-nightly-5.0-e2e-aws-ovn-upgrade-fips/2060624981716373504&#xA;  gcsartifacturl: https://gcsweb-ci.apps.ci.l2s4.p1.openshiftapps.com/gcs/prow-artifact-archive/logs/periodic-ci-openshift-release-main-nightly-5.0-e2e-aws-ovn-upgrade-fips/2060624981716373504/artifacts&#xA;- jobrunid: &#34;2060624984232955904&#34;&#xA;  humanurl: https://prow.ci.openshift.org/view/gs/prow-artifact-archive/logs/periodic-ci-openshift-release-main-nightly-5.0-e2e-aws-ovn-upgrade-fips/2060624984232955904&#xA;  gcsartifacturl: https://gcsweb-ci.apps.ci.l2s4.p1.openshiftapps.com/gcs/prow-artifact-archive/logs/periodic-ci-openshift-release-main-nightly-5.0-e2e-aws-ovn-upgrade-fips/2060624984232955904/artifacts&#xA;- jobrunid: &#34;2060624986745344000&#34;&#xA;  humanurl: https://prow.ci.openshift.org/view/gs/prow-artifact-archive/logs/periodic-ci-openshift-release-main-nightly-5.0-e2e-aws-ovn-upgrade-fips/2060624986745344000&#xA;  gcsartifacturl: https://gcsweb-ci.apps.ci.l2s4.p1.openshiftapps.com/gcs/prow-artifact-archive/logs/periodic-ci-openshift-release-main-nightly-5.0-e2e-aws-ovn-upgrade-fips/2060624986745344000/artifacts&#xA;- jobrunid: &#34;2060624989266120704&#34;&#xA;  humanurl: https://prow.ci.openshift.org/view/gs/prow-artifact-archive/logs/periodic-ci-openshift-release-main-nightly-5.0-e2e-aws-ovn-upgrade-fips/2060624989266120704&#xA;  gcsartifacturl: https://gcsweb-ci.apps.ci.l2s4.p1.openshiftapps.com/gcs/prow-artifact-archive/logs/periodic-ci-openshift-release-main-nightly-5.0-e2e-aws-ovn-upgrade-fips/2060624989266120704/artifacts&#xA;- jobrunid: &#34;2060624991782703104&#34;&#xA;  humanurl: https://prow.ci.openshift.org/view/gs/prow-artifact-archive/logs/periodic-ci-openshift-release-main-nightly-5.0-e2e-aws-ovn-upgrade-fips/2060624991782703104&#xA;  gcsartifacturl: https://gcsweb-ci.apps.ci.l2s4.p1.openshiftapps.com/gcs/prow-artifact-archive/logs/periodic-ci-openshift-release-main-nightly-5.0-e2e-aws-ovn-upgrade-fips/2060624991782703104/artifacts&#xA;failures: []&#xA;skips: []&#xA;</system-out></testcase><testcase name="install should succeed: other" time="0"><properties></properties><system-out>name: &#39;install should succeed: other&#39;&#xA;testsuitename: cluster install&#xA;summary: &#39;Passed: Passed 10 times, failed 0 times.  The historical pass rate is 100%.  The&#xA;  required number of passes is 8.&#39;&#xA;passes:&#xA;- jobrunid: &#34;2060624970815377408&#34;&#xA;  humanurl: https://prow.ci.openshift.org/view/gs/prow-artifact-archive/logs/periodic-ci-openshift-release-main-nightly-5.0-e2e-aws-ovn-upgrade-fips/2060624970815377408&#xA;  gcsartifacturl: https://gcsweb-ci.apps.ci.l2s4.p1.openshiftapps.com/gcs/prow-artifact-archive/logs/periodic-ci-openshift-release-main-nightly-5.0-e2e-aws-ovn-upgrade-fips/2060624970815377408/artifacts&#xA;- jobrunid: &#34;2060624973327765504&#34;&#xA;  humanurl: https://prow.ci.openshift.org/view/gs/prow-artifact-archive/logs/periodic-ci-openshift-release-main-nightly-5.0-e2e-aws-ovn-upgrade-fips/2060624973327765504&#xA;  gcsartifacturl: https://gcsweb-ci.apps.ci.l2s4.p1.openshiftapps.com/gcs/prow-artifact-archive/logs/periodic-ci-openshift-release-main-nightly-5.0-e2e-aws-ovn-upgrade-fips/2060624973327765504/artifacts&#xA;- jobrunid: &#34;2060624975844347904&#34;&#xA;  humanurl: https://prow.ci.openshift.org/view/gs/prow-artifact-archive/logs/periodic-ci-openshift-release-main-nightly-5.0-e2e-aws-ovn-upgrade-fips/2060624975844347904&#xA;  gcsartifacturl: https://gcsweb-ci.apps.ci.l2s4.p1.openshiftapps.com/gcs/prow-artifact-archive/logs/periodic-ci-openshift-release-main-nightly-5.0-e2e-aws-ovn-upgrade-fips/2060624975844347904/artifacts&#xA;- jobrunid: &#34;2060624977522069504&#34;&#xA;  humanurl: https://prow.ci.openshift.org/view/gs/prow-artifact-archive/logs/periodic-ci-openshift-release-main-nightly-5.0-e2e-aws-ovn-upgrade-fips/2060624977522069504&#xA;  gcsartifacturl: https://gcsweb-ci.apps.ci.l2s4.p1.openshiftapps.com/gcs/prow-artifact-archive/logs/periodic-ci-openshift-release-main-nightly-5.0-e2e-aws-ovn-upgrade-fips/2060624977522069504/artifacts&#xA;- jobrunid: &#34;2060624979208179712&#34;&#xA;  humanurl: https://prow.ci.openshift.org/view/gs/prow-artifact-archive/logs/periodic-ci-openshift-release-main-nightly-5.0-e2e-aws-ovn-upgrade-fips/2060624979208179712&#xA;  gcsartifacturl: https://gcsweb-ci.apps.ci.l2s4.p1.openshiftapps.com/gcs/prow-artifact-archive/logs/periodic-ci-openshift-release-main-nightly-5.0-e2e-aws-ovn-upgrade-fips/2060624979208179712/artifacts&#xA;- jobrunid: &#34;2060624981716373504&#34;&#xA;  humanurl: https://prow.ci.openshift.org/view/gs/prow-artifact-archive/logs/periodic-ci-openshift-release-main-nightly-5.0-e2e-aws-ovn-upgrade-fips/2060624981716373504&#xA;  gcsartifacturl: https://gcsweb-ci.apps.ci.l2s4.p1.openshiftapps.com/gcs/prow-artifact-archive/logs/periodic-ci-openshift-release-main-nightly-5.0-e2e-aws-ovn-upgrade-fips/2060624981716373504/artifacts&#xA;- jobrunid: &#34;2060624984232955904&#34;&#xA;  humanurl: https://prow.ci.openshift.org/view/gs/prow-artifact-archive/logs/periodic-ci-openshift-release-main-nightly-5.0-e2e-aws-ovn-upgrade-fips/2060624984232955904&#xA;  gcsartifacturl: https://gcsweb-ci.apps.ci.l2s4.p1.openshiftapps.com/gcs/prow-artifact-archive/logs/periodic-ci-openshift-release-main-nightly-5.0-e2e-aws-ovn-upgrade-fips/2060624984232955904/artifacts&#xA;- jobrunid: &#34;2060624986745344000&#34;&#xA;  humanurl: https://prow.ci.openshift.org/view/gs/prow-artifact-archive/logs/periodic-ci-openshift-release-main-nightly-5.0-e2e-aws-ovn-upgrade-fips/2060624986745344000&#xA;  gcsartifacturl: https://gcsweb-ci.apps.ci.l2s4.p1.openshiftapps.com/gcs/prow-artifact-archive/logs/periodic-ci-openshift-release-main-nightly-5.0-e2e-aws-ovn-upgrade-fips/2060624986745344000/artifacts&#xA;- jobrunid: &#34;2060624989266120704&#34;&#xA;  humanurl: https://prow.ci.openshift.org/view/gs/prow-artifact-archive/logs/periodic-ci-openshift-release-main-nightly-5.0-e2e-aws-ovn-upgrade-fips/2060624989266120704&#xA;  gcsartifacturl: https://gcsweb-ci.apps.ci.l2s4.p1.openshiftapps.com/gcs/prow-artifact-archive/logs/periodic-ci-openshift-release-main-nightly-5.0-e2e-aws-ovn-upgrade-fips/2060624989266120704/artifacts&#xA;- jobrunid: &#34;2060624991782703104&#34;&#xA;  humanurl: https://prow.ci.openshift.org/view/gs/prow-artifact-archive/logs/periodic-ci-openshift-release-main-nightly-5.0-e2e-aws-ovn-upgrade-fips/2060624991782703104&#xA;  gcsartifacturl: https://gcsweb-ci.apps.ci.l2s4.p1.openshiftapps.com/gcs/prow-artifact-archive/logs/periodic-ci-openshift-release-main-nightly-5.0-e2e-aws-ovn-upgrade-fips/2060624991782703104/artifacts&#xA;failures: []&#xA;skips: []&#xA;</system-out></testcase><testcase name="install should succeed: configuration" time="0"><properties></properties><system-out>name: &#39;install should succeed: configuration&#39;&#xA;testsuitename: cluster install&#xA;summary: &#39;Passed: Passed 10 times, failed 0 times.  The historical pass rate is 100%.  The&#xA;  required number of passes is 8.&#39;&#xA;passes:&#xA;- jobrunid: &#34;2060624970815377408&#34;&#xA;  humanurl: https://prow.ci.openshift.org/view/gs/prow-artifact-archive/logs/periodic-ci-openshift-release-main-nightly-5.0-e2e-aws-ovn-upgrade-fips/2060624970815377408&#xA;  gcsartifacturl: https://gcsweb-ci.apps.ci.l2s4.p1.openshiftapps.com/gcs/prow-artifact-archive/logs/periodic-ci-openshift-release-main-nightly-5.0-e2e-aws-ovn-upgrade-fips/2060624970815377408/artifacts&#xA;- jobrunid: &#34;2060624973327765504&#34;&#xA;  humanurl: https://prow.ci.openshift.org/view/gs/prow-artifact-archive/logs/periodic-ci-openshift-release-main-nightly-5.0-e2e-aws-ovn-upgrade-fips/2060624973327765504&#xA;  gcsartifacturl: https://gcsweb-ci.apps.ci.l2s4.p1.openshiftapps.com/gcs/prow-artifact-archive/logs/periodic-ci-openshift-release-main-nightly-5.0-e2e-aws-ovn-upgrade-fips/2060624973327765504/artifacts&#xA;- jobrunid: &#34;2060624975844347904&#34;&#xA;  humanurl: https://prow.ci.openshift.org/view/gs/prow-artifact-archive/logs/periodic-ci-openshift-release-main-nightly-5.0-e2e-aws-ovn-upgrade-fips/2060624975844347904&#xA;  gcsartifacturl: https://gcsweb-ci.apps.ci.l2s4.p1.openshiftapps.com/gcs/prow-artifact-archive/logs/periodic-ci-openshift-release-main-nightly-5.0-e2e-aws-ovn-upgrade-fips/2060624975844347904/artifacts&#xA;- jobrunid: &#34;2060624977522069504&#34;&#xA;  humanurl: https://prow.ci.openshift.org/view/gs/prow-artifact-archive/logs/periodic-ci-openshift-release-main-nightly-5.0-e2e-aws-ovn-upgrade-fips/2060624977522069504&#xA;  gcsartifacturl: https://gcsweb-ci.apps.ci.l2s4.p1.openshiftapps.com/gcs/prow-artifact-archive/logs/periodic-ci-openshift-release-main-nightly-5.0-e2e-aws-ovn-upgrade-fips/2060624977522069504/artifacts&#xA;- jobrunid: &#34;2060624979208179712&#34;&#xA;  humanurl: https://prow.ci.openshift.org/view/gs/prow-artifact-archive/logs/periodic-ci-openshift-release-main-nightly-5.0-e2e-aws-ovn-upgrade-fips/2060624979208179712&#xA;  gcsartifacturl: https://gcsweb-ci.apps.ci.l2s4.p1.openshiftapps.com/gcs/prow-artifact-archive/logs/periodic-ci-openshift-release-main-nightly-5.0-e2e-aws-ovn-upgrade-fips/2060624979208179712/artifacts&#xA;- jobrunid: &#34;2060624981716373504&#34;&#xA;  humanurl: https://prow.ci.openshift.org/view/gs/prow-artifact-archive/logs/periodic-ci-openshift-release-main-nightly-5.0-e2e-aws-ovn-upgrade-fips/2060624981716373504&#xA;  gcsartifacturl: https://gcsweb-ci.apps.ci.l2s4.p1.openshiftapps.com/gcs/prow-artifact-archive/logs/periodic-ci-openshift-release-main-nightly-5.0-e2e-aws-ovn-upgrade-fips/2060624981716373504/artifacts&#xA;- jobrunid: &#34;2060624984232955904&#34;&#xA;  humanurl: https://prow.ci.openshift.org/view/gs/prow-artifact-archive/logs/periodic-ci-openshift-release-main-nightly-5.0-e2e-aws-ovn-upgrade-fips/2060624984232955904&#xA;  gcsartifacturl: https://gcsweb-ci.apps.ci.l2s4.p1.openshiftapps.com/gcs/prow-artifact-archive/logs/periodic-ci-openshift-release-main-nightly-5.0-e2e-aws-ovn-upgrade-fips/2060624984232955904/artifacts&#xA;- jobrunid: &#34;2060624986745344000&#34;&#xA;  humanurl: https://prow.ci.openshift.org/view/gs/prow-artifact-archive/logs/periodic-ci-openshift-release-main-nightly-5.0-e2e-aws-ovn-upgrade-fips/2060624986745344000&#xA;  gcsartifacturl: https://gcsweb-ci.apps.ci.l2s4.p1.openshiftapps.com/gcs/prow-artifact-archive/logs/periodic-ci-openshift-release-main-nightly-5.0-e2e-aws-ovn-upgrade-fips/2060624986745344000/artifacts&#xA;- jobrunid: &#34;2060624989266120704&#34;&#xA;  humanurl: https://prow.ci.openshift.org/view/gs/prow-artifact-archive/logs/periodic-ci-openshift-release-main-nightly-5.0-e2e-aws-ovn-upgrade-fips/2060624989266120704&#xA;  gcsartifacturl: https://gcsweb-ci.apps.ci.l2s4.p1.openshiftapps.com/gcs/prow-artifact-archive/logs/periodic-ci-openshift-release-main-nightly-5.0-e2e-aws-ovn-upgrade-fips/2060624989266120704/artifacts&#xA;- jobrunid: &#34;2060624991782703104&#34;&#xA;  humanurl: https://prow.ci.openshift.org/view/gs/prow-artifact-archive/logs/periodic-ci-openshift-release-main-nightly-5.0-e2e-aws-ovn-upgrade-fips/2060624991782703104&#xA;  gcsartifacturl: https://gcsweb-ci.apps.ci.l2s4.p1.openshiftapps.com/gcs/prow-artifact-archive/logs/periodic-ci-openshift-release-main-nightly-5.0-e2e-aws-ovn-upgrade-fips/2060624991782703104/artifacts&#xA;failures: []&#xA;skips: []&#xA;</system-out></testcase><testcase name="install should succeed: infrastructure" time="0"><properties></properties><system-out>name: &#39;install should succeed: infrastructure&#39;&#xA;testsuitename: cluster install&#xA;summary: &#39;Passed: Passed 10 times, failed 0 times.  The historical pass rate is 100%.  The&#xA;  required number of passes is 8.&#39;&#xA;passes:&#xA;- jobrunid: &#34;2060624970815377408&#34;&#xA;  humanurl: https://prow.ci.openshift.org/view/gs/prow-artifact-archive/logs/periodic-ci-openshift-release-main-nightly-5.0-e2e-aws-ovn-upgrade-fips/2060624970815377408&#xA;  gcsartifacturl: https://gcsweb-ci.apps.ci.l2s4.p1.openshiftapps.com/gcs/prow-artifact-archive/logs/periodic-ci-openshift-release-main-nightly-5.0-e2e-aws-ovn-upgrade-fips/2060624970815377408/artifacts&#xA;- jobrunid: &#34;2060624973327765504&#34;&#xA;  humanurl: https://prow.ci.openshift.org/view/gs/prow-artifact-archive/logs/periodic-ci-openshift-release-main-nightly-5.0-e2e-aws-ovn-upgrade-fips/2060624973327765504&#xA;  gcsartifacturl: https://gcsweb-ci.apps.ci.l2s4.p1.openshiftapps.com/gcs/prow-artifact-archive/logs/periodic-ci-openshift-release-main-nightly-5.0-e2e-aws-ovn-upgrade-fips/2060624973327765504/artifacts&#xA;- jobrunid: &#34;2060624975844347904&#34;&#xA;  humanurl: https://prow.ci.openshift.org/view/gs/prow-artifact-archive/logs/periodic-ci-openshift-release-main-nightly-5.0-e2e-aws-ovn-upgrade-fips/2060624975844347904&#xA;  gcsartifacturl: https://gcsweb-ci.apps.ci.l2s4.p1.openshiftapps.com/gcs/prow-artifact-archive/logs/periodic-ci-openshift-release-main-nightly-5.0-e2e-aws-ovn-upgrade-fips/2060624975844347904/artifacts&#xA;- jobrunid: &#34;2060624977522069504&#34;&#xA;  humanurl: https://prow.ci.openshift.org/view/gs/prow-artifact-archive/logs/periodic-ci-openshift-release-main-nightly-5.0-e2e-aws-ovn-upgrade-fips/2060624977522069504&#xA;  gcsartifacturl: https://gcsweb-ci.apps.ci.l2s4.p1.openshiftapps.com/gcs/prow-artifact-archive/logs/periodic-ci-openshift-release-main-nightly-5.0-e2e-aws-ovn-upgrade-fips/2060624977522069504/artifacts&#xA;- jobrunid: &#34;2060624979208179712&#34;&#xA;  humanurl: https://prow.ci.openshift.org/view/gs/prow-artifact-archive/logs/periodic-ci-openshift-release-main-nightly-5.0-e2e-aws-ovn-upgrade-fips/2060624979208179712&#xA;  gcsartifacturl: https://gcsweb-ci.apps.ci.l2s4.p1.openshiftapps.com/gcs/prow-artifact-archive/logs/periodic-ci-openshift-release-main-nightly-5.0-e2e-aws-ovn-upgrade-fips/2060624979208179712/artifacts&#xA;- jobrunid: &#34;2060624981716373504&#34;&#xA;  humanurl: https://prow.ci.openshift.org/view/gs/prow-artifact-archive/logs/periodic-ci-openshift-release-main-nightly-5.0-e2e-aws-ovn-upgrade-fips/2060624981716373504&#xA;  gcsartifacturl: https://gcsweb-ci.apps.ci.l2s4.p1.openshiftapps.com/gcs/prow-artifact-archive/logs/periodic-ci-openshift-release-main-nightly-5.0-e2e-aws-ovn-upgrade-fips/2060624981716373504/artifacts&#xA;- jobrunid: &#34;2060624984232955904&#34;&#xA;  humanurl: https://prow.ci.openshift.org/view/gs/prow-artifact-archive/logs/periodic-ci-openshift-release-main-nightly-5.0-e2e-aws-ovn-upgrade-fips/2060624984232955904&#xA;  gcsartifacturl: https://gcsweb-ci.apps.ci.l2s4.p1.openshiftapps.com/gcs/prow-artifact-archive/logs/periodic-ci-openshift-release-main-nightly-5.0-e2e-aws-ovn-upgrade-fips/2060624984232955904/artifacts&#xA;- jobrunid: &#34;2060624986745344000&#34;&#xA;  humanurl: https://prow.ci.openshift.org/view/gs/prow-artifact-archive/logs/periodic-ci-openshift-release-main-nightly-5.0-e2e-aws-ovn-upgrade-fips/2060624986745344000&#xA;  gcsartifacturl: https://gcsweb-ci.apps.ci.l2s4.p1.openshiftapps.com/gcs/prow-artifact-archive/logs/periodic-ci-openshift-release-main-nightly-5.0-e2e-aws-ovn-upgrade-fips/2060624986745344000/artifacts&#xA;- jobrunid: &#34;2060624989266120704&#34;&#xA;  humanurl: https://prow.ci.openshift.org/view/gs/prow-artifact-archive/logs/periodic-ci-openshift-release-main-nightly-5.0-e2e-aws-ovn-upgrade-fips/2060624989266120704&#xA;  gcsartifacturl: https://gcsweb-ci.apps.ci.l2s4.p1.openshiftapps.com/gcs/prow-artifact-archive/logs/periodic-ci-openshift-release-main-nightly-5.0-e2e-aws-ovn-upgrade-fips/2060624989266120704/artifacts&#xA;- jobrunid: &#34;2060624991782703104&#34;&#xA;  humanurl: https://prow.ci.openshift.org/view/gs/prow-artifact-archive/logs/periodic-ci-openshift-release-main-nightly-5.0-e2e-aws-ovn-upgrade-fips/2060624991782703104&#xA;  gcsartifacturl: https://gcsweb-ci.apps.ci.l2s4.p1.openshiftapps.com/gcs/prow-artifact-archive/logs/periodic-ci-openshift-release-main-nightly-5.0-e2e-aws-ovn-upgrade-fips/2060624991782703104/artifacts&#xA;failures: []&#xA;skips: []&#xA;</system-out></testcase><testcase name="install should succeed: cluster bootstrap" time="0"><properties></properties><system-out>name: &#39;install should succeed: cluster bootstrap&#39;&#xA;testsuitename: cluster install&#xA;summary: &#39;Passed: Passed 10 times, failed 0 times.  The historical pass rate is 98%.  The&#xA;  required number of passes is 8.&#39;&#xA;passes:&#xA;- jobrunid: &#34;2060624970815377408&#34;&#xA;  humanurl: https://prow.ci.openshift.org/view/gs/prow-artifact-archive/logs/periodic-ci-openshift-release-main-nightly-5.0-e2e-aws-ovn-upgrade-fips/2060624970815377408&#xA;  gcsartifacturl: https://gcsweb-ci.apps.ci.l2s4.p1.openshiftapps.com/gcs/prow-artifact-archive/logs/periodic-ci-openshift-release-main-nightly-5.0-e2e-aws-ovn-upgrade-fips/2060624970815377408/artifacts&#xA;- jobrunid: &#34;2060624973327765504&#34;&#xA;  humanurl: https://prow.ci.openshift.org/view/gs/prow-artifact-archive/logs/periodic-ci-openshift-release-main-nightly-5.0-e2e-aws-ovn-upgrade-fips/2060624973327765504&#xA;  gcsartifacturl: https://gcsweb-ci.apps.ci.l2s4.p1.openshiftapps.com/gcs/prow-artifact-archive/logs/periodic-ci-openshift-release-main-nightly-5.0-e2e-aws-ovn-upgrade-fips/2060624973327765504/artifacts&#xA;- jobrunid: &#34;2060624975844347904&#34;&#xA;  humanurl: https://prow.ci.openshift.org/view/gs/prow-artifact-archive/logs/periodic-ci-openshift-release-main-nightly-5.0-e2e-aws-ovn-upgrade-fips/2060624975844347904&#xA;  gcsartifacturl: https://gcsweb-ci.apps.ci.l2s4.p1.openshiftapps.com/gcs/prow-artifact-archive/logs/periodic-ci-openshift-release-main-nightly-5.0-e2e-aws-ovn-upgrade-fips/2060624975844347904/artifacts&#xA;- jobrunid: &#34;2060624977522069504&#34;&#xA;  humanurl: https://prow.ci.openshift.org/view/gs/prow-artifact-archive/logs/periodic-ci-openshift-release-main-nightly-5.0-e2e-aws-ovn-upgrade-fips/2060624977522069504&#xA;  gcsartifacturl: https://gcsweb-ci.apps.ci.l2s4.p1.openshiftapps.com/gcs/prow-artifact-archive/logs/periodic-ci-openshift-release-main-nightly-5.0-e2e-aws-ovn-upgrade-fips/2060624977522069504/artifacts&#xA;- jobrunid: &#34;2060624979208179712&#34;&#xA;  humanurl: https://prow.ci.openshift.org/view/gs/prow-artifact-archive/logs/periodic-ci-openshift-release-main-nightly-5.0-e2e-aws-ovn-upgrade-fips/2060624979208179712&#xA;  gcsartifacturl: https://gcsweb-ci.apps.ci.l2s4.p1.openshiftapps.com/gcs/prow-artifact-archive/logs/periodic-ci-openshift-release-main-nightly-5.0-e2e-aws-ovn-upgrade-fips/2060624979208179712/artifacts&#xA;- jobrunid: &#34;2060624981716373504&#34;&#xA;  humanurl: https://prow.ci.openshift.org/view/gs/prow-artifact-archive/logs/periodic-ci-openshift-release-main-nightly-5.0-e2e-aws-ovn-upgrade-fips/2060624981716373504&#xA;  gcsartifacturl: https://gcsweb-ci.apps.ci.l2s4.p1.openshiftapps.com/gcs/prow-artifact-archive/logs/periodic-ci-openshift-release-main-nightly-5.0-e2e-aws-ovn-upgrade-fips/2060624981716373504/artifacts&#xA;- jobrunid: &#34;2060624984232955904&#34;&#xA;  humanurl: https://prow.ci.openshift.org/view/gs/prow-artifact-archive/logs/periodic-ci-openshift-release-main-nightly-5.0-e2e-aws-ovn-upgrade-fips/2060624984232955904&#xA;  gcsartifacturl: https://gcsweb-ci.apps.ci.l2s4.p1.openshiftapps.com/gcs/prow-artifact-archive/logs/periodic-ci-openshift-release-main-nightly-5.0-e2e-aws-ovn-upgrade-fips/2060624984232955904/artifacts&#xA;- jobrunid: &#34;2060624986745344000&#34;&#xA;  humanurl: https://prow.ci.openshift.org/view/gs/prow-artifact-archive/logs/periodic-ci-openshift-release-main-nightly-5.0-e2e-aws-ovn-upgrade-fips/2060624986745344000&#xA;  gcsartifacturl: https://gcsweb-ci.apps.ci.l2s4.p1.openshiftapps.com/gcs/prow-artifact-archive/logs/periodic-ci-openshift-release-main-nightly-5.0-e2e-aws-ovn-upgrade-fips/2060624986745344000/artifacts&#xA;- jobrunid: &#34;2060624989266120704&#34;&#xA;  humanurl: https://prow.ci.openshift.org/view/gs/prow-artifact-archive/logs/periodic-ci-openshift-release-main-nightly-5.0-e2e-aws-ovn-upgrade-fips/2060624989266120704&#xA;  gcsartifacturl: https://gcsweb-ci.apps.ci.l2s4.p1.openshiftapps.com/gcs/prow-artifact-archive/logs/periodic-ci-openshift-release-main-nightly-5.0-e2e-aws-ovn-upgrade-fips/2060624989266120704/artifacts&#xA;- jobrunid: &#34;2060624991782703104&#34;&#xA;  humanurl: https://prow.ci.openshift.org/view/gs/prow-artifact-archive/logs/periodic-ci-openshift-release-main-nightly-5.0-e2e-aws-ovn-upgrade-fips/2060624991782703104&#xA;  gcsartifacturl: https://gcsweb-ci.apps.ci.l2s4.p1.openshiftapps.com/gcs/prow-artifact-archive/logs/periodic-ci-openshift-release-main-nightly-5.0-e2e-aws-ovn-upgrade-fips/2060624991782703104/artifacts&#xA;failures: []&#xA;skips: []&#xA;</system-out></testcase><testcase name="install should succeed: cluster creation" time="0"><properties></properties><system-out>name: &#39;install should succeed: cluster creation&#39;&#xA;testsuitename: cluster install&#xA;summary: &#39;Passed: Passed 10 times, failed 0 times.  The historical pass rate is 100%.  The&#xA;  required number of passes is 8.&#39;&#xA;passes:&#xA;- jobrunid: &#34;2060624970815377408&#34;&#xA;  humanurl: https://prow.ci.openshift.org/view/gs/prow-artifact-archive/logs/periodic-ci-openshift-release-main-nightly-5.0-e2e-aws-ovn-upgrade-fips/2060624970815377408&#xA;  gcsartifacturl: https://gcsweb-ci.apps.ci.l2s4.p1.openshiftapps.com/gcs/prow-artifact-archive/logs/periodic-ci-openshift-release-main-nightly-5.0-e2e-aws-ovn-upgrade-fips/2060624970815377408/artifacts&#xA;- jobrunid: &#34;2060624973327765504&#34;&#xA;  humanurl: https://prow.ci.openshift.org/view/gs/prow-artifact-archive/logs/periodic-ci-openshift-release-main-nightly-5.0-e2e-aws-ovn-upgrade-fips/2060624973327765504&#xA;  gcsartifacturl: https://gcsweb-ci.apps.ci.l2s4.p1.openshiftapps.com/gcs/prow-artifact-archive/logs/periodic-ci-openshift-release-main-nightly-5.0-e2e-aws-ovn-upgrade-fips/2060624973327765504/artifacts&#xA;- jobrunid: &#34;2060624975844347904&#34;&#xA;  humanurl: https://prow.ci.openshift.org/view/gs/prow-artifact-archive/logs/periodic-ci-openshift-release-main-nightly-5.0-e2e-aws-ovn-upgrade-fips/2060624975844347904&#xA;  gcsartifacturl: https://gcsweb-ci.apps.ci.l2s4.p1.openshiftapps.com/gcs/prow-artifact-archive/logs/periodic-ci-openshift-release-main-nightly-5.0-e2e-aws-ovn-upgrade-fips/2060624975844347904/artifacts&#xA;- jobrunid: &#34;2060624977522069504&#34;&#xA;  humanurl: https://prow.ci.openshift.org/view/gs/prow-artifact-archive/logs/periodic-ci-openshift-release-main-nightly-5.0-e2e-aws-ovn-upgrade-fips/2060624977522069504&#xA;  gcsartifacturl: https://gcsweb-ci.apps.ci.l2s4.p1.openshiftapps.com/gcs/prow-artifact-archive/logs/periodic-ci-openshift-release-main-nightly-5.0-e2e-aws-ovn-upgrade-fips/2060624977522069504/artifacts&#xA;- jobrunid: &#34;2060624979208179712&#34;&#xA;  humanurl: https://prow.ci.openshift.org/view/gs/prow-artifact-archive/logs/periodic-ci-openshift-release-main-nightly-5.0-e2e-aws-ovn-upgrade-fips/2060624979208179712&#xA;  gcsartifacturl: https://gcsweb-ci.apps.ci.l2s4.p1.openshiftapps.com/gcs/prow-artifact-archive/logs/periodic-ci-openshift-release-main-nightly-5.0-e2e-aws-ovn-upgrade-fips/2060624979208179712/artifacts&#xA;- jobrunid: &#34;2060624981716373504&#34;&#xA;  humanurl: https://prow.ci.openshift.org/view/gs/prow-artifact-archive/logs/periodic-ci-openshift-release-main-nightly-5.0-e2e-aws-ovn-upgrade-fips/2060624981716373504&#xA;  gcsartifacturl: https://gcsweb-ci.apps.ci.l2s4.p1.openshiftapps.com/gcs/prow-artifact-archive/logs/periodic-ci-openshift-release-main-nightly-5.0-e2e-aws-ovn-upgrade-fips/2060624981716373504/artifacts&#xA;- jobrunid: &#34;2060624984232955904&#34;&#xA;  humanurl: https://prow.ci.openshift.org/view/gs/prow-artifact-archive/logs/periodic-ci-openshift-release-main-nightly-5.0-e2e-aws-ovn-upgrade-fips/2060624984232955904&#xA;  gcsartifacturl: https://gcsweb-ci.apps.ci.l2s4.p1.openshiftapps.com/gcs/prow-artifact-archive/logs/periodic-ci-openshift-release-main-nightly-5.0-e2e-aws-ovn-upgrade-fips/2060624984232955904/artifacts&#xA;- jobrunid: &#34;2060624986745344000&#34;&#xA;  humanurl: https://prow.ci.openshift.org/view/gs/prow-artifact-archive/logs/periodic-ci-openshift-release-main-nightly-5.0-e2e-aws-ovn-upgrade-fips/2060624986745344000&#xA;  gcsartifacturl: https://gcsweb-ci.apps.ci.l2s4.p1.openshiftapps.com/gcs/prow-artifact-archive/logs/periodic-ci-openshift-release-main-nightly-5.0-e2e-aws-ovn-upgrade-fips/2060624986745344000/artifacts&#xA;- jobrunid: &#34;2060624989266120704&#34;&#xA;  humanurl: https://prow.ci.openshift.org/view/gs/prow-artifact-archive/logs/periodic-ci-openshift-release-main-nightly-5.0-e2e-aws-ovn-upgrade-fips/2060624989266120704&#xA;  gcsartifacturl: https://gcsweb-ci.apps.ci.l2s4.p1.openshiftapps.com/gcs/prow-artifact-archive/logs/periodic-ci-openshift-release-main-nightly-5.0-e2e-aws-ovn-upgrade-fips/2060624989266120704/artifacts&#xA;- jobrunid: &#34;2060624991782703104&#34;&#xA;  humanurl: https://prow.ci.openshift.org/view/gs/prow-artifact-archive/logs/periodic-ci-openshift-release-main-nightly-5.0-e2e-aws-ovn-upgrade-fips/2060624991782703104&#xA;  gcsartifacturl: https://gcsweb-ci.apps.ci.l2s4.p1.openshiftapps.com/gcs/prow-artifact-archive/logs/periodic-ci-openshift-release-main-nightly-5.0-e2e-aws-ovn-upgrade-fips/2060624991782703104/artifacts&#xA;failures: []&#xA;skips: []&#xA;</system-out></testcase><testcase name="install should succeed: cluster operator stability" time="0"><properties></properties><system-out>name: &#39;install should succeed: cluster operator stability&#39;&#xA;testsuitename: cluster install&#xA;summary: &#39;Passed: Passed 10 times, failed 0 times.  The historical pass rate is 100%.  The&#xA;  required number of passes is 8.&#39;&#xA;passes:&#xA;- jobrunid: &#34;2060624970815377408&#34;&#xA;  humanurl: https://prow.ci.openshift.org/view/gs/prow-artifact-archive/logs/periodic-ci-openshift-release-main-nightly-5.0-e2e-aws-ovn-upgrade-fips/2060624970815377408&#xA;  gcsartifacturl: https://gcsweb-ci.apps.ci.l2s4.p1.openshiftapps.com/gcs/prow-artifact-archive/logs/periodic-ci-openshift-release-main-nightly-5.0-e2e-aws-ovn-upgrade-fips/2060624970815377408/artifacts&#xA;- jobrunid: &#34;2060624973327765504&#34;&#xA;  humanurl: https://prow.ci.openshift.org/view/gs/prow-artifact-archive/logs/periodic-ci-openshift-release-main-nightly-5.0-e2e-aws-ovn-upgrade-fips/2060624973327765504&#xA;  gcsartifacturl: https://gcsweb-ci.apps.ci.l2s4.p1.openshiftapps.com/gcs/prow-artifact-archive/logs/periodic-ci-openshift-release-main-nightly-5.0-e2e-aws-ovn-upgrade-fips/2060624973327765504/artifacts&#xA;- jobrunid: &#34;2060624975844347904&#34;&#xA;  humanurl: https://prow.ci.openshift.org/view/gs/prow-artifact-archive/logs/periodic-ci-openshift-release-main-nightly-5.0-e2e-aws-ovn-upgrade-fips/2060624975844347904&#xA;  gcsartifacturl: https://gcsweb-ci.apps.ci.l2s4.p1.openshiftapps.com/gcs/prow-artifact-archive/logs/periodic-ci-openshift-release-main-nightly-5.0-e2e-aws-ovn-upgrade-fips/2060624975844347904/artifacts&#xA;- jobrunid: &#34;2060624977522069504&#34;&#xA;  humanurl: https://prow.ci.openshift.org/view/gs/prow-artifact-archive/logs/periodic-ci-openshift-release-main-nightly-5.0-e2e-aws-ovn-upgrade-fips/2060624977522069504&#xA;  gcsartifacturl: https://gcsweb-ci.apps.ci.l2s4.p1.openshiftapps.com/gcs/prow-artifact-archive/logs/periodic-ci-openshift-release-main-nightly-5.0-e2e-aws-ovn-upgrade-fips/2060624977522069504/artifacts&#xA;- jobrunid: &#34;2060624979208179712&#34;&#xA;  humanurl: https://prow.ci.openshift.org/view/gs/prow-artifact-archive/logs/periodic-ci-openshift-release-main-nightly-5.0-e2e-aws-ovn-upgrade-fips/2060624979208179712&#xA;  gcsartifacturl: https://gcsweb-ci.apps.ci.l2s4.p1.openshiftapps.com/gcs/prow-artifact-archive/logs/periodic-ci-openshift-release-main-nightly-5.0-e2e-aws-ovn-upgrade-fips/2060624979208179712/artifacts&#xA;- jobrunid: &#34;2060624981716373504&#34;&#xA;  humanurl: https://prow.ci.openshift.org/view/gs/prow-artifact-archive/logs/periodic-ci-openshift-release-main-nightly-5.0-e2e-aws-ovn-upgrade-fips/2060624981716373504&#xA;  gcsartifacturl: https://gcsweb-ci.apps.ci.l2s4.p1.openshiftapps.com/gcs/prow-artifact-archive/logs/periodic-ci-openshift-release-main-nightly-5.0-e2e-aws-ovn-upgrade-fips/2060624981716373504/artifacts&#xA;- jobrunid: &#34;2060624984232955904&#34;&#xA;  humanurl: https://prow.ci.openshift.org/view/gs/prow-artifact-archive/logs/periodic-ci-openshift-release-main-nightly-5.0-e2e-aws-ovn-upgrade-fips/2060624984232955904&#xA;  gcsartifacturl: https://gcsweb-ci.apps.ci.l2s4.p1.openshiftapps.com/gcs/prow-artifact-archive/logs/periodic-ci-openshift-release-main-nightly-5.0-e2e-aws-ovn-upgrade-fips/2060624984232955904/artifacts&#xA;- jobrunid: &#34;2060624986745344000&#34;&#xA;  humanurl: https://prow.ci.openshift.org/view/gs/prow-artifact-archive/logs/periodic-ci-openshift-release-main-nightly-5.0-e2e-aws-ovn-upgrade-fips/2060624986745344000&#xA;  gcsartifacturl: https://gcsweb-ci.apps.ci.l2s4.p1.openshiftapps.com/gcs/prow-artifact-archive/logs/periodic-ci-openshift-release-main-nightly-5.0-e2e-aws-ovn-upgrade-fips/2060624986745344000/artifacts&#xA;- jobrunid: &#34;2060624989266120704&#34;&#xA;  humanurl: https://prow.ci.openshift.org/view/gs/prow-artifact-archive/logs/periodic-ci-openshift-release-main-nightly-5.0-e2e-aws-ovn-upgrade-fips/2060624989266120704&#xA;  gcsartifacturl: https://gcsweb-ci.apps.ci.l2s4.p1.openshiftapps.com/gcs/prow-artifact-archive/logs/periodic-ci-openshift-release-main-nightly-5.0-e2e-aws-ovn-upgrade-fips/2060624989266120704/artifacts&#xA;- jobrunid: &#34;2060624991782703104&#34;&#xA;  humanurl: https://prow.ci.openshift.org/view/gs/prow-artifact-archive/logs/periodic-ci-openshift-release-main-nightly-5.0-e2e-aws-ovn-upgrade-fips/2060624991782703104&#xA;  gcsartifacturl: https://gcsweb-ci.apps.ci.l2s4.p1.openshiftapps.com/gcs/prow-artifact-archive/logs/periodic-ci-openshift-release-main-nightly-5.0-e2e-aws-ovn-upgrade-fips/2060624991782703104/artifacts&#xA;failures: []&#xA;skips: []&#xA;</system-out></testcase><testcase name="install should succeed: overall" time="0"><properties></properties><system-out>name: &#39;install should succeed: overall&#39;&#xA;testsuitename: cluster install&#xA;summary: &#39;Passed: Passed 10 times, failed 0 times.  The historical pass rate is 98%.  The&#xA;  required number of passes is 8.&#39;&#xA;passes:&#xA;- jobrunid: &#34;2060624970815377408&#34;&#xA;  humanurl: https://prow.ci.openshift.org/view/gs/prow-artifact-archive/logs/periodic-ci-openshift-release-main-nightly-5.0-e2e-aws-ovn-upgrade-fips/2060624970815377408&#xA;  gcsartifacturl: https://gcsweb-ci.apps.ci.l2s4.p1.openshiftapps.com/gcs/prow-artifact-archive/logs/periodic-ci-openshift-release-main-nightly-5.0-e2e-aws-ovn-upgrade-fips/2060624970815377408/artifacts&#xA;- jobrunid: &#34;2060624973327765504&#34;&#xA;  humanurl: https://prow.ci.openshift.org/view/gs/prow-artifact-archive/logs/periodic-ci-openshift-release-main-nightly-5.0-e2e-aws-ovn-upgrade-fips/2060624973327765504&#xA;  gcsartifacturl: https://gcsweb-ci.apps.ci.l2s4.p1.openshiftapps.com/gcs/prow-artifact-archive/logs/periodic-ci-openshift-release-main-nightly-5.0-e2e-aws-ovn-upgrade-fips/2060624973327765504/artifacts&#xA;- jobrunid: &#34;2060624975844347904&#34;&#xA;  humanurl: https://prow.ci.openshift.org/view/gs/prow-artifact-archive/logs/periodic-ci-openshift-release-main-nightly-5.0-e2e-aws-ovn-upgrade-fips/2060624975844347904&#xA;  gcsartifacturl: https://gcsweb-ci.apps.ci.l2s4.p1.openshiftapps.com/gcs/prow-artifact-archive/logs/periodic-ci-openshift-release-main-nightly-5.0-e2e-aws-ovn-upgrade-fips/2060624975844347904/artifacts&#xA;- jobrunid: &#34;2060624977522069504&#34;&#xA;  humanurl: https://prow.ci.openshift.org/view/gs/prow-artifact-archive/logs/periodic-ci-openshift-release-main-nightly-5.0-e2e-aws-ovn-upgrade-fips/2060624977522069504&#xA;  gcsartifacturl: https://gcsweb-ci.apps.ci.l2s4.p1.openshiftapps.com/gcs/prow-artifact-archive/logs/periodic-ci-openshift-release-main-nightly-5.0-e2e-aws-ovn-upgrade-fips/2060624977522069504/artifacts&#xA;- jobrunid: &#34;2060624979208179712&#34;&#xA;  humanurl: https://prow.ci.openshift.org/view/gs/prow-artifact-archive/logs/periodic-ci-openshift-release-main-nightly-5.0-e2e-aws-ovn-upgrade-fips/2060624979208179712&#xA;  gcsartifacturl: https://gcsweb-ci.apps.ci.l2s4.p1.openshiftapps.com/gcs/prow-artifact-archive/logs/periodic-ci-openshift-release-main-nightly-5.0-e2e-aws-ovn-upgrade-fips/2060624979208179712/artifacts&#xA;- jobrunid: &#34;2060624981716373504&#34;&#xA;  humanurl: https://prow.ci.openshift.org/view/gs/prow-artifact-archive/logs/periodic-ci-openshift-release-main-nightly-5.0-e2e-aws-ovn-upgrade-fips/2060624981716373504&#xA;  gcsartifacturl: https://gcsweb-ci.apps.ci.l2s4.p1.openshiftapps.com/gcs/prow-artifact-archive/logs/periodic-ci-openshift-release-main-nightly-5.0-e2e-aws-ovn-upgrade-fips/2060624981716373504/artifacts&#xA;- jobrunid: &#34;2060624984232955904&#34;&#xA;  humanurl: https://prow.ci.openshift.org/view/gs/prow-artifact-archive/logs/periodic-ci-openshift-release-main-nightly-5.0-e2e-aws-ovn-upgrade-fips/2060624984232955904&#xA;  gcsartifacturl: https://gcsweb-ci.apps.ci.l2s4.p1.openshiftapps.com/gcs/prow-artifact-archive/logs/periodic-ci-openshift-release-main-nightly-5.0-e2e-aws-ovn-upgrade-fips/2060624984232955904/artifacts&#xA;- jobrunid: &#34;2060624986745344000&#34;&#xA;  humanurl: https://prow.ci.openshift.org/view/gs/prow-artifact-archive/logs/periodic-ci-openshift-release-main-nightly-5.0-e2e-aws-ovn-upgrade-fips/2060624986745344000&#xA;  gcsartifacturl: https://gcsweb-ci.apps.ci.l2s4.p1.openshiftapps.com/gcs/prow-artifact-archive/logs/periodic-ci-openshift-release-main-nightly-5.0-e2e-aws-ovn-upgrade-fips/2060624986745344000/artifacts&#xA;- jobrunid: &#34;2060624989266120704&#34;&#xA;  humanurl: https://prow.ci.openshift.org/view/gs/prow-artifact-archive/logs/periodic-ci-openshift-release-main-nightly-5.0-e2e-aws-ovn-upgrade-fips/2060624989266120704&#xA;  gcsartifacturl: https://gcsweb-ci.apps.ci.l2s4.p1.openshiftapps.com/gcs/prow-artifact-archive/logs/periodic-ci-openshift-release-main-nightly-5.0-e2e-aws-ovn-upgrade-fips/2060624989266120704/artifacts&#xA;- jobrunid: &#34;2060624991782703104&#34;&#xA;  humanurl: https://prow.ci.openshift.org/view/gs/prow-artifact-archive/logs/periodic-ci-openshift-release-main-nightly-5.0-e2e-aws-ovn-upgrade-fips/2060624991782703104&#xA;  gcsartifacturl: https://gcsweb-ci.apps.ci.l2s4.p1.openshiftapps.com/gcs/prow-artifact-archive/logs/periodic-ci-openshift-release-main-nightly-5.0-e2e-aws-ovn-upgrade-fips/2060624991782703104/artifacts&#xA;failures: []&#xA;skips: []&#xA;</system-out></testcase></testsuite><testsuite name="gather core dump" tests="0" skipped="0" failures="0" time="0"><properties></properties><testcase name="core files found" time="0"><properties></properties><system-out>name: core files found&#xA;testsuitename: gather core dump&#xA;summary: &#39;Passed: Passed 10 times, failed 0 times.  The historical pass rate is 100%.  The&#xA;  required number of passes is 8.&#39;&#xA;passes:&#xA;- jobrunid: &#34;2060624970815377408&#34;&#xA;  humanurl: https://prow.ci.openshift.org/view/gs/prow-artifact-archive/logs/periodic-ci-openshift-release-main-nightly-5.0-e2e-aws-ovn-upgrade-fips/2060624970815377408&#xA;  gcsartifacturl: https://gcsweb-ci.apps.ci.l2s4.p1.openshiftapps.com/gcs/prow-artifact-archive/logs/periodic-ci-openshift-release-main-nightly-5.0-e2e-aws-ovn-upgrade-fips/2060624970815377408/artifacts&#xA;- jobrunid: &#34;2060624973327765504&#34;&#xA;  humanurl: https://prow.ci.openshift.org/view/gs/prow-artifact-archive/logs/periodic-ci-openshift-release-main-nightly-5.0-e2e-aws-ovn-upgrade-fips/2060624973327765504&#xA;  gcsartifacturl: https://gcsweb-ci.apps.ci.l2s4.p1.openshiftapps.com/gcs/prow-artifact-archive/logs/periodic-ci-openshift-release-main-nightly-5.0-e2e-aws-ovn-upgrade-fips/2060624973327765504/artifacts&#xA;- jobrunid: &#34;2060624975844347904&#34;&#xA;  humanurl: https://prow.ci.openshift.org/view/gs/prow-artifact-archive/logs/periodic-ci-openshift-release-main-nightly-5.0-e2e-aws-ovn-upgrade-fips/2060624975844347904&#xA;  gcsartifacturl: https://gcsweb-ci.apps.ci.l2s4.p1.openshiftapps.com/gcs/prow-artifact-archive/logs/periodic-ci-openshift-release-main-nightly-5.0-e2e-aws-ovn-upgrade-fips/2060624975844347904/artifacts&#xA;- jobrunid: &#34;2060624977522069504&#34;&#xA;  humanurl: https://prow.ci.openshift.org/view/gs/prow-artifact-archive/logs/periodic-ci-openshift-release-main-nightly-5.0-e2e-aws-ovn-upgrade-fips/2060624977522069504&#xA;  gcsartifacturl: https://gcsweb-ci.apps.ci.l2s4.p1.openshiftapps.com/gcs/prow-artifact-archive/logs/periodic-ci-openshift-release-main-nightly-5.0-e2e-aws-ovn-upgrade-fips/2060624977522069504/artifacts&#xA;- jobrunid: &#34;2060624979208179712&#34;&#xA;  humanurl: https://prow.ci.openshift.org/view/gs/prow-artifact-archive/logs/periodic-ci-openshift-release-main-nightly-5.0-e2e-aws-ovn-upgrade-fips/2060624979208179712&#xA;  gcsartifacturl: https://gcsweb-ci.apps.ci.l2s4.p1.openshiftapps.com/gcs/prow-artifact-archive/logs/periodic-ci-openshift-release-main-nightly-5.0-e2e-aws-ovn-upgrade-fips/2060624979208179712/artifacts&#xA;- jobrunid: &#34;2060624981716373504&#34;&#xA;  humanurl: https://prow.ci.openshift.org/view/gs/prow-artifact-archive/logs/periodic-ci-openshift-release-main-nightly-5.0-e2e-aws-ovn-upgrade-fips/2060624981716373504&#xA;  gcsartifacturl: https://gcsweb-ci.apps.ci.l2s4.p1.openshiftapps.com/gcs/prow-artifact-archive/logs/periodic-ci-openshift-release-main-nightly-5.0-e2e-aws-ovn-upgrade-fips/2060624981716373504/artifacts&#xA;- jobrunid: &#34;2060624984232955904&#34;&#xA;  humanurl: https://prow.ci.openshift.org/view/gs/prow-artifact-archive/logs/periodic-ci-openshift-release-main-nightly-5.0-e2e-aws-ovn-upgrade-fips/2060624984232955904&#xA;  gcsartifacturl: https://gcsweb-ci.apps.ci.l2s4.p1.openshiftapps.com/gcs/prow-artifact-archive/logs/periodic-ci-openshift-release-main-nightly-5.0-e2e-aws-ovn-upgrade-fips/2060624984232955904/artifacts&#xA;- jobrunid: &#34;2060624986745344000&#34;&#xA;  humanurl: https://prow.ci.openshift.org/view/gs/prow-artifact-archive/logs/periodic-ci-openshift-release-main-nightly-5.0-e2e-aws-ovn-upgrade-fips/2060624986745344000&#xA;  gcsartifacturl: https://gcsweb-ci.apps.ci.l2s4.p1.openshiftapps.com/gcs/prow-artifact-archive/logs/periodic-ci-openshift-release-main-nightly-5.0-e2e-aws-ovn-upgrade-fips/2060624986745344000/artifacts&#xA;- jobrunid: &#34;2060624989266120704&#34;&#xA;  humanurl: https://prow.ci.openshift.org/view/gs/prow-artifact-archive/logs/periodic-ci-openshift-release-main-nightly-5.0-e2e-aws-ovn-upgrade-fips/2060624989266120704&#xA;  gcsartifacturl: https://gcsweb-ci.apps.ci.l2s4.p1.openshiftapps.com/gcs/prow-artifact-archive/logs/periodic-ci-openshift-release-main-nightly-5.0-e2e-aws-ovn-upgrade-fips/2060624989266120704/artifacts&#xA;- jobrunid: &#34;2060624991782703104&#34;&#xA;  humanurl: https://prow.ci.openshift.org/view/gs/prow-artifact-archive/logs/periodic-ci-openshift-release-main-nightly-5.0-e2e-aws-ovn-upgrade-fips/2060624991782703104&#xA;  gcsartifacturl: https://gcsweb-ci.apps.ci.l2s4.p1.openshiftapps.com/gcs/prow-artifact-archive/logs/periodic-ci-openshift-release-main-nightly-5.0-e2e-aws-ovn-upgrade-fips/2060624991782703104/artifacts&#xA;failures: []&#xA;skips: []&#xA;</system-out></testcase></testsuite><testsuite name="openshift-tests" tests="0" skipped="0" failures="0" time="0"><properties></properties><testcase name="verify the cluster readiness and stability" time="0"><properties></properties><system-out>name: verify the cluster readiness and stability&#xA;testsuitename: openshift-tests&#xA;summary: &#39;Passed: Passed 10 times, failed 0 times.  The historical pass rate is 100%.  The&#xA;  required number of passes is 8.&#39;&#xA;passes:&#xA;- jobrunid: &#34;2060624970815377408&#34;&#xA;  humanurl: https://prow.ci.openshift.org/view/gs/prow-artifact-archive/logs/periodic-ci-openshift-release-main-nightly-5.0-e2e-aws-ovn-upgrade-fips/2060624970815377408&#xA;  gcsartifacturl: https://gcsweb-ci.apps.ci.l2s4.p1.openshiftapps.com/gcs/prow-artifact-archive/logs/periodic-ci-openshift-release-main-nightly-5.0-e2e-aws-ovn-upgrade-fips/2060624970815377408/artifacts&#xA;- jobrunid: &#34;2060624973327765504&#34;&#xA;  humanurl: https://prow.ci.openshift.org/view/gs/prow-artifact-archive/logs/periodic-ci-openshift-release-main-nightly-5.0-e2e-aws-ovn-upgrade-fips/2060624973327765504&#xA;  gcsartifacturl: https://gcsweb-ci.apps.ci.l2s4.p1.openshiftapps.com/gcs/prow-artifact-archive/logs/periodic-ci-openshift-release-main-nightly-5.0-e2e-aws-ovn-upgrade-fips/2060624973327765504/artifacts&#xA;- jobrunid: &#34;2060624975844347904&#34;&#xA;  humanurl: https://prow.ci.openshift.org/view/gs/prow-artifact-archive/logs/periodic-ci-openshift-release-main-nightly-5.0-e2e-aws-ovn-upgrade-fips/2060624975844347904&#xA;  gcsartifacturl: https://gcsweb-ci.apps.ci.l2s4.p1.openshiftapps.com/gcs/prow-artifact-archive/logs/periodic-ci-openshift-release-main-nightly-5.0-e2e-aws-ovn-upgrade-fips/2060624975844347904/artifacts&#xA;- jobrunid: &#34;2060624977522069504&#34;&#xA;  humanurl: https://prow.ci.openshift.org/view/gs/prow-artifact-archive/logs/periodic-ci-openshift-release-main-nightly-5.0-e2e-aws-ovn-upgrade-fips/2060624977522069504&#xA;  gcsartifacturl: https://gcsweb-ci.apps.ci.l2s4.p1.openshiftapps.com/gcs/prow-artifact-archive/logs/periodic-ci-openshift-release-main-nightly-5.0-e2e-aws-ovn-upgrade-fips/2060624977522069504/artifacts&#xA;- jobrunid: &#34;2060624979208179712&#34;&#xA;  humanurl: https://prow.ci.openshift.org/view/gs/prow-artifact-archive/logs/periodic-ci-openshift-release-main-nightly-5.0-e2e-aws-ovn-upgrade-fips/2060624979208179712&#xA;  gcsartifacturl: https://gcsweb-ci.apps.ci.l2s4.p1.openshiftapps.com/gcs/prow-artifact-archive/logs/periodic-ci-openshift-release-main-nightly-5.0-e2e-aws-ovn-upgrade-fips/2060624979208179712/artifacts&#xA;- jobrunid: &#34;2060624981716373504&#34;&#xA;  humanurl: https://prow.ci.openshift.org/view/gs/prow-artifact-archive/logs/periodic-ci-openshift-release-main-nightly-5.0-e2e-aws-ovn-upgrade-fips/2060624981716373504&#xA;  gcsartifacturl: https://gcsweb-ci.apps.ci.l2s4.p1.openshiftapps.com/gcs/prow-artifact-archive/logs/periodic-ci-openshift-release-main-nightly-5.0-e2e-aws-ovn-upgrade-fips/2060624981716373504/artifacts&#xA;- jobrunid: &#34;2060624984232955904&#34;&#xA;  humanurl: https://prow.ci.openshift.org/view/gs/prow-artifact-archive/logs/periodic-ci-openshift-release-main-nightly-5.0-e2e-aws-ovn-upgrade-fips/2060624984232955904&#xA;  gcsartifacturl: https://gcsweb-ci.apps.ci.l2s4.p1.openshiftapps.com/gcs/prow-artifact-archive/logs/periodic-ci-openshift-release-main-nightly-5.0-e2e-aws-ovn-upgrade-fips/2060624984232955904/artifacts&#xA;- jobrunid: &#34;2060624986745344000&#34;&#xA;  humanurl: https://prow.ci.openshift.org/view/gs/prow-artifact-archive/logs/periodic-ci-openshift-release-main-nightly-5.0-e2e-aws-ovn-upgrade-fips/2060624986745344000&#xA;  gcsartifacturl: https://gcsweb-ci.apps.ci.l2s4.p1.openshiftapps.com/gcs/prow-artifact-archive/logs/periodic-ci-openshift-release-main-nightly-5.0-e2e-aws-ovn-upgrade-fips/2060624986745344000/artifacts&#xA;- jobrunid: &#34;2060624989266120704&#34;&#xA;  humanurl: https://prow.ci.openshift.org/view/gs/prow-artifact-archive/logs/periodic-ci-openshift-release-main-nightly-5.0-e2e-aws-ovn-upgrade-fips/2060624989266120704&#xA;  gcsartifacturl: https://gcsweb-ci.apps.ci.l2s4.p1.openshiftapps.com/gcs/prow-artifact-archive/logs/periodic-ci-openshift-release-main-nightly-5.0-e2e-aws-ovn-upgrade-fips/2060624989266120704/artifacts&#xA;- jobrunid: &#34;2060624991782703104&#34;&#xA;  humanurl: https://prow.ci.openshift.org/view/gs/prow-artifact-archive/logs/periodic-ci-openshift-release-main-nightly-5.0-e2e-aws-ovn-upgrade-fips/2060624991782703104&#xA;  gcsartifacturl: https://gcsweb-ci.apps.ci.l2s4.p1.openshiftapps.com/gcs/prow-artifact-archive/logs/periodic-ci-openshift-release-main-nightly-5.0-e2e-aws-ovn-upgrade-fips/2060624991782703104/artifacts&#xA;failures: []&#xA;skips: []&#xA;</system-out></testcase><testcase name="verify all machines should be in Running state" time="0"><properties></properties><system-out>name: verify all machines should be in Running state&#xA;testsuitename: openshift-tests&#xA;summary: &#39;Passed: Passed 10 times, failed 0 times.  The historical pass rate is 100%.  The&#xA;  required number of passes is 8.&#39;&#xA;passes:&#xA;- jobrunid: &#34;2060624970815377408&#34;&#xA;  humanurl: https://prow.ci.openshift.org/view/gs/prow-artifact-archive/logs/periodic-ci-openshift-release-main-nightly-5.0-e2e-aws-ovn-upgrade-fips/2060624970815377408&#xA;  gcsartifacturl: https://gcsweb-ci.apps.ci.l2s4.p1.openshiftapps.com/gcs/prow-artifact-archive/logs/periodic-ci-openshift-release-main-nightly-5.0-e2e-aws-ovn-upgrade-fips/2060624970815377408/artifacts&#xA;- jobrunid: &#34;2060624973327765504&#34;&#xA;  humanurl: https://prow.ci.openshift.org/view/gs/prow-artifact-archive/logs/periodic-ci-openshift-release-main-nightly-5.0-e2e-aws-ovn-upgrade-fips/2060624973327765504&#xA;  gcsartifacturl: https://gcsweb-ci.apps.ci.l2s4.p1.openshiftapps.com/gcs/prow-artifact-archive/logs/periodic-ci-openshift-release-main-nightly-5.0-e2e-aws-ovn-upgrade-fips/2060624973327765504/artifacts&#xA;- jobrunid: &#34;2060624975844347904&#34;&#xA;  humanurl: https://prow.ci.openshift.org/view/gs/prow-artifact-archive/logs/periodic-ci-openshift-release-main-nightly-5.0-e2e-aws-ovn-upgrade-fips/2060624975844347904&#xA;  gcsartifacturl: https://gcsweb-ci.apps.ci.l2s4.p1.openshiftapps.com/gcs/prow-artifact-archive/logs/periodic-ci-openshift-release-main-nightly-5.0-e2e-aws-ovn-upgrade-fips/2060624975844347904/artifacts&#xA;- jobrunid: &#34;2060624977522069504&#34;&#xA;  humanurl: https://prow.ci.openshift.org/view/gs/prow-artifact-archive/logs/periodic-ci-openshift-release-main-nightly-5.0-e2e-aws-ovn-upgrade-fips/2060624977522069504&#xA;  gcsartifacturl: https://gcsweb-ci.apps.ci.l2s4.p1.openshiftapps.com/gcs/prow-artifact-archive/logs/periodic-ci-openshift-release-main-nightly-5.0-e2e-aws-ovn-upgrade-fips/2060624977522069504/artifacts&#xA;- jobrunid: &#34;2060624979208179712&#34;&#xA;  humanurl: https://prow.ci.openshift.org/view/gs/prow-artifact-archive/logs/periodic-ci-openshift-release-main-nightly-5.0-e2e-aws-ovn-upgrade-fips/2060624979208179712&#xA;  gcsartifacturl: https://gcsweb-ci.apps.ci.l2s4.p1.openshiftapps.com/gcs/prow-artifact-archive/logs/periodic-ci-openshift-release-main-nightly-5.0-e2e-aws-ovn-upgrade-fips/2060624979208179712/artifacts&#xA;- jobrunid: &#34;2060624981716373504&#34;&#xA;  humanurl: https://prow.ci.openshift.org/view/gs/prow-artifact-archive/logs/periodic-ci-openshift-release-main-nightly-5.0-e2e-aws-ovn-upgrade-fips/2060624981716373504&#xA;  gcsartifacturl: https://gcsweb-ci.apps.ci.l2s4.p1.openshiftapps.com/gcs/prow-artifact-archive/logs/periodic-ci-openshift-release-main-nightly-5.0-e2e-aws-ovn-upgrade-fips/2060624981716373504/artifacts&#xA;- jobrunid: &#34;2060624984232955904&#34;&#xA;  humanurl: https://prow.ci.openshift.org/view/gs/prow-artifact-archive/logs/periodic-ci-openshift-release-main-nightly-5.0-e2e-aws-ovn-upgrade-fips/2060624984232955904&#xA;  gcsartifacturl: https://gcsweb-ci.apps.ci.l2s4.p1.openshiftapps.com/gcs/prow-artifact-archive/logs/periodic-ci-openshift-release-main-nightly-5.0-e2e-aws-ovn-upgrade-fips/2060624984232955904/artifacts&#xA;- jobrunid: &#34;2060624986745344000&#34;&#xA;  humanurl: https://prow.ci.openshift.org/view/gs/prow-artifact-archive/logs/periodic-ci-openshift-release-main-nightly-5.0-e2e-aws-ovn-upgrade-fips/2060624986745344000&#xA;  gcsartifacturl: https://gcsweb-ci.apps.ci.l2s4.p1.openshiftapps.com/gcs/prow-artifact-archive/logs/periodic-ci-openshift-release-main-nightly-5.0-e2e-aws-ovn-upgrade-fips/2060624986745344000/artifacts&#xA;- jobrunid: &#34;2060624989266120704&#34;&#xA;  humanurl: https://prow.ci.openshift.org/view/gs/prow-artifact-archive/logs/periodic-ci-openshift-release-main-nightly-5.0-e2e-aws-ovn-upgrade-fips/2060624989266120704&#xA;  gcsartifacturl: https://gcsweb-ci.apps.ci.l2s4.p1.openshiftapps.com/gcs/prow-artifact-archive/logs/periodic-ci-openshift-release-main-nightly-5.0-e2e-aws-ovn-upgrade-fips/2060624989266120704/artifacts&#xA;- jobrunid: &#34;2060624991782703104&#34;&#xA;  humanurl: https://prow.ci.openshift.org/view/gs/prow-artifact-archive/logs/periodic-ci-openshift-release-main-nightly-5.0-e2e-aws-ovn-upgrade-fips/2060624991782703104&#xA;  gcsartifacturl: https://gcsweb-ci.apps.ci.l2s4.p1.openshiftapps.com/gcs/prow-artifact-archive/logs/periodic-ci-openshift-release-main-nightly-5.0-e2e-aws-ovn-upgrade-fips/2060624991782703104/artifacts&#xA;failures: []&#xA;skips: []&#xA;</system-out></testcase><testcase name="verify all nodes should be ready" time="0"><properties></properties><system-out>name: verify all nodes should be ready&#xA;testsuitename: openshift-tests&#xA;summary: &#39;Passed: Passed 10 times, failed 0 times.  The historical pass rate is 99%.  The&#xA;  required number of passes is 8.&#39;&#xA;passes:&#xA;- jobrunid: &#34;2060624970815377408&#34;&#xA;  humanurl: https://prow.ci.openshift.org/view/gs/prow-artifact-archive/logs/periodic-ci-openshift-release-main-nightly-5.0-e2e-aws-ovn-upgrade-fips/2060624970815377408&#xA;  gcsartifacturl: https://gcsweb-ci.apps.ci.l2s4.p1.openshiftapps.com/gcs/prow-artifact-archive/logs/periodic-ci-openshift-release-main-nightly-5.0-e2e-aws-ovn-upgrade-fips/2060624970815377408/artifacts&#xA;- jobrunid: &#34;2060624973327765504&#34;&#xA;  humanurl: https://prow.ci.openshift.org/view/gs/prow-artifact-archive/logs/periodic-ci-openshift-release-main-nightly-5.0-e2e-aws-ovn-upgrade-fips/2060624973327765504&#xA;  gcsartifacturl: https://gcsweb-ci.apps.ci.l2s4.p1.openshiftapps.com/gcs/prow-artifact-archive/logs/periodic-ci-openshift-release-main-nightly-5.0-e2e-aws-ovn-upgrade-fips/2060624973327765504/artifacts&#xA;- jobrunid: &#34;2060624975844347904&#34;&#xA;  humanurl: https://prow.ci.openshift.org/view/gs/prow-artifact-archive/logs/periodic-ci-openshift-release-main-nightly-5.0-e2e-aws-ovn-upgrade-fips/2060624975844347904&#xA;  gcsartifacturl: https://gcsweb-ci.apps.ci.l2s4.p1.openshiftapps.com/gcs/prow-artifact-archive/logs/periodic-ci-openshift-release-main-nightly-5.0-e2e-aws-ovn-upgrade-fips/2060624975844347904/artifacts&#xA;- jobrunid: &#34;2060624977522069504&#34;&#xA;  humanurl: https://prow.ci.openshift.org/view/gs/prow-artifact-archive/logs/periodic-ci-openshift-release-main-nightly-5.0-e2e-aws-ovn-upgrade-fips/2060624977522069504&#xA;  gcsartifacturl: https://gcsweb-ci.apps.ci.l2s4.p1.openshiftapps.com/gcs/prow-artifact-archive/logs/periodic-ci-openshift-release-main-nightly-5.0-e2e-aws-ovn-upgrade-fips/2060624977522069504/artifacts&#xA;- jobrunid: &#34;2060624979208179712&#34;&#xA;  humanurl: https://prow.ci.openshift.org/view/gs/prow-artifact-archive/logs/periodic-ci-openshift-release-main-nightly-5.0-e2e-aws-ovn-upgrade-fips/2060624979208179712&#xA;  gcsartifacturl: https://gcsweb-ci.apps.ci.l2s4.p1.openshiftapps.com/gcs/prow-artifact-archive/logs/periodic-ci-openshift-release-main-nightly-5.0-e2e-aws-ovn-upgrade-fips/2060624979208179712/artifacts&#xA;- jobrunid: &#34;2060624981716373504&#34;&#xA;  humanurl: https://prow.ci.openshift.org/view/gs/prow-artifact-archive/logs/periodic-ci-openshift-release-main-nightly-5.0-e2e-aws-ovn-upgrade-fips/2060624981716373504&#xA;  gcsartifacturl: https://gcsweb-ci.apps.ci.l2s4.p1.openshiftapps.com/gcs/prow-artifact-archive/logs/periodic-ci-openshift-release-main-nightly-5.0-e2e-aws-ovn-upgrade-fips/2060624981716373504/artifacts&#xA;- jobrunid: &#34;2060624984232955904&#34;&#xA;  humanurl: https://prow.ci.openshift.org/view/gs/prow-artifact-archive/logs/periodic-ci-openshift-release-main-nightly-5.0-e2e-aws-ovn-upgrade-fips/2060624984232955904&#xA;  gcsartifacturl: https://gcsweb-ci.apps.ci.l2s4.p1.openshiftapps.com/gcs/prow-artifact-archive/logs/periodic-ci-openshift-release-main-nightly-5.0-e2e-aws-ovn-upgrade-fips/2060624984232955904/artifacts&#xA;- jobrunid: &#34;2060624986745344000&#34;&#xA;  humanurl: https://prow.ci.openshift.org/view/gs/prow-artifact-archive/logs/periodic-ci-openshift-release-main-nightly-5.0-e2e-aws-ovn-upgrade-fips/2060624986745344000&#xA;  gcsartifacturl: https://gcsweb-ci.apps.ci.l2s4.p1.openshiftapps.com/gcs/prow-artifact-archive/logs/periodic-ci-openshift-release-main-nightly-5.0-e2e-aws-ovn-upgrade-fips/2060624986745344000/artifacts&#xA;- jobrunid: &#34;2060624989266120704&#34;&#xA;  humanurl: https://prow.ci.openshift.org/view/gs/prow-artifact-archive/logs/periodic-ci-openshift-release-main-nightly-5.0-e2e-aws-ovn-upgrade-fips/2060624989266120704&#xA;  gcsartifacturl: https://gcsweb-ci.apps.ci.l2s4.p1.openshiftapps.com/gcs/prow-artifact-archive/logs/periodic-ci-openshift-release-main-nightly-5.0-e2e-aws-ovn-upgrade-fips/2060624989266120704/artifacts&#xA;- jobrunid: &#34;2060624991782703104&#34;&#xA;  humanurl: https://prow.ci.openshift.org/view/gs/prow-artifact-archive/logs/periodic-ci-openshift-release-main-nightly-5.0-e2e-aws-ovn-upgrade-fips/2060624991782703104&#xA;  gcsartifacturl: https://gcsweb-ci.apps.ci.l2s4.p1.openshiftapps.com/gcs/prow-artifact-archive/logs/periodic-ci-openshift-release-main-nightly-5.0-e2e-aws-ovn-upgrade-fips/2060624991782703104/artifacts&#xA;failures: []&#xA;skips: []&#xA;</system-out></testcase><testcase name="verify node count should match or exceed machine count" time="0"><properties></properties><system-out>name: verify node count should match or exceed machine count&#xA;testsuitename: openshift-tests&#xA;summary: &#39;Passed: Passed 10 times, failed 0 times.  The historical pass rate is 100%.  The&#xA;  required number of passes is 8.&#39;&#xA;passes:&#xA;- jobrunid: &#34;2060624970815377408&#34;&#xA;  humanurl: https://prow.ci.openshift.org/view/gs/prow-artifact-archive/logs/periodic-ci-openshift-release-main-nightly-5.0-e2e-aws-ovn-upgrade-fips/2060624970815377408&#xA;  gcsartifacturl: https://gcsweb-ci.apps.ci.l2s4.p1.openshiftapps.com/gcs/prow-artifact-archive/logs/periodic-ci-openshift-release-main-nightly-5.0-e2e-aws-ovn-upgrade-fips/2060624970815377408/artifacts&#xA;- jobrunid: &#34;2060624973327765504&#34;&#xA;  humanurl: https://prow.ci.openshift.org/view/gs/prow-artifact-archive/logs/periodic-ci-openshift-release-main-nightly-5.0-e2e-aws-ovn-upgrade-fips/2060624973327765504&#xA;  gcsartifacturl: https://gcsweb-ci.apps.ci.l2s4.p1.openshiftapps.com/gcs/prow-artifact-archive/logs/periodic-ci-openshift-release-main-nightly-5.0-e2e-aws-ovn-upgrade-fips/2060624973327765504/artifacts&#xA;- jobrunid: &#34;2060624975844347904&#34;&#xA;  humanurl: https://prow.ci.openshift.org/view/gs/prow-artifact-archive/logs/periodic-ci-openshift-release-main-nightly-5.0-e2e-aws-ovn-upgrade-fips/2060624975844347904&#xA;  gcsartifacturl: https://gcsweb-ci.apps.ci.l2s4.p1.openshiftapps.com/gcs/prow-artifact-archive/logs/periodic-ci-openshift-release-main-nightly-5.0-e2e-aws-ovn-upgrade-fips/2060624975844347904/artifacts&#xA;- jobrunid: &#34;2060624977522069504&#34;&#xA;  humanurl: https://prow.ci.openshift.org/view/gs/prow-artifact-archive/logs/periodic-ci-openshift-release-main-nightly-5.0-e2e-aws-ovn-upgrade-fips/2060624977522069504&#xA;  gcsartifacturl: https://gcsweb-ci.apps.ci.l2s4.p1.openshiftapps.com/gcs/prow-artifact-archive/logs/periodic-ci-openshift-release-main-nightly-5.0-e2e-aws-ovn-upgrade-fips/2060624977522069504/artifacts&#xA;- jobrunid: &#34;2060624979208179712&#34;&#xA;  humanurl: https://prow.ci.openshift.org/view/gs/prow-artifact-archive/logs/periodic-ci-openshift-release-main-nightly-5.0-e2e-aws-ovn-upgrade-fips/2060624979208179712&#xA;  gcsartifacturl: https://gcsweb-ci.apps.ci.l2s4.p1.openshiftapps.com/gcs/prow-artifact-archive/logs/periodic-ci-openshift-release-main-nightly-5.0-e2e-aws-ovn-upgrade-fips/2060624979208179712/artifacts&#xA;- jobrunid: &#34;2060624981716373504&#34;&#xA;  humanurl: https://prow.ci.openshift.org/view/gs/prow-artifact-archive/logs/periodic-ci-openshift-release-main-nightly-5.0-e2e-aws-ovn-upgrade-fips/2060624981716373504&#xA;  gcsartifacturl: https://gcsweb-ci.apps.ci.l2s4.p1.openshiftapps.com/gcs/prow-artifact-archive/logs/periodic-ci-openshift-release-main-nightly-5.0-e2e-aws-ovn-upgrade-fips/2060624981716373504/artifacts&#xA;- jobrunid: &#34;2060624984232955904&#34;&#xA;  humanurl: https://prow.ci.openshift.org/view/gs/prow-artifact-archive/logs/periodic-ci-openshift-release-main-nightly-5.0-e2e-aws-ovn-upgrade-fips/2060624984232955904&#xA;  gcsartifacturl: https://gcsweb-ci.apps.ci.l2s4.p1.openshiftapps.com/gcs/prow-artifact-archive/logs/periodic-ci-openshift-release-main-nightly-5.0-e2e-aws-ovn-upgrade-fips/2060624984232955904/artifacts&#xA;- jobrunid: &#34;2060624986745344000&#34;&#xA;  humanurl: https://prow.ci.openshift.org/view/gs/prow-artifact-archive/logs/periodic-ci-openshift-release-main-nightly-5.0-e2e-aws-ovn-upgrade-fips/2060624986745344000&#xA;  gcsartifacturl: https://gcsweb-ci.apps.ci.l2s4.p1.openshiftapps.com/gcs/prow-artifact-archive/logs/periodic-ci-openshift-release-main-nightly-5.0-e2e-aws-ovn-upgrade-fips/2060624986745344000/artifacts&#xA;- jobrunid: &#34;2060624989266120704&#34;&#xA;  humanurl: https://prow.ci.openshift.org/view/gs/prow-artifact-archive/logs/periodic-ci-openshift-release-main-nightly-5.0-e2e-aws-ovn-upgrade-fips/2060624989266120704&#xA;  gcsartifacturl: https://gcsweb-ci.apps.ci.l2s4.p1.openshiftapps.com/gcs/prow-artifact-archive/logs/periodic-ci-openshift-release-main-nightly-5.0-e2e-aws-ovn-upgrade-fips/2060624989266120704/artifacts&#xA;- jobrunid: &#34;2060624991782703104&#34;&#xA;  humanurl: https://prow.ci.openshift.org/view/gs/prow-artifact-archive/logs/periodic-ci-openshift-release-main-nightly-5.0-e2e-aws-ovn-upgrade-fips/2060624991782703104&#xA;  gcsartifacturl: https://gcsweb-ci.apps.ci.l2s4.p1.openshiftapps.com/gcs/prow-artifact-archive/logs/periodic-ci-openshift-release-main-nightly-5.0-e2e-aws-ovn-upgrade-fips/2060624991782703104/artifacts&#xA;failures: []&#xA;skips: []&#xA;</system-out></testcase><testcase name="ensure 1 worker node at least gets ready" time="0"><properties></properties><system-out>name: ensure 1 worker node at least gets ready&#xA;testsuitename: openshift-tests&#xA;summary: &#39;Passed: Passed 10 times, failed 0 times.  The historical pass rate is 100%.  The&#xA;  required number of passes is 8.&#39;&#xA;passes:&#xA;- jobrunid: &#34;2060624970815377408&#34;&#xA;  humanurl: https://prow.ci.openshift.org/view/gs/prow-artifact-archive/logs/periodic-ci-openshift-release-main-nightly-5.0-e2e-aws-ovn-upgrade-fips/2060624970815377408&#xA;  gcsartifacturl: https://gcsweb-ci.apps.ci.l2s4.p1.openshiftapps.com/gcs/prow-artifact-archive/logs/periodic-ci-openshift-release-main-nightly-5.0-e2e-aws-ovn-upgrade-fips/2060624970815377408/artifacts&#xA;- jobrunid: &#34;2060624973327765504&#34;&#xA;  humanurl: https://prow.ci.openshift.org/view/gs/prow-artifact-archive/logs/periodic-ci-openshift-release-main-nightly-5.0-e2e-aws-ovn-upgrade-fips/2060624973327765504&#xA;  gcsartifacturl: https://gcsweb-ci.apps.ci.l2s4.p1.openshiftapps.com/gcs/prow-artifact-archive/logs/periodic-ci-openshift-release-main-nightly-5.0-e2e-aws-ovn-upgrade-fips/2060624973327765504/artifacts&#xA;- jobrunid: &#34;2060624975844347904&#34;&#xA;  humanurl: https://prow.ci.openshift.org/view/gs/prow-artifact-archive/logs/periodic-ci-openshift-release-main-nightly-5.0-e2e-aws-ovn-upgrade-fips/2060624975844347904&#xA;  gcsartifacturl: https://gcsweb-ci.apps.ci.l2s4.p1.openshiftapps.com/gcs/prow-artifact-archive/logs/periodic-ci-openshift-release-main-nightly-5.0-e2e-aws-ovn-upgrade-fips/2060624975844347904/artifacts&#xA;- jobrunid: &#34;2060624977522069504&#34;&#xA;  humanurl: https://prow.ci.openshift.org/view/gs/prow-artifact-archive/logs/periodic-ci-openshift-release-main-nightly-5.0-e2e-aws-ovn-upgrade-fips/2060624977522069504&#xA;  gcsartifacturl: https://gcsweb-ci.apps.ci.l2s4.p1.openshiftapps.com/gcs/prow-artifact-archive/logs/periodic-ci-openshift-release-main-nightly-5.0-e2e-aws-ovn-upgrade-fips/2060624977522069504/artifacts&#xA;- jobrunid: &#34;2060624979208179712&#34;&#xA;  humanurl: https://prow.ci.openshift.org/view/gs/prow-artifact-archive/logs/periodic-ci-openshift-release-main-nightly-5.0-e2e-aws-ovn-upgrade-fips/2060624979208179712&#xA;  gcsartifacturl: https://gcsweb-ci.apps.ci.l2s4.p1.openshiftapps.com/gcs/prow-artifact-archive/logs/periodic-ci-openshift-release-main-nightly-5.0-e2e-aws-ovn-upgrade-fips/2060624979208179712/artifacts&#xA;- jobrunid: &#34;2060624981716373504&#34;&#xA;  humanurl: https://prow.ci.openshift.org/view/gs/prow-artifact-archive/logs/periodic-ci-openshift-release-main-nightly-5.0-e2e-aws-ovn-upgrade-fips/2060624981716373504&#xA;  gcsartifacturl: https://gcsweb-ci.apps.ci.l2s4.p1.openshiftapps.com/gcs/prow-artifact-archive/logs/periodic-ci-openshift-release-main-nightly-5.0-e2e-aws-ovn-upgrade-fips/2060624981716373504/artifacts&#xA;- jobrunid: &#34;2060624984232955904&#34;&#xA;  humanurl: https://prow.ci.openshift.org/view/gs/prow-artifact-archive/logs/periodic-ci-openshift-release-main-nightly-5.0-e2e-aws-ovn-upgrade-fips/2060624984232955904&#xA;  gcsartifacturl: https://gcsweb-ci.apps.ci.l2s4.p1.openshiftapps.com/gcs/prow-artifact-archive/logs/periodic-ci-openshift-release-main-nightly-5.0-e2e-aws-ovn-upgrade-fips/2060624984232955904/artifacts&#xA;- jobrunid: &#34;2060624986745344000&#34;&#xA;  humanurl: https://prow.ci.openshift.org/view/gs/prow-artifact-archive/logs/periodic-ci-openshift-release-main-nightly-5.0-e2e-aws-ovn-upgrade-fips/2060624986745344000&#xA;  gcsartifacturl: https://gcsweb-ci.apps.ci.l2s4.p1.openshiftapps.com/gcs/prow-artifact-archive/logs/periodic-ci-openshift-release-main-nightly-5.0-e2e-aws-ovn-upgrade-fips/2060624986745344000/artifacts&#xA;- jobrunid: &#34;2060624989266120704&#34;&#xA;  humanurl: https://prow.ci.openshift.org/view/gs/prow-artifact-archive/logs/periodic-ci-openshift-release-main-nightly-5.0-e2e-aws-ovn-upgrade-fips/2060624989266120704&#xA;  gcsartifacturl: https://gcsweb-ci.apps.ci.l2s4.p1.openshiftapps.com/gcs/prow-artifact-archive/logs/periodic-ci-openshift-release-main-nightly-5.0-e2e-aws-ovn-upgrade-fips/2060624989266120704/artifacts&#xA;- jobrunid: &#34;2060624991782703104&#34;&#xA;  humanurl: https://prow.ci.openshift.org/view/gs/prow-artifact-archive/logs/periodic-ci-openshift-release-main-nightly-5.0-e2e-aws-ovn-upgrade-fips/2060624991782703104&#xA;  gcsartifacturl: https://gcsweb-ci.apps.ci.l2s4.p1.openshiftapps.com/gcs/prow-artifact-archive/logs/periodic-ci-openshift-release-main-nightly-5.0-e2e-aws-ovn-upgrade-fips/2060624991782703104/artifacts&#xA;failures: []&#xA;skips: []&#xA;</system-out></testcase><testcase name="verify operator conditions etcd" time="0"><properties></properties><system-out>name: verify operator conditions etcd&#xA;testsuitename: openshift-tests&#xA;summary: &#39;Passed: Passed 10 times, failed 0 times.  The historical pass rate is 100%.  The&#xA;  required number of passes is 8.&#39;&#xA;passes:&#xA;- jobrunid: &#34;2060624970815377408&#34;&#xA;  humanurl: https://prow.ci.openshift.org/view/gs/prow-artifact-archive/logs/periodic-ci-openshift-release-main-nightly-5.0-e2e-aws-ovn-upgrade-fips/2060624970815377408&#xA;  gcsartifacturl: https://gcsweb-ci.apps.ci.l2s4.p1.openshiftapps.com/gcs/prow-artifact-archive/logs/periodic-ci-openshift-release-main-nightly-5.0-e2e-aws-ovn-upgrade-fips/2060624970815377408/artifacts&#xA;- jobrunid: &#34;2060624973327765504&#34;&#xA;  humanurl: https://prow.ci.openshift.org/view/gs/prow-artifact-archive/logs/periodic-ci-openshift-release-main-nightly-5.0-e2e-aws-ovn-upgrade-fips/2060624973327765504&#xA;  gcsartifacturl: https://gcsweb-ci.apps.ci.l2s4.p1.openshiftapps.com/gcs/prow-artifact-archive/logs/periodic-ci-openshift-release-main-nightly-5.0-e2e-aws-ovn-upgrade-fips/2060624973327765504/artifacts&#xA;- jobrunid: &#34;2060624975844347904&#34;&#xA;  humanurl: https://prow.ci.openshift.org/view/gs/prow-artifact-archive/logs/periodic-ci-openshift-release-main-nightly-5.0-e2e-aws-ovn-upgrade-fips/2060624975844347904&#xA;  gcsartifacturl: https://gcsweb-ci.apps.ci.l2s4.p1.openshiftapps.com/gcs/prow-artifact-archive/logs/periodic-ci-openshift-release-main-nightly-5.0-e2e-aws-ovn-upgrade-fips/2060624975844347904/artifacts&#xA;- jobrunid: &#34;2060624977522069504&#34;&#xA;  humanurl: https://prow.ci.openshift.org/view/gs/prow-artifact-archive/logs/periodic-ci-openshift-release-main-nightly-5.0-e2e-aws-ovn-upgrade-fips/2060624977522069504&#xA;  gcsartifacturl: https://gcsweb-ci.apps.ci.l2s4.p1.openshiftapps.com/gcs/prow-artifact-archive/logs/periodic-ci-openshift-release-main-nightly-5.0-e2e-aws-ovn-upgrade-fips/2060624977522069504/artifacts&#xA;- jobrunid: &#34;2060624979208179712&#34;&#xA;  humanurl: https://prow.ci.openshift.org/view/gs/prow-artifact-archive/logs/periodic-ci-openshift-release-main-nightly-5.0-e2e-aws-ovn-upgrade-fips/2060624979208179712&#xA;  gcsartifacturl: https://gcsweb-ci.apps.ci.l2s4.p1.openshiftapps.com/gcs/prow-artifact-archive/logs/periodic-ci-openshift-release-main-nightly-5.0-e2e-aws-ovn-upgrade-fips/2060624979208179712/artifacts&#xA;- jobrunid: &#34;2060624981716373504&#34;&#xA;  humanurl: https://prow.ci.openshift.org/view/gs/prow-artifact-archive/logs/periodic-ci-openshift-release-main-nightly-5.0-e2e-aws-ovn-upgrade-fips/2060624981716373504&#xA;  gcsartifacturl: https://gcsweb-ci.apps.ci.l2s4.p1.openshiftapps.com/gcs/prow-artifact-archive/logs/periodic-ci-openshift-release-main-nightly-5.0-e2e-aws-ovn-upgrade-fips/2060624981716373504/artifacts&#xA;- jobrunid: &#34;2060624984232955904&#34;&#xA;  humanurl: https://prow.ci.openshift.org/view/gs/prow-artifact-archive/logs/periodic-ci-openshift-release-main-nightly-5.0-e2e-aws-ovn-upgrade-fips/2060624984232955904&#xA;  gcsartifacturl: https://gcsweb-ci.apps.ci.l2s4.p1.openshiftapps.com/gcs/prow-artifact-archive/logs/periodic-ci-openshift-release-main-nightly-5.0-e2e-aws-ovn-upgrade-fips/2060624984232955904/artifacts&#xA;- jobrunid: &#34;2060624986745344000&#34;&#xA;  humanurl: https://prow.ci.openshift.org/view/gs/prow-artifact-archive/logs/periodic-ci-openshift-release-main-nightly-5.0-e2e-aws-ovn-upgrade-fips/2060624986745344000&#xA;  gcsartifacturl: https://gcsweb-ci.apps.ci.l2s4.p1.openshiftapps.com/gcs/prow-artifact-archive/logs/periodic-ci-openshift-release-main-nightly-5.0-e2e-aws-ovn-upgrade-fips/2060624986745344000/artifacts&#xA;- jobrunid: &#34;2060624989266120704&#34;&#xA;  humanurl: https://prow.ci.openshift.org/view/gs/prow-artifact-archive/logs/periodic-ci-openshift-release-main-nightly-5.0-e2e-aws-ovn-upgrade-fips/2060624989266120704&#xA;  gcsartifacturl: https://gcsweb-ci.apps.ci.l2s4.p1.openshiftapps.com/gcs/prow-artifact-archive/logs/periodic-ci-openshift-release-main-nightly-5.0-e2e-aws-ovn-upgrade-fips/2060624989266120704/artifacts&#xA;- jobrunid: &#34;2060624991782703104&#34;&#xA;  humanurl: https://prow.ci.openshift.org/view/gs/prow-artifact-archive/logs/periodic-ci-openshift-release-main-nightly-5.0-e2e-aws-ovn-upgrade-fips/2060624991782703104&#xA;  gcsartifacturl: https://gcsweb-ci.apps.ci.l2s4.p1.openshiftapps.com/gcs/prow-artifact-archive/logs/periodic-ci-openshift-release-main-nightly-5.0-e2e-aws-ovn-upgrade-fips/2060624991782703104/artifacts&#xA;failures: []&#xA;skips: []&#xA;</system-out></testcase><testcase name="verify operator conditions network" time="0"><properties></properties><system-out>name: verify operator conditions network&#xA;testsuitename: openshift-tests&#xA;summary: &#39;Passed: Passed 10 times, failed 0 times.  The historical pass rate is 100%.  The&#xA;  required number of passes is 8.&#39;&#xA;passes:&#xA;- jobrunid: &#34;2060624970815377408&#34;&#xA;  humanurl: https://prow.ci.openshift.org/view/gs/prow-artifact-archive/logs/periodic-ci-openshift-release-main-nightly-5.0-e2e-aws-ovn-upgrade-fips/2060624970815377408&#xA;  gcsartifacturl: https://gcsweb-ci.apps.ci.l2s4.p1.openshiftapps.com/gcs/prow-artifact-archive/logs/periodic-ci-openshift-release-main-nightly-5.0-e2e-aws-ovn-upgrade-fips/2060624970815377408/artifacts&#xA;- jobrunid: &#34;2060624973327765504&#34;&#xA;  humanurl: https://prow.ci.openshift.org/view/gs/prow-artifact-archive/logs/periodic-ci-openshift-release-main-nightly-5.0-e2e-aws-ovn-upgrade-fips/2060624973327765504&#xA;  gcsartifacturl: https://gcsweb-ci.apps.ci.l2s4.p1.openshiftapps.com/gcs/prow-artifact-archive/logs/periodic-ci-openshift-release-main-nightly-5.0-e2e-aws-ovn-upgrade-fips/2060624973327765504/artifacts&#xA;- jobrunid: &#34;2060624975844347904&#34;&#xA;  humanurl: https://prow.ci.openshift.org/view/gs/prow-artifact-archive/logs/periodic-ci-openshift-release-main-nightly-5.0-e2e-aws-ovn-upgrade-fips/2060624975844347904&#xA;  gcsartifacturl: https://gcsweb-ci.apps.ci.l2s4.p1.openshiftapps.com/gcs/prow-artifact-archive/logs/periodic-ci-openshift-release-main-nightly-5.0-e2e-aws-ovn-upgrade-fips/2060624975844347904/artifacts&#xA;- jobrunid: &#34;2060624977522069504&#34;&#xA;  humanurl: https://prow.ci.openshift.org/view/gs/prow-artifact-archive/logs/periodic-ci-openshift-release-main-nightly-5.0-e2e-aws-ovn-upgrade-fips/2060624977522069504&#xA;  gcsartifacturl: https://gcsweb-ci.apps.ci.l2s4.p1.openshiftapps.com/gcs/prow-artifact-archive/logs/periodic-ci-openshift-release-main-nightly-5.0-e2e-aws-ovn-upgrade-fips/2060624977522069504/artifacts&#xA;- jobrunid: &#34;2060624979208179712&#34;&#xA;  humanurl: https://prow.ci.openshift.org/view/gs/prow-artifact-archive/logs/periodic-ci-openshift-release-main-nightly-5.0-e2e-aws-ovn-upgrade-fips/2060624979208179712&#xA;  gcsartifacturl: https://gcsweb-ci.apps.ci.l2s4.p1.openshiftapps.com/gcs/prow-artifact-archive/logs/periodic-ci-openshift-release-main-nightly-5.0-e2e-aws-ovn-upgrade-fips/2060624979208179712/artifacts&#xA;- jobrunid: &#34;2060624981716373504&#34;&#xA;  humanurl: https://prow.ci.openshift.org/view/gs/prow-artifact-archive/logs/periodic-ci-openshift-release-main-nightly-5.0-e2e-aws-ovn-upgrade-fips/2060624981716373504&#xA;  gcsartifacturl: https://gcsweb-ci.apps.ci.l2s4.p1.openshiftapps.com/gcs/prow-artifact-archive/logs/periodic-ci-openshift-release-main-nightly-5.0-e2e-aws-ovn-upgrade-fips/2060624981716373504/artifacts&#xA;- jobrunid: &#34;2060624984232955904&#34;&#xA;  humanurl: https://prow.ci.openshift.org/view/gs/prow-artifact-archive/logs/periodic-ci-openshift-release-main-nightly-5.0-e2e-aws-ovn-upgrade-fips/2060624984232955904&#xA;  gcsartifacturl: https://gcsweb-ci.apps.ci.l2s4.p1.openshiftapps.com/gcs/prow-artifact-archive/logs/periodic-ci-openshift-release-main-nightly-5.0-e2e-aws-ovn-upgrade-fips/2060624984232955904/artifacts&#xA;- jobrunid: &#34;2060624986745344000&#34;&#xA;  humanurl: https://prow.ci.openshift.org/view/gs/prow-artifact-archive/logs/periodic-ci-openshift-release-main-nightly-5.0-e2e-aws-ovn-upgrade-fips/2060624986745344000&#xA;  gcsartifacturl: https://gcsweb-ci.apps.ci.l2s4.p1.openshiftapps.com/gcs/prow-artifact-archive/logs/periodic-ci-openshift-release-main-nightly-5.0-e2e-aws-ovn-upgrade-fips/2060624986745344000/artifacts&#xA;- jobrunid: &#34;2060624989266120704&#34;&#xA;  humanurl: https://prow.ci.openshift.org/view/gs/prow-artifact-archive/logs/periodic-ci-openshift-release-main-nightly-5.0-e2e-aws-ovn-upgrade-fips/2060624989266120704&#xA;  gcsartifacturl: https://gcsweb-ci.apps.ci.l2s4.p1.openshiftapps.com/gcs/prow-artifact-archive/logs/periodic-ci-openshift-release-main-nightly-5.0-e2e-aws-ovn-upgrade-fips/2060624989266120704/artifacts&#xA;- jobrunid: &#34;2060624991782703104&#34;&#xA;  humanurl: https://prow.ci.openshift.org/view/gs/prow-artifact-archive/logs/periodic-ci-openshift-release-main-nightly-5.0-e2e-aws-ovn-upgrade-fips/2060624991782703104&#xA;  gcsartifacturl: https://gcsweb-ci.apps.ci.l2s4.p1.openshiftapps.com/gcs/prow-artifact-archive/logs/periodic-ci-openshift-release-main-nightly-5.0-e2e-aws-ovn-upgrade-fips/2060624991782703104/artifacts&#xA;failures: []&#xA;skips: []&#xA;</system-out></testcase><testcase name="verify operator conditions cloud-credential" time="0"><properties></properties><system-out>name: verify operator conditions cloud-credential&#xA;testsuitename: openshift-tests&#xA;summary: &#39;Passed: Passed 10 times, failed 0 times.  The historical pass rate is 100%.  The&#xA;  required number of passes is 8.&#39;&#xA;passes:&#xA;- jobrunid: &#34;2060624970815377408&#34;&#xA;  humanurl: https://prow.ci.openshift.org/view/gs/prow-artifact-archive/logs/periodic-ci-
[...]
hift.org/view/gs/prow-artifact-archive/logs/periodic-ci-openshift-release-main-nightly-5.0-e2e-aws-ovn-upgrade-fips/2060624989266120704&#xA;  gcsartifacturl: https://gcsweb-ci.apps.ci.l2s4.p1.openshiftapps.com/gcs/prow-artifact-archive/logs/periodic-ci-openshift-release-main-nightly-5.0-e2e-aws-ovn-upgrade-fips/2060624989266120704/artifacts&#xA;- jobrunid: &#34;2060624991782703104&#34;&#xA;  humanurl: https://prow.ci.openshift.org/view/gs/prow-artifact-archive/logs/periodic-ci-openshift-release-main-nightly-5.0-e2e-aws-ovn-upgrade-fips/2060624991782703104&#xA;  gcsartifacturl: https://gcsweb-ci.apps.ci.l2s4.p1.openshiftapps.com/gcs/prow-artifact-archive/logs/periodic-ci-openshift-release-main-nightly-5.0-e2e-aws-ovn-upgrade-fips/2060624991782703104/artifacts&#xA;failures: []&#xA;skips: []&#xA;</system-out></testcase><testcase name="Run multi-stage test e2e-aws-ovn-upgrade-fips - e2e-aws-ovn-upgrade-fips-openshift-tests-extension-admission-crd-install container test" time="0"><properties></properties><system-out>name: Run multi-stage test e2e-aws-ovn-upgrade-fips - e2e-aws-ovn-upgrade-fips-openshift-tests-extension-admission-crd-install&#xA;  container test&#xA;testsuitename: step graph&#xA;summary: |&#xA;  always passing &#34;Run multi-stage test e2e-aws-ovn-upgrade-fips - e2e-aws-ovn-upgrade-fips-openshift-tests-extension-admission-crd-install container test&#34;: step graph tests are added by ci and are not useful for aggregation&#xA;passes:&#xA;- jobrunid: &#34;2060624970815377408&#34;&#xA;  humanurl: https://prow.ci.openshift.org/view/gs/prow-artifact-archive/logs/periodic-ci-openshift-release-main-nightly-5.0-e2e-aws-ovn-upgrade-fips/2060624970815377408&#xA;  gcsartifacturl: https://gcsweb-ci.apps.ci.l2s4.p1.openshiftapps.com/gcs/prow-artifact-archive/logs/periodic-ci-openshift-release-main-nightly-5.0-e2e-aws-ovn-upgrade-fips/2060624970815377408/artifacts&#xA;- jobrunid: &#34;2060624973327765504&#34;&#xA;  humanurl: https://prow.ci.openshift.org/view/gs/prow-artifact-archive/logs/periodic-ci-openshift-release-main-nightly-5.0-e2e-aws-ovn-upgrade-fips/2060624973327765504&#xA;  gcsartifacturl: https://gcsweb-ci.apps.ci.l2s4.p1.openshiftapps.com/gcs/prow-artifact-archive/logs/periodic-ci-openshift-release-main-nightly-5.0-e2e-aws-ovn-upgrade-fips/2060624973327765504/artifacts&#xA;- jobrunid: &#34;2060624975844347904&#34;&#xA;  humanurl: https://prow.ci.openshift.org/view/gs/prow-artifact-archive/logs/periodic-ci-openshift-release-main-nightly-5.0-e2e-aws-ovn-upgrade-fips/2060624975844347904&#xA;  gcsartifacturl: https://gcsweb-ci.apps.ci.l2s4.p1.openshiftapps.com/gcs/prow-artifact-archive/logs/periodic-ci-openshift-release-main-nightly-5.0-e2e-aws-ovn-upgrade-fips/2060624975844347904/artifacts&#xA;- jobrunid: &#34;2060624977522069504&#34;&#xA;  humanurl: https://prow.ci.openshift.org/view/gs/prow-artifact-archive/logs/periodic-ci-openshift-release-main-nightly-5.0-e2e-aws-ovn-upgrade-fips/2060624977522069504&#xA;  gcsartifacturl: https://gcsweb-ci.apps.ci.l2s4.p1.openshiftapps.com/gcs/prow-artifact-archive/logs/periodic-ci-openshift-release-main-nightly-5.0-e2e-aws-ovn-upgrade-fips/2060624977522069504/artifacts&#xA;- jobrunid: &#34;2060624979208179712&#34;&#xA;  humanurl: https://prow.ci.openshift.org/view/gs/prow-artifact-archive/logs/periodic-ci-openshift-release-main-nightly-5.0-e2e-aws-ovn-upgrade-fips/2060624979208179712&#xA;  gcsartifacturl: https://gcsweb-ci.apps.ci.l2s4.p1.openshiftapps.com/gcs/prow-artifact-archive/logs/periodic-ci-openshift-release-main-nightly-5.0-e2e-aws-ovn-upgrade-fips/2060624979208179712/artifacts&#xA;- jobrunid: &#34;2060624981716373504&#34;&#xA;  humanurl: https://prow.ci.openshift.org/view/gs/prow-artifact-archive/logs/periodic-ci-openshift-release-main-nightly-5.0-e2e-aws-ovn-upgrade-fips/2060624981716373504&#xA;  gcsartifacturl: https://gcsweb-ci.apps.ci.l2s4.p1.openshiftapps.com/gcs/prow-artifact-archive/logs/periodic-ci-openshift-release-main-nightly-5.0-e2e-aws-ovn-upgrade-fips/2060624981716373504/artifacts&#xA;- jobrunid: &#34;2060624984232955904&#34;&#xA;  humanurl: https://prow.ci.openshift.org/view/gs/prow-artifact-archive/logs/periodic-ci-openshift-release-main-nightly-5.0-e2e-aws-ovn-upgrade-fips/2060624984232955904&#xA;  gcsartifacturl: https://gcsweb-ci.apps.ci.l2s4.p1.openshiftapps.com/gcs/prow-artifact-archive/logs/periodic-ci-openshift-release-main-nightly-5.0-e2e-aws-ovn-upgrade-fips/2060624984232955904/artifacts&#xA;- jobrunid: &#34;2060624986745344000&#34;&#xA;  humanurl: https://prow.ci.openshift.org/view/gs/prow-artifact-archive/logs/periodic-ci-openshift-release-main-nightly-5.0-e2e-aws-ovn-upgrade-fips/2060624986745344000&#xA;  gcsartifacturl: https://gcsweb-ci.apps.ci.l2s4.p1.openshiftapps.com/gcs/prow-artifact-archive/logs/periodic-ci-openshift-release-main-nightly-5.0-e2e-aws-ovn-upgrade-fips/2060624986745344000/artifacts&#xA;- jobrunid: &#34;2060624989266120704&#34;&#xA;  humanurl: https://prow.ci.openshift.org/view/gs/prow-artifact-archive/logs/periodic-ci-openshift-release-main-nightly-5.0-e2e-aws-ovn-upgrade-fips/2060624989266120704&#xA;  gcsartifacturl: https://gcsweb-ci.apps.ci.l2s4.p1.openshiftapps.com/gcs/prow-artifact-archive/logs/periodic-ci-openshift-release-main-nightly-5.0-e2e-aws-ovn-upgrade-fips/2060624989266120704/artifacts&#xA;- jobrunid: &#34;2060624991782703104&#34;&#xA;  humanurl: https://prow.ci.openshift.org/view/gs/prow-artifact-archive/logs/periodic-ci-openshift-release-main-nightly-5.0-e2e-aws-ovn-upgrade-fips/2060624991782703104&#xA;  gcsartifacturl: https://gcsweb-ci.apps.ci.l2s4.p1.openshiftapps.com/gcs/prow-artifact-archive/logs/periodic-ci-openshift-release-main-nightly-5.0-e2e-aws-ovn-upgrade-fips/2060624991782703104/artifacts&#xA;failures: []&#xA;skips: []&#xA;</system-out></testcase><testcase name="Run multi-stage test post phase" time="0"><properties></properties><system-out>name: Run multi-stage test post phase&#xA;testsuitename: step graph&#xA;summary: |&#xA;  always passing &#34;Run multi-stage test post phase&#34;: step graph tests are added by ci and are not useful for aggregation&#xA;passes:&#xA;- jobrunid: &#34;2060624970815377408&#34;&#xA;  humanurl: https://prow.ci.openshift.org/view/gs/prow-artifact-archive/logs/periodic-ci-openshift-release-main-nightly-5.0-e2e-aws-ovn-upgrade-fips/2060624970815377408&#xA;  gcsartifacturl: https://gcsweb-ci.apps.ci.l2s4.p1.openshiftapps.com/gcs/prow-artifact-archive/logs/periodic-ci-openshift-release-main-nightly-5.0-e2e-aws-ovn-upgrade-fips/2060624970815377408/artifacts&#xA;- jobrunid: &#34;2060624973327765504&#34;&#xA;  humanurl: https://prow.ci.openshift.org/view/gs/prow-artifact-archive/logs/periodic-ci-openshift-release-main-nightly-5.0-e2e-aws-ovn-upgrade-fips/2060624973327765504&#xA;  gcsartifacturl: https://gcsweb-ci.apps.ci.l2s4.p1.openshiftapps.com/gcs/prow-artifact-archive/logs/periodic-ci-openshift-release-main-nightly-5.0-e2e-aws-ovn-upgrade-fips/2060624973327765504/artifacts&#xA;- jobrunid: &#34;2060624975844347904&#34;&#xA;  humanurl: https://prow.ci.openshift.org/view/gs/prow-artifact-archive/logs/periodic-ci-openshift-release-main-nightly-5.0-e2e-aws-ovn-upgrade-fips/2060624975844347904&#xA;  gcsartifacturl: https://gcsweb-ci.apps.ci.l2s4.p1.openshiftapps.com/gcs/prow-artifact-archive/logs/periodic-ci-openshift-release-main-nightly-5.0-e2e-aws-ovn-upgrade-fips/2060624975844347904/artifacts&#xA;- jobrunid: &#34;2060624977522069504&#34;&#xA;  humanurl: https://prow.ci.openshift.org/view/gs/prow-artifact-archive/logs/periodic-ci-openshift-release-main-nightly-5.0-e2e-aws-ovn-upgrade-fips/2060624977522069504&#xA;  gcsartifacturl: https://gcsweb-ci.apps.ci.l2s4.p1.openshiftapps.com/gcs/prow-artifact-archive/logs/periodic-ci-openshift-release-main-nightly-5.0-e2e-aws-ovn-upgrade-fips/2060624977522069504/artifacts&#xA;- jobrunid: &#34;2060624979208179712&#34;&#xA;  humanurl: https://prow.ci.openshift.org/view/gs/prow-artifact-archive/logs/periodic-ci-openshift-release-main-nightly-5.0-e2e-aws-ovn-upgrade-fips/2060624979208179712&#xA;  gcsartifacturl: https://gcsweb-ci.apps.ci.l2s4.p1.openshiftapps.com/gcs/prow-artifact-archive/logs/periodic-ci-openshift-release-main-nightly-5.0-e2e-aws-ovn-upgrade-fips/2060624979208179712/artifacts&#xA;- jobrunid: &#34;2060624981716373504&#34;&#xA;  humanurl: https://prow.ci.openshift.org/view/gs/prow-artifact-archive/logs/periodic-ci-openshift-release-main-nightly-5.0-e2e-aws-ovn-upgrade-fips/2060624981716373504&#xA;  gcsartifacturl: https://gcsweb-ci.apps.ci.l2s4.p1.openshiftapps.com/gcs/prow-artifact-archive/logs/periodic-ci-openshift-release-main-nightly-5.0-e2e-aws-ovn-upgrade-fips/2060624981716373504/artifacts&#xA;- jobrunid: &#34;2060624984232955904&#34;&#xA;  humanurl: https://prow.ci.openshift.org/view/gs/prow-artifact-archive/logs/periodic-ci-openshift-release-main-nightly-5.0-e2e-aws-ovn-upgrade-fips/2060624984232955904&#xA;  gcsartifacturl: https://gcsweb-ci.apps.ci.l2s4.p1.openshiftapps.com/gcs/prow-artifact-archive/logs/periodic-ci-openshift-release-main-nightly-5.0-e2e-aws-ovn-upgrade-fips/2060624984232955904/artifacts&#xA;- jobrunid: &#34;2060624986745344000&#34;&#xA;  humanurl: https://prow.ci.openshift.org/view/gs/prow-artifact-archive/logs/periodic-ci-openshift-release-main-nightly-5.0-e2e-aws-ovn-upgrade-fips/2060624986745344000&#xA;  gcsartifacturl: https://gcsweb-ci.apps.ci.l2s4.p1.openshiftapps.com/gcs/prow-artifact-archive/logs/periodic-ci-openshift-release-main-nightly-5.0-e2e-aws-ovn-upgrade-fips/2060624986745344000/artifacts&#xA;- jobrunid: &#34;2060624989266120704&#34;&#xA;  humanurl: https://prow.ci.openshift.org/view/gs/prow-artifact-archive/logs/periodic-ci-openshift-release-main-nightly-5.0-e2e-aws-ovn-upgrade-fips/2060624989266120704&#xA;  gcsartifacturl: https://gcsweb-ci.apps.ci.l2s4.p1.openshiftapps.com/gcs/prow-artifact-archive/logs/periodic-ci-openshift-release-main-nightly-5.0-e2e-aws-ovn-upgrade-fips/2060624989266120704/artifacts&#xA;- jobrunid: &#34;2060624991782703104&#34;&#xA;  humanurl: https://prow.ci.openshift.org/view/gs/prow-artifact-archive/logs/periodic-ci-openshift-release-main-nightly-5.0-e2e-aws-ovn-upgrade-fips/2060624991782703104&#xA;  gcsartifacturl: https://gcsweb-ci.apps.ci.l2s4.p1.openshiftapps.com/gcs/prow-artifact-archive/logs/periodic-ci-openshift-release-main-nightly-5.0-e2e-aws-ovn-upgrade-fips/2060624991782703104/artifacts&#xA;failures: []&#xA;skips: []&#xA;</system-out></testcase><testcase name="Run multi-stage test pre phase" time="0"><properties></properties><system-out>name: Run multi-stage test pre phase&#xA;testsuitename: step graph&#xA;summary: |&#xA;  always passing &#34;Run multi-stage test pre phase&#34;: step graph tests are added by ci and are not useful for aggregation&#xA;passes:&#xA;- jobrunid: &#34;2060624970815377408&#34;&#xA;  humanurl: https://prow.ci.openshift.org/view/gs/prow-artifact-archive/logs/periodic-ci-openshift-release-main-nightly-5.0-e2e-aws-ovn-upgrade-fips/2060624970815377408&#xA;  gcsartifacturl: https://gcsweb-ci.apps.ci.l2s4.p1.openshiftapps.com/gcs/prow-artifact-archive/logs/periodic-ci-openshift-release-main-nightly-5.0-e2e-aws-ovn-upgrade-fips/2060624970815377408/artifacts&#xA;- jobrunid: &#34;2060624973327765504&#34;&#xA;  humanurl: https://prow.ci.openshift.org/view/gs/prow-artifact-archive/logs/periodic-ci-openshift-release-main-nightly-5.0-e2e-aws-ovn-upgrade-fips/2060624973327765504&#xA;  gcsartifacturl: https://gcsweb-ci.apps.ci.l2s4.p1.openshiftapps.com/gcs/prow-artifact-archive/logs/periodic-ci-openshift-release-main-nightly-5.0-e2e-aws-ovn-upgrade-fips/2060624973327765504/artifacts&#xA;- jobrunid: &#34;2060624975844347904&#34;&#xA;  humanurl: https://prow.ci.openshift.org/view/gs/prow-artifact-archive/logs/periodic-ci-openshift-release-main-nightly-5.0-e2e-aws-ovn-upgrade-fips/2060624975844347904&#xA;  gcsartifacturl: https://gcsweb-ci.apps.ci.l2s4.p1.openshiftapps.com/gcs/prow-artifact-archive/logs/periodic-ci-openshift-release-main-nightly-5.0-e2e-aws-ovn-upgrade-fips/2060624975844347904/artifacts&#xA;- jobrunid: &#34;2060624977522069504&#34;&#xA;  humanurl: https://prow.ci.openshift.org/view/gs/prow-artifact-archive/logs/periodic-ci-openshift-release-main-nightly-5.0-e2e-aws-ovn-upgrade-fips/2060624977522069504&#xA;  gcsartifacturl: https://gcsweb-ci.apps.ci.l2s4.p1.openshiftapps.com/gcs/prow-artifact-archive/logs/periodic-ci-openshift-release-main-nightly-5.0-e2e-aws-ovn-upgrade-fips/2060624977522069504/artifacts&#xA;- jobrunid: &#34;2060624979208179712&#34;&#xA;  humanurl: https://prow.ci.openshift.org/view/gs/prow-artifact-archive/logs/periodic-ci-openshift-release-main-nightly-5.0-e2e-aws-ovn-upgrade-fips/2060624979208179712&#xA;  gcsartifacturl: https://gcsweb-ci.apps.ci.l2s4.p1.openshiftapps.com/gcs/prow-artifact-archive/logs/periodic-ci-openshift-release-main-nightly-5.0-e2e-aws-ovn-upgrade-fips/2060624979208179712/artifacts&#xA;- jobrunid: &#34;2060624981716373504&#34;&#xA;  humanurl: https://prow.ci.openshift.org/view/gs/prow-artifact-archive/logs/periodic-ci-openshift-release-main-nightly-5.0-e2e-aws-ovn-upgrade-fips/2060624981716373504&#xA;  gcsartifacturl: https://gcsweb-ci.apps.ci.l2s4.p1.openshiftapps.com/gcs/prow-artifact-archive/logs/periodic-ci-openshift-release-main-nightly-5.0-e2e-aws-ovn-upgrade-fips/2060624981716373504/artifacts&#xA;- jobrunid: &#34;2060624984232955904&#34;&#xA;  humanurl: https://prow.ci.openshift.org/view/gs/prow-artifact-archive/logs/periodic-ci-openshift-release-main-nightly-5.0-e2e-aws-ovn-upgrade-fips/2060624984232955904&#xA;  gcsartifacturl: https://gcsweb-ci.apps.ci.l2s4.p1.openshiftapps.com/gcs/prow-artifact-archive/logs/periodic-ci-openshift-release-main-nightly-5.0-e2e-aws-ovn-upgrade-fips/2060624984232955904/artifacts&#xA;- jobrunid: &#34;2060624986745344000&#34;&#xA;  humanurl: https://prow.ci.openshift.org/view/gs/prow-artifact-archive/logs/periodic-ci-openshift-release-main-nightly-5.0-e2e-aws-ovn-upgrade-fips/2060624986745344000&#xA;  gcsartifacturl: https://gcsweb-ci.apps.ci.l2s4.p1.openshiftapps.com/gcs/prow-artifact-archive/logs/periodic-ci-openshift-release-main-nightly-5.0-e2e-aws-ovn-upgrade-fips/2060624986745344000/artifacts&#xA;- jobrunid: &#34;2060624989266120704&#34;&#xA;  humanurl: https://prow.ci.openshift.org/view/gs/prow-artifact-archive/logs/periodic-ci-openshift-release-main-nightly-5.0-e2e-aws-ovn-upgrade-fips/2060624989266120704&#xA;  gcsartifacturl: https://gcsweb-ci.apps.ci.l2s4.p1.openshiftapps.com/gcs/prow-artifact-archive/logs/periodic-ci-openshift-release-main-nightly-5.0-e2e-aws-ovn-upgrade-fips/2060624989266120704/artifacts&#xA;- jobrunid: &#34;2060624991782703104&#34;&#xA;  humanurl: https://prow.ci.openshift.org/view/gs/prow-artifact-archive/logs/periodic-ci-openshift-release-main-nightly-5.0-e2e-aws-ovn-upgrade-fips/2060624991782703104&#xA;  gcsartifacturl: https://gcsweb-ci.apps.ci.l2s4.p1.openshiftapps.com/gcs/prow-artifact-archive/logs/periodic-ci-openshift-release-main-nightly-5.0-e2e-aws-ovn-upgrade-fips/2060624991782703104/artifacts&#xA;failures: []&#xA;skips: []&#xA;</system-out></testcase><testcase name="Run multi-stage test test phase" time="0"><properties></properties><system-out>name: Run multi-stage test test phase&#xA;testsuitename: step graph&#xA;summary: |&#xA;  always passing &#34;Run multi-stage test test phase&#34;: step graph tests are added by ci and are not useful for aggregation&#xA;passes: []&#xA;failures:&#xA;- jobrunid: &#34;2060624970815377408&#34;&#xA;  humanurl: https://prow.ci.openshift.org/view/gs/prow-artifact-archive/logs/periodic-ci-openshift-release-main-nightly-5.0-e2e-aws-ovn-upgrade-fips/2060624970815377408&#xA;  gcsartifacturl: https://gcsweb-ci.apps.ci.l2s4.p1.openshiftapps.com/gcs/prow-artifact-archive/logs/periodic-ci-openshift-release-main-nightly-5.0-e2e-aws-ovn-upgrade-fips/2060624970815377408/artifacts&#xA;- jobrunid: &#34;2060624973327765504&#34;&#xA;  humanurl: https://prow.ci.openshift.org/view/gs/prow-artifact-archive/logs/periodic-ci-openshift-release-main-nightly-5.0-e2e-aws-ovn-upgrade-fips/2060624973327765504&#xA;  gcsartifacturl: https://gcsweb-ci.apps.ci.l2s4.p1.openshiftapps.com/gcs/prow-artifact-archive/logs/periodic-ci-openshift-release-main-nightly-5.0-e2e-aws-ovn-upgrade-fips/2060624973327765504/artifacts&#xA;- jobrunid: &#34;2060624975844347904&#34;&#xA;  humanurl: https://prow.ci.openshift.org/view/gs/prow-artifact-archive/logs/periodic-ci-openshift-release-main-nightly-5.0-e2e-aws-ovn-upgrade-fips/2060624975844347904&#xA;  gcsartifacturl: https://gcsweb-ci.apps.ci.l2s4.p1.openshiftapps.com/gcs/prow-artifact-archive/logs/periodic-ci-openshift-release-main-nightly-5.0-e2e-aws-ovn-upgrade-fips/2060624975844347904/artifacts&#xA;- jobrunid: &#34;2060624977522069504&#34;&#xA;  humanurl: https://prow.ci.openshift.org/view/gs/prow-artifact-archive/logs/periodic-ci-openshift-release-main-nightly-5.0-e2e-aws-ovn-upgrade-fips/2060624977522069504&#xA;  gcsartifacturl: https://gcsweb-ci.apps.ci.l2s4.p1.openshiftapps.com/gcs/prow-artifact-archive/logs/periodic-ci-openshift-release-main-nightly-5.0-e2e-aws-ovn-upgrade-fips/2060624977522069504/artifacts&#xA;- jobrunid: &#34;2060624979208179712&#34;&#xA;  humanurl: https://prow.ci.openshift.org/view/gs/prow-artifact-archive/logs/periodic-ci-openshift-release-main-nightly-5.0-e2e-aws-ovn-upgrade-fips/2060624979208179712&#xA;  gcsartifacturl: https://gcsweb-ci.apps.ci.l2s4.p1.openshiftapps.com/gcs/prow-artifact-archive/logs/periodic-ci-openshift-release-main-nightly-5.0-e2e-aws-ovn-upgrade-fips/2060624979208179712/artifacts&#xA;- jobrunid: &#34;2060624981716373504&#34;&#xA;  humanurl: https://prow.ci.openshift.org/view/gs/prow-artifact-archive/logs/periodic-ci-openshift-release-main-nightly-5.0-e2e-aws-ovn-upgrade-fips/2060624981716373504&#xA;  gcsartifacturl: https://gcsweb-ci.apps.ci.l2s4.p1.openshiftapps.com/gcs/prow-artifact-archive/logs/periodic-ci-openshift-release-main-nightly-5.0-e2e-aws-ovn-upgrade-fips/2060624981716373504/artifacts&#xA;- jobrunid: &#34;2060624984232955904&#34;&#xA;  humanurl: https://prow.ci.openshift.org/view/gs/prow-artifact-archive/logs/periodic-ci-openshift-release-main-nightly-5.0-e2e-aws-ovn-upgrade-fips/2060624984232955904&#xA;  gcsartifacturl: https://gcsweb-ci.apps.ci.l2s4.p1.openshiftapps.com/gcs/prow-artifact-archive/logs/periodic-ci-openshift-release-main-nightly-5.0-e2e-aws-ovn-upgrade-fips/2060624984232955904/artifacts&#xA;- jobrunid: &#34;2060624986745344000&#34;&#xA;  humanurl: https://prow.ci.openshift.org/view/gs/prow-artifact-archive/logs/periodic-ci-openshift-release-main-nightly-5.0-e2e-aws-ovn-upgrade-fips/2060624986745344000&#xA;  gcsartifacturl: https://gcsweb-ci.apps.ci.l2s4.p1.openshiftapps.com/gcs/prow-artifact-archive/logs/periodic-ci-openshift-release-main-nightly-5.0-e2e-aws-ovn-upgrade-fips/2060624986745344000/artifacts&#xA;- jobrunid: &#34;2060624989266120704&#34;&#xA;  humanurl: https://prow.ci.openshift.org/view/gs/prow-artifact-archive/logs/periodic-ci-openshift-release-main-nightly-5.0-e2e-aws-ovn-upgrade-fips/2060624989266120704&#xA;  gcsartifacturl: https://gcsweb-ci.apps.ci.l2s4.p1.openshiftapps.com/gcs/prow-artifact-archive/logs/periodic-ci-openshift-release-main-nightly-5.0-e2e-aws-ovn-upgrade-fips/2060624989266120704/artifacts&#xA;- jobrunid: &#34;2060624991782703104&#34;&#xA;  humanurl: https://prow.ci.openshift.org/view/gs/prow-artifact-archive/logs/periodic-ci-openshift-release-main-nightly-5.0-e2e-aws-ovn-upgrade-fips/2060624991782703104&#xA;  gcsartifacturl: https://gcsweb-ci.apps.ci.l2s4.p1.openshiftapps.com/gcs/prow-artifact-archive/logs/periodic-ci-openshift-release-main-nightly-5.0-e2e-aws-ovn-upgrade-fips/2060624991782703104/artifacts&#xA;skips: []&#xA;</system-out></testcase></testsuite><testsuite name="BackendDisruption" tests="0" skipped="0" failures="1" time="0"><properties></properties><testcase name="should collect disruption data" time="0"><properties></properties><failure message="not enough data to aggregate"></failure></testcase></testsuite></testsuites>