<testsuites>
  <testsuite name="step graph" tests="5" skipped="0" failures="2" time="635.280989538">
    <properties></properties>
    <testcase name="Find the input image ci-job-run-aggregator-latest and tag it into the pipeline" time="0.499438727">
      <properties></properties>
    </testcase>
    <testcase name="Run multi-stage test post phase" time="6.0721e-05">
      <properties></properties>
      <system-out>The collected steps of multi-stage phase post.</system-out>
    </testcase>
    <testcase name="Run multi-stage test pre phase" time="5.5351e-05">
      <properties></properties>
      <system-out>The collected steps of multi-stage phase pre.</system-out>
    </testcase>
    <testcase name="Run multi-stage test release-analysis-aggregator - release-analysis-aggregator-openshift-release-analysis-aggregator container test" time="626">
      <properties></properties>
      <failure message="">ontent content from GCS&#34;&#xA;time=&#34;2026-05-30T09:16:07.653Z&#34; level=debug msg=&#34;Fetching latest prowjob content from gcs: logs/periodic-ci-openshift-release-main-nightly-5.0-e2e-aws-ovn-upgrade-fips/2060624984232955904/prowjob.json&#34;&#xA;time=&#34;2026-05-30T09:16:07.696Z&#34; level=info msg=&#34;aggregating junit tests&#34; job=periodic-ci-openshift-release-main-nightly-5.0-e2e-aws-ovn-upgrade-fips payload=5.0.0-0.nightly-2026-05-30-072431&#xA;time=&#34;2026-05-30T09:16:13.555Z&#34; level=info msg=&#34;running aggregated disruption tests&#34; job=periodic-ci-openshift-release-main-nightly-5.0-e2e-aws-ovn-upgrade-fips payload=5.0.0-0.nightly-2026-05-30-072431&#xA;Could not fetch backend disruption data for 2060624981716373504&#xA;Could not fetch backend disruption data for 2060624986745344000&#xA;Could not fetch backend disruption data for 2060624975844347904&#xA;Could not fetch backend disruption data for 2060624989266120704&#xA;Could not fetch backend disruption data for 2060624977522069504&#xA;Could not fetch backend disruption data for 2060624979208179712&#xA;Could not fetch backend disruption data for 2060624973327765504&#xA;Could not fetch backend disruption data for 2060624991782703104&#xA;Could not fetch backend disruption data for 2060624970815377408&#xA;Could not fetch backend disruption data for 2060624984232955904&#xA;time=&#34;2026-05-30T09:16:13.567Z&#34; level=info msg=&#34;\&#34;periodic-ci-openshift-release-main-nightly-5.0-e2e-aws-ovn-upgrade-fips\&#34; for \&#34;5.0.0-0.nightly-2026-05-30-072431\&#34;:  Done aggregating&#34;&#xA;Test Failed! suite=[root    BackendDisruption], testCase=should collect disruption data&#xA;Message: not enough data to aggregate&#xA;&#xA;&#xA;time=&#34;2026-05-30T09:16:13.577Z&#34; level=fatal msg=&#34;Command failed&#34; error=&#34;Some tests failed aggregation.  See above for details.&#34;&#xA;{&#34;component&#34;:&#34;entrypoint&#34;,&#34;error&#34;:&#34;wrapped process failed: exit status 1&#34;,&#34;file&#34;:&#34;sigs.k8s.io/prow/pkg/entrypoint/run.go:84&#34;,&#34;func&#34;:&#34;sigs.k8s.io/prow/pkg/entrypoint.Options.internalRun&#34;,&#34;level&#34;:&#34;error&#34;,&#34;msg&#34;:&#34;Error executing test process&#34;,&#34;severity&#34;:&#34;error&#34;,&#34;time&#34;:&#34;2026-05-30T09:16:13Z&#34;}&#xA;error: failed to execute wrapped command: exit status 1&#xA;</failure>
    </testcase>
    <testcase name="Run multi-stage test test phase" time="634.337346188">
      <properties></properties>
      <failure message="">&#34;release-analysis-aggregator&#34; pod &#34;release-analysis-aggregator-openshift-release-analysis-aggregator&#34; failed: could not watch pod: the pod ci-op-kbizbvby/release-analysis-aggregator-openshift-release-analysis-aggregator failed after 10m32s (failed containers: test): ContainerFailed one or more containers exited&#xA;&#xA;Container test exited with code 1, reason Error&#xA;---&#xA;ontent content from GCS&#34;&#xA;time=&#34;2026-05-30T09:16:07.653Z&#34; level=debug msg=&#34;Fetching latest prowjob content from gcs: logs/periodic-ci-openshift-release-main-nightly-5.0-e2e-aws-ovn-upgrade-fips/2060624984232955904/prowjob.json&#34;&#xA;time=&#34;2026-05-30T09:16:07.696Z&#34; level=info msg=&#34;aggregating junit tests&#34; job=periodic-ci-openshift-release-main-nightly-5.0-e2e-aws-ovn-upgrade-fips payload=5.0.0-0.nightly-2026-05-30-072431&#xA;time=&#34;2026-05-30T09:16:13.555Z&#34; level=info msg=&#34;running aggregated disruption tests&#34; job=periodic-ci-openshift-release-main-nightly-5.0-e2e-aws-ovn-upgrade-fips payload=5.0.0-0.nightly-2026-05-30-072431&#xA;Could not fetch backend disruption data for 2060624981716373504&#xA;Could not fetch backend disruption data for 2060624986745344000&#xA;Could not fetch backend disruption data for 2060624975844347904&#xA;Could not fetch backend disruption data for 2060624989266120704&#xA;Could not fetch backend disruption data for 2060624977522069504&#xA;Could not fetch backend disruption data for 2060624979208179712&#xA;Could not fetch backend disruption data for 2060624973327765504&#xA;Could not fetch backend disruption data for 2060624991782703104&#xA;Could not fetch backend disruption data for 2060624970815377408&#xA;Could not fetch backend disruption data for 2060624984232955904&#xA;time=&#34;2026-05-30T09:16:13.567Z&#34; level=info msg=&#34;\&#34;periodic-ci-openshift-release-main-nightly-5.0-e2e-aws-ovn-upgrade-fips\&#34; for \&#34;5.0.0-0.nightly-2026-05-30-072431\&#34;:  Done aggregating&#34;&#xA;Test Failed! suite=[root    BackendDisruption], testCase=should collect disruption data&#xA;Message: not enough data to aggregate&#xA;&#xA;&#xA;time=&#34;2026-05-30T09:16:13.577Z&#34; level=fatal msg=&#34;Command failed&#34; error=&#34;Some tests failed aggregation.  See above for details.&#34;&#xA;{&#34;component&#34;:&#34;entrypoint&#34;,&#34;error&#34;:&#34;wrapped process failed: exit status 1&#34;,&#34;file&#34;:&#34;sigs.k8s.io/prow/pkg/entrypoint/run.go:84&#34;,&#34;func&#34;:&#34;sigs.k8s.io/prow/pkg/entrypoint.Options.internalRun&#34;,&#34;level&#34;:&#34;error&#34;,&#34;msg&#34;:&#34;Error executing test process&#34;,&#34;severity&#34;:&#34;error&#34;,&#34;time&#34;:&#34;2026-05-30T09:16:13Z&#34;}&#xA;error: failed to execute wrapped command: exit status 1&#xA;---&#xA;Link to step on registry info site: https://steps.ci.openshift.org/reference/openshift-release-analysis-aggregator&#xA;Link to job on registry info site: https://steps.ci.openshift.org/job?org=&amp;repo=&amp;branch=&amp;test=release-analysis-aggregator</failure>
      <system-out>The collected steps of multi-stage phase test.</system-out>
    </testcase>
  </testsuite>
</testsuites>