<testsuites>
  <testsuite name="step graph" tests="21" skipped="0" failures="2" time="7558.938842554">
    <properties></properties>
    <testcase name="" time="3.5271e-05"></testcase>
    <testcase name="All images are built and tagged into stable" time="2.22e-06"></testcase>
    <testcase name="Find the input image dev-scripts and tag it into the pipeline" time="0.39134736"></testcase>
    <testcase name="Import the release payload &#34;latest&#34; from an external source" time="112.519238807"></testcase>
    <testcase name="Run multi-stage test e2e-metal-ipi-ovn-techpreview - e2e-metal-ipi-ovn-techpreview-baremetalds-devscripts-gather container test" time="33"></testcase>
    <testcase name="Run multi-stage test e2e-metal-ipi-ovn-techpreview - e2e-metal-ipi-ovn-techpreview-baremetalds-devscripts-ibm container test" time="2"></testcase>
    <testcase name="Run multi-stage test e2e-metal-ipi-ovn-techpreview - e2e-metal-ipi-ovn-techpreview-baremetalds-devscripts-proxy container test" time="24"></testcase>
    <testcase name="Run multi-stage test e2e-metal-ipi-ovn-techpreview - e2e-metal-ipi-ovn-techpreview-baremetalds-devscripts-setup container test" time="5223"></testcase>
    <testcase name="Run multi-stage test e2e-metal-ipi-ovn-techpreview - e2e-metal-ipi-ovn-techpreview-baremetalds-e2e-test container test" time="23">
      <failure message="">er-version-operator-tests\&#34; in 18.84508ms&#34;&#xA;time=&#34;2026-03-27T00:47:18Z&#34; level=info msg=&#34;Listing images for \&#34;cluster-etcd-operator-tests-ext\&#34;&#34;&#xA;time=&#34;2026-03-27T00:47:18Z&#34; level=info msg=&#34;Listed 0 test images for \&#34;cluster-kube-apiserver-operator-tests-ext\&#34; in 58.061171ms&#34;&#xA;time=&#34;2026-03-27T00:47:18Z&#34; level=info msg=&#34;Listing images for \&#34;cluster-authentication-operator-tests-ext\&#34;&#34;&#xA;time=&#34;2026-03-27T00:47:18Z&#34; level=info msg=&#34;Listed 0 test images for \&#34;cluster-node-tuning-operator-test-ext\&#34; in 6.618849ms&#34;&#xA;time=&#34;2026-03-27T00:47:18Z&#34; level=info msg=&#34;Listing images for \&#34;cloud-credential-tests-ext\&#34;&#34;&#xA;time=&#34;2026-03-27T00:47:18Z&#34; level=info msg=&#34;Listed 0 test images for \&#34;oc-tests-ext\&#34; in 20.184566ms&#34;&#xA;time=&#34;2026-03-27T00:47:18Z&#34; level=info msg=&#34;Listed 0 test images for \&#34;olmv1-tests-ext\&#34; in 60.796765ms&#34;&#xA;time=&#34;2026-03-27T00:47:18Z&#34; level=info msg=&#34;Listed 0 test images for \&#34;service-ca-operator-tests-ext\&#34; in 52.499441ms&#34;&#xA;time=&#34;2026-03-27T00:47:18Z&#34; level=info msg=&#34;Listed 0 test images for \&#34;cloud-credential-tests-ext\&#34; in 13.66132ms&#34;&#xA;time=&#34;2026-03-27T00:47:18Z&#34; level=info msg=&#34;Listed 0 test images for \&#34;olmv0-tests-ext\&#34; in 55.335348ms&#34;&#xA;time=&#34;2026-03-27T00:47:18Z&#34; level=info msg=&#34;Listed 0 test images for \&#34;cluster-etcd-operator-tests-ext\&#34; in 30.934987ms&#34;&#xA;time=&#34;2026-03-27T00:47:18Z&#34; level=info msg=&#34;Listed 0 test images for \&#34;machine-config-tests-ext\&#34; in 120.502731ms&#34;&#xA;time=&#34;2026-03-27T00:47:18Z&#34; level=info msg=&#34;Listed 0 test images for \&#34;machine-api-tests-ext\&#34; in 318.309536ms&#34;&#xA;time=&#34;2026-03-27T00:47:18Z&#34; level=info msg=&#34;Listed 49 test images for \&#34;k8s-tests-ext\&#34; in 366.85844ms&#34;&#xA;error: encountered errors while listing tests: invalid character &#39;W&#39; looking for beginning of value&#xA;{&#34;component&#34;:&#34;entrypoint&#34;,&#34;error&#34;:&#34;wrapped process failed: exit status 1&#34;,&#34;file&#34;:&#34;sigs.k8s.io/prow/pkg/entrypoint/run.go:84&#34;,&#34;func&#34;:&#34;sigs.k8s.io/prow/pkg/entrypoint.Options.internalRun&#34;,&#34;level&#34;:&#34;error&#34;,&#34;msg&#34;:&#34;Error executing test process&#34;,&#34;severity&#34;:&#34;error&#34;,&#34;time&#34;:&#34;2026-03-27T00:47:18Z&#34;}&#xA;error: failed to execute wrapped command: exit status 1&#xA;</failure>
    </testcase>
    <testcase name="Run multi-stage test e2e-metal-ipi-ovn-techpreview - e2e-metal-ipi-ovn-techpreview-gather-audit-logs container test" time="13"></testcase>
    <testcase name="Run multi-stage test e2e-metal-ipi-ovn-techpreview - e2e-metal-ipi-ovn-techpreview-gather-extra container test" time="547"></testcase>
    <testcase name="Run multi-stage test e2e-metal-ipi-ovn-techpreview - e2e-metal-ipi-ovn-techpreview-gather-must-gather container test" time="120"></testcase>
    <testcase name="Run multi-stage test e2e-metal-ipi-ovn-techpreview - e2e-metal-ipi-ovn-techpreview-ipi-install-hosted-loki container test" time="0"></testcase>
    <testcase name="Run multi-stage test e2e-metal-ipi-ovn-techpreview - e2e-metal-ipi-ovn-techpreview-ipi-install-rbac container test" time="1"></testcase>
    <testcase name="Run multi-stage test e2e-metal-ipi-ovn-techpreview - e2e-metal-ipi-ovn-techpreview-observers-resource-watch container test" time="7436"></testcase>
    <testcase name="Run multi-stage test e2e-metal-ipi-ovn-techpreview - e2e-metal-ipi-ovn-techpreview-ofcir-acquire container test" time="39"></testcase>
    <testcase name="Run multi-stage test e2e-metal-ipi-ovn-techpreview - e2e-metal-ipi-ovn-techpreview-ofcir-release container test" time="3"></testcase>
    <testcase name="Run multi-stage test e2e-metal-ipi-ovn-techpreview - e2e-metal-ipi-ovn-techpreview-rhcos-conf-osstream container test" time="1"></testcase>
    <testcase name="Run multi-stage test post phase" time="934.385440483">
      <system-out>The collected steps of multi-stage phase post.</system-out>
    </testcase>
    <testcase name="Run multi-stage test pre phase" time="5344.683976995">
      <system-out>The collected steps of multi-stage phase pre.</system-out>
    </testcase>
    <testcase name="Run multi-stage test test phase" time="30.618293242">
      <failure message="">&#34;e2e-metal-ipi-ovn-techpreview&#34; pod &#34;e2e-metal-ipi-ovn-techpreview-baremetalds-e2e-test&#34; failed: could not watch pod: the pod ci-op-pj88jbmi/e2e-metal-ipi-ovn-techpreview-baremetalds-e2e-test failed after 28s (failed containers: test): ContainerFailed one or more containers exited&#xA;&#xA;Container test exited with code 1, reason Error&#xA;---&#xA;er-version-operator-tests\&#34; in 18.84508ms&#34;&#xA;time=&#34;2026-03-27T00:47:18Z&#34; level=info msg=&#34;Listing images for \&#34;cluster-etcd-operator-tests-ext\&#34;&#34;&#xA;time=&#34;2026-03-27T00:47:18Z&#34; level=info msg=&#34;Listed 0 test images for \&#34;cluster-kube-apiserver-operator-tests-ext\&#34; in 58.061171ms&#34;&#xA;time=&#34;2026-03-27T00:47:18Z&#34; level=info msg=&#34;Listing images for \&#34;cluster-authentication-operator-tests-ext\&#34;&#34;&#xA;time=&#34;2026-03-27T00:47:18Z&#34; level=info msg=&#34;Listed 0 test images for \&#34;cluster-node-tuning-operator-test-ext\&#34; in 6.618849ms&#34;&#xA;time=&#34;2026-03-27T00:47:18Z&#34; level=info msg=&#34;Listing images for \&#34;cloud-credential-tests-ext\&#34;&#34;&#xA;time=&#34;2026-03-27T00:47:18Z&#34; level=info msg=&#34;Listed 0 test images for \&#34;oc-tests-ext\&#34; in 20.184566ms&#34;&#xA;time=&#34;2026-03-27T00:47:18Z&#34; level=info msg=&#34;Listed 0 test images for \&#34;olmv1-tests-ext\&#34; in 60.796765ms&#34;&#xA;time=&#34;2026-03-27T00:47:18Z&#34; level=info msg=&#34;Listed 0 test images for \&#34;service-ca-operator-tests-ext\&#34; in 52.499441ms&#34;&#xA;time=&#34;2026-03-27T00:47:18Z&#34; level=info msg=&#34;Listed 0 test images for \&#34;cloud-credential-tests-ext\&#34; in 13.66132ms&#34;&#xA;time=&#34;2026-03-27T00:47:18Z&#34; level=info msg=&#34;Listed 0 test images for \&#34;olmv0-tests-ext\&#34; in 55.335348ms&#34;&#xA;time=&#34;2026-03-27T00:47:18Z&#34; level=info msg=&#34;Listed 0 test images for \&#34;cluster-etcd-operator-tests-ext\&#34; in 30.934987ms&#34;&#xA;time=&#34;2026-03-27T00:47:18Z&#34; level=info msg=&#34;Listed 0 test images for \&#34;machine-config-tests-ext\&#34; in 120.502731ms&#34;&#xA;time=&#34;2026-03-27T00:47:18Z&#34; level=info msg=&#34;Listed 0 test images for \&#34;machine-api-tests-ext\&#34; in 318.309536ms&#34;&#xA;time=&#34;2026-03-27T00:47:18Z&#34; level=info msg=&#34;Listed 49 test images for \&#34;k8s-tests-ext\&#34; in 366.85844ms&#34;&#xA;error: encountered errors while listing tests: invalid character &#39;W&#39; looking for beginning of value&#xA;{&#34;component&#34;:&#34;entrypoint&#34;,&#34;error&#34;:&#34;wrapped process failed: exit status 1&#34;,&#34;file&#34;:&#34;sigs.k8s.io/prow/pkg/entrypoint/run.go:84&#34;,&#34;func&#34;:&#34;sigs.k8s.io/prow/pkg/entrypoint.Options.internalRun&#34;,&#34;level&#34;:&#34;error&#34;,&#34;msg&#34;:&#34;Error executing test process&#34;,&#34;severity&#34;:&#34;error&#34;,&#34;time&#34;:&#34;2026-03-27T00:47:18Z&#34;}&#xA;error: failed to execute wrapped command: exit status 1&#xA;---&#xA;Link to step on registry info site: https://steps.ci.openshift.org/reference/baremetalds-e2e-test&#xA;Link to job on registry info site: https://steps.ci.openshift.org/job?org=openshift&amp;repo=release&amp;branch=main&amp;test=e2e-metal-ipi-ovn-techpreview&amp;variant=nightly-4.22</failure>
      <system-out>The collected steps of multi-stage phase test.</system-out>
    </testcase>
  </testsuite>
</testsuites>