<testsuites>
  <testsuite name="step graph" tests="21" skipped="0" failures="2" time="6103.699016838">
    <properties></properties>
    <testcase name="" time="3.281e-05"></testcase>
    <testcase name="All images are built and tagged into stable" time="1.78e-06"></testcase>
    <testcase name="Find the input image dev-scripts and tag it into the pipeline" time="0.400525723"></testcase>
    <testcase name="Import the release payload &#34;latest&#34; from an external source" time="111.448946971"></testcase>
    <testcase name="Run multi-stage test e2e-metal-ipi-ovn-serial-ipv4 - e2e-metal-ipi-ovn-serial-ipv4-baremetalds-devscripts-gather container test" time="39"></testcase>
    <testcase name="Run multi-stage test e2e-metal-ipi-ovn-serial-ipv4 - e2e-metal-ipi-ovn-serial-ipv4-baremetalds-devscripts-ibm container test" time="1"></testcase>
    <testcase name="Run multi-stage test e2e-metal-ipi-ovn-serial-ipv4 - e2e-metal-ipi-ovn-serial-ipv4-baremetalds-devscripts-proxy container test" time="20"></testcase>
    <testcase name="Run multi-stage test e2e-metal-ipi-ovn-serial-ipv4 - e2e-metal-ipi-ovn-serial-ipv4-baremetalds-devscripts-setup container test" time="4877"></testcase>
    <testcase name="Run multi-stage test e2e-metal-ipi-ovn-serial-ipv4 - e2e-metal-ipi-ovn-serial-ipv4-baremetalds-e2e-test container test" time="26">
      <failure message="">tests-ext\&#34; in 21.277643ms&#34;&#xA;time=&#34;2026-03-27T00:41:22Z&#34; level=info msg=&#34;Listing images for \&#34;cluster-node-tuning-operator-test-ext\&#34;&#34;&#xA;time=&#34;2026-03-27T00:41:22Z&#34; level=info msg=&#34;Listed 0 test images for \&#34;cluster-node-tuning-operator-test-ext\&#34; in 32.864736ms&#34;&#xA;time=&#34;2026-03-27T00:41:22Z&#34; level=info msg=&#34;Listing images for \&#34;cluster-etcd-operator-tests-ext\&#34;&#34;&#xA;time=&#34;2026-03-27T00:41:22Z&#34; level=info msg=&#34;Listed 0 test images for \&#34;cluster-kube-scheduler-operator-tests-ext\&#34; in 66.960577ms&#34;&#xA;time=&#34;2026-03-27T00:41:22Z&#34; level=info msg=&#34;Listing images for \&#34;cloud-credential-tests-ext\&#34;&#34;&#xA;time=&#34;2026-03-27T00:41:22Z&#34; level=info msg=&#34;Listed 0 test images for \&#34;cluster-version-operator-tests\&#34; in 49.259948ms&#34;&#xA;time=&#34;2026-03-27T00:41:22Z&#34; level=info msg=&#34;Listed 0 test images for \&#34;oc-tests-ext\&#34; in 49.833194ms&#34;&#xA;time=&#34;2026-03-27T00:41:22Z&#34; level=info msg=&#34;Listed 0 test images for \&#34;service-ca-operator-tests-ext\&#34; in 97.914898ms&#34;&#xA;time=&#34;2026-03-27T00:41:22Z&#34; level=info msg=&#34;Listed 0 test images for \&#34;cloud-credential-tests-ext\&#34; in 18.494733ms&#34;&#xA;time=&#34;2026-03-27T00:41:22Z&#34; level=info msg=&#34;Listed 0 test images for \&#34;olmv0-tests-ext\&#34; in 120.553949ms&#34;&#xA;time=&#34;2026-03-27T00:41:22Z&#34; level=info msg=&#34;Listed 0 test images for \&#34;cluster-etcd-operator-tests-ext\&#34; in 41.882505ms&#34;&#xA;time=&#34;2026-03-27T00:41:23Z&#34; level=info msg=&#34;Listed 0 test images for \&#34;machine-config-tests-ext\&#34; in 212.635549ms&#34;&#xA;time=&#34;2026-03-27T00:41:23Z&#34; level=info msg=&#34;Listed 0 test images for \&#34;machine-api-tests-ext\&#34; in 555.799184ms&#34;&#xA;time=&#34;2026-03-27T00:41:23Z&#34; level=info msg=&#34;Listed 49 test images for \&#34;k8s-tests-ext\&#34; in 612.919898ms&#34;&#xA;error: encountered errors while listing tests: invalid character &#39;W&#39; looking for beginning of value&#xA;{&#34;component&#34;:&#34;entrypoint&#34;,&#34;error&#34;:&#34;wrapped process failed: exit status 1&#34;,&#34;file&#34;:&#34;sigs.k8s.io/prow/pkg/entrypoint/run.go:84&#34;,&#34;func&#34;:&#34;sigs.k8s.io/prow/pkg/entrypoint.Options.internalRun&#34;,&#34;level&#34;:&#34;error&#34;,&#34;msg&#34;:&#34;Error executing test process&#34;,&#34;severity&#34;:&#34;error&#34;,&#34;time&#34;:&#34;2026-03-27T00:41:23Z&#34;}&#xA;error: failed to execute wrapped command: exit status 1&#xA;</failure>
    </testcase>
    <testcase name="Run multi-stage test e2e-metal-ipi-ovn-serial-ipv4 - e2e-metal-ipi-ovn-serial-ipv4-gather-audit-logs container test" time="14"></testcase>
    <testcase name="Run multi-stage test e2e-metal-ipi-ovn-serial-ipv4 - e2e-metal-ipi-ovn-serial-ipv4-gather-extra container test" time="504"></testcase>
    <testcase name="Run multi-stage test e2e-metal-ipi-ovn-serial-ipv4 - e2e-metal-ipi-ovn-serial-ipv4-gather-must-gather container test" time="103"></testcase>
    <testcase name="Run multi-stage test e2e-metal-ipi-ovn-serial-ipv4 - e2e-metal-ipi-ovn-serial-ipv4-ipi-install-hosted-loki container test" time="0"></testcase>
    <testcase name="Run multi-stage test e2e-metal-ipi-ovn-serial-ipv4 - e2e-metal-ipi-ovn-serial-ipv4-ipi-install-rbac container test" time="1"></testcase>
    <testcase name="Run multi-stage test e2e-metal-ipi-ovn-serial-ipv4 - e2e-metal-ipi-ovn-serial-ipv4-observers-resource-watch container test" time="5224"></testcase>
    <testcase name="Run multi-stage test e2e-metal-ipi-ovn-serial-ipv4 - e2e-metal-ipi-ovn-serial-ipv4-ofcir-acquire container test" time="37"></testcase>
    <testcase name="Run multi-stage test e2e-metal-ipi-ovn-serial-ipv4 - e2e-metal-ipi-ovn-serial-ipv4-ofcir-release container test" time="0"></testcase>
    <testcase name="Run multi-stage test e2e-metal-ipi-ovn-serial-ipv4 - e2e-metal-ipi-ovn-serial-ipv4-rhcos-conf-osstream container test" time="0"></testcase>
    <testcase name="Run multi-stage test post phase" time="963.511042073">
      <system-out>The collected steps of multi-stage phase post.</system-out>
    </testcase>
    <testcase name="Run multi-stage test pre phase" time="4987.818019165">
      <system-out>The collected steps of multi-stage phase pre.</system-out>
    </testcase>
    <testcase name="Run multi-stage test test phase" time="40.461803768">
      <failure message="">&#34;e2e-metal-ipi-ovn-serial-ipv4&#34; pod &#34;e2e-metal-ipi-ovn-serial-ipv4-baremetalds-e2e-test&#34; failed: could not watch pod: the pod ci-op-zm4zyxkz/e2e-metal-ipi-ovn-serial-ipv4-baremetalds-e2e-test failed after 33s (failed containers: test): ContainerFailed one or more containers exited&#xA;&#xA;Container test exited with code 1, reason Error&#xA;---&#xA;tests-ext\&#34; in 21.277643ms&#34;&#xA;time=&#34;2026-03-27T00:41:22Z&#34; level=info msg=&#34;Listing images for \&#34;cluster-node-tuning-operator-test-ext\&#34;&#34;&#xA;time=&#34;2026-03-27T00:41:22Z&#34; level=info msg=&#34;Listed 0 test images for \&#34;cluster-node-tuning-operator-test-ext\&#34; in 32.864736ms&#34;&#xA;time=&#34;2026-03-27T00:41:22Z&#34; level=info msg=&#34;Listing images for \&#34;cluster-etcd-operator-tests-ext\&#34;&#34;&#xA;time=&#34;2026-03-27T00:41:22Z&#34; level=info msg=&#34;Listed 0 test images for \&#34;cluster-kube-scheduler-operator-tests-ext\&#34; in 66.960577ms&#34;&#xA;time=&#34;2026-03-27T00:41:22Z&#34; level=info msg=&#34;Listing images for \&#34;cloud-credential-tests-ext\&#34;&#34;&#xA;time=&#34;2026-03-27T00:41:22Z&#34; level=info msg=&#34;Listed 0 test images for \&#34;cluster-version-operator-tests\&#34; in 49.259948ms&#34;&#xA;time=&#34;2026-03-27T00:41:22Z&#34; level=info msg=&#34;Listed 0 test images for \&#34;oc-tests-ext\&#34; in 49.833194ms&#34;&#xA;time=&#34;2026-03-27T00:41:22Z&#34; level=info msg=&#34;Listed 0 test images for \&#34;service-ca-operator-tests-ext\&#34; in 97.914898ms&#34;&#xA;time=&#34;2026-03-27T00:41:22Z&#34; level=info msg=&#34;Listed 0 test images for \&#34;cloud-credential-tests-ext\&#34; in 18.494733ms&#34;&#xA;time=&#34;2026-03-27T00:41:22Z&#34; level=info msg=&#34;Listed 0 test images for \&#34;olmv0-tests-ext\&#34; in 120.553949ms&#34;&#xA;time=&#34;2026-03-27T00:41:22Z&#34; level=info msg=&#34;Listed 0 test images for \&#34;cluster-etcd-operator-tests-ext\&#34; in 41.882505ms&#34;&#xA;time=&#34;2026-03-27T00:41:23Z&#34; level=info msg=&#34;Listed 0 test images for \&#34;machine-config-tests-ext\&#34; in 212.635549ms&#34;&#xA;time=&#34;2026-03-27T00:41:23Z&#34; level=info msg=&#34;Listed 0 test images for \&#34;machine-api-tests-ext\&#34; in 555.799184ms&#34;&#xA;time=&#34;2026-03-27T00:41:23Z&#34; level=info msg=&#34;Listed 49 test images for \&#34;k8s-tests-ext\&#34; in 612.919898ms&#34;&#xA;error: encountered errors while listing tests: invalid character &#39;W&#39; looking for beginning of value&#xA;{&#34;component&#34;:&#34;entrypoint&#34;,&#34;error&#34;:&#34;wrapped process failed: exit status 1&#34;,&#34;file&#34;:&#34;sigs.k8s.io/prow/pkg/entrypoint/run.go:84&#34;,&#34;func&#34;:&#34;sigs.k8s.io/prow/pkg/entrypoint.Options.internalRun&#34;,&#34;level&#34;:&#34;error&#34;,&#34;msg&#34;:&#34;Error executing test process&#34;,&#34;severity&#34;:&#34;error&#34;,&#34;time&#34;:&#34;2026-03-27T00:41:23Z&#34;}&#xA;error: failed to execute wrapped command: exit status 1&#xA;---&#xA;Link to step on registry info site: https://steps.ci.openshift.org/reference/baremetalds-e2e-test&#xA;Link to job on registry info site: https://steps.ci.openshift.org/job?org=openshift&amp;repo=release&amp;branch=main&amp;test=e2e-metal-ipi-ovn-serial-ipv4&amp;variant=nightly-4.22</failure>
      <system-out>The collected steps of multi-stage phase test.</system-out>
    </testcase>
  </testsuite>
</testsuites>