<testsuites>
  <testsuite name="step graph" tests="33" skipped="0" failures="2" time="3929.527366246">
    <properties></properties>
    <testcase name="" time="5.6963e-05">
      <properties></properties>
    </testcase>
    <testcase name="All images are built and tagged into stable" time="1.59e-06">
      <properties></properties>
    </testcase>
    <testcase name="Find the input image ocp-4.16-upi-installer and tag it into the pipeline" time="1.24335395">
      <properties></properties>
    </testcase>
    <testcase name="Find the input image ocp-4.18-upi-installer and tag it into the pipeline" time="1.242984779">
      <properties></properties>
    </testcase>
    <testcase name="Find the input image ocp-4.22-upi-installer and tag it into the pipeline" time="1.248194575">
      <properties></properties>
    </testcase>
    <testcase name="Find the input image origin-centos-8 and tag it into the pipeline" time="1.24539531">
      <properties></properties>
    </testcase>
    <testcase name="Import the release payload &#34;latest&#34; from an external source" time="111.944044013">
      <properties></properties>
    </testcase>
    <testcase name="Run multi-stage test e2e-aws-ovn-techpreview - e2e-aws-ovn-techpreview-gather-audit-logs container test" time="11">
      <properties></properties>
    </testcase>
    <testcase name="Run multi-stage test e2e-aws-ovn-techpreview - e2e-aws-ovn-techpreview-gather-core-dump container test" time="11">
      <properties></properties>
    </testcase>
    <testcase name="Run multi-stage test e2e-aws-ovn-techpreview - e2e-aws-ovn-techpreview-gather-extra container test" time="134">
      <properties></properties>
    </testcase>
    <testcase name="Run multi-stage test e2e-aws-ovn-techpreview - e2e-aws-ovn-techpreview-gather-must-gather container test" time="131">
      <properties></properties>
    </testcase>
    <testcase name="Run multi-stage test e2e-aws-ovn-techpreview - e2e-aws-ovn-techpreview-gather-network container test" time="106">
      <properties></properties>
    </testcase>
    <testcase name="Run multi-stage test e2e-aws-ovn-techpreview - e2e-aws-ovn-techpreview-ipi-conf container test" time="0">
      <properties></properties>
    </testcase>
    <testcase name="Run multi-stage test e2e-aws-ovn-techpreview - e2e-aws-ovn-techpreview-ipi-conf-aws container test" time="5">
      <properties></properties>
    </testcase>
    <testcase name="Run multi-stage test e2e-aws-ovn-techpreview - e2e-aws-ovn-techpreview-ipi-conf-aws-byo-ipv4-pool-public container test" time="0">
      <properties></properties>
    </testcase>
    <testcase name="Run multi-stage test e2e-aws-ovn-techpreview - e2e-aws-ovn-techpreview-ipi-conf-telemetry container test" time="0">
      <properties></properties>
    </testcase>
    <testcase name="Run multi-stage test e2e-aws-ovn-techpreview - e2e-aws-ovn-techpreview-ipi-deprovision-deprovision container test" time="288">
      <properties></properties>
    </testcase>
    <testcase name="Run multi-stage test e2e-aws-ovn-techpreview - e2e-aws-ovn-techpreview-ipi-install-hosted-loki container test" time="0">
      <properties></properties>
    </testcase>
    <testcase name="Run multi-stage test e2e-aws-ovn-techpreview - e2e-aws-ovn-techpreview-ipi-install-install container test" time="2573">
      <properties></properties>
    </testcase>
    <testcase name="Run multi-stage test e2e-aws-ovn-techpreview - e2e-aws-ovn-techpreview-ipi-install-monitoringpvc container test" time="0">
      <properties></properties>
    </testcase>
    <testcase name="Run multi-stage test e2e-aws-ovn-techpreview - e2e-aws-ovn-techpreview-ipi-install-rbac container test" time="1">
      <properties></properties>
    </testcase>
    <testcase name="Run multi-stage test e2e-aws-ovn-techpreview - e2e-aws-ovn-techpreview-ipi-install-times-collection container test" time="1">
      <properties></properties>
    </testcase>
    <testcase name="Run multi-stage test e2e-aws-ovn-techpreview - e2e-aws-ovn-techpreview-multiarch-validate-nodes container test" time="0">
      <properties></properties>
    </testcase>
    <testcase name="Run multi-stage test e2e-aws-ovn-techpreview - e2e-aws-ovn-techpreview-nodes-readiness container test" time="1">
      <properties></properties>
    </testcase>
    <testcase name="Run multi-stage test e2e-aws-ovn-techpreview - e2e-aws-ovn-techpreview-observers-resource-watch container test" time="0">
      <properties></properties>
    </testcase>
    <testcase name="Run multi-stage test e2e-aws-ovn-techpreview - e2e-aws-ovn-techpreview-openshift-cluster-bot-rbac container test" time="1">
      <properties></properties>
    </testcase>
    <testcase name="Run multi-stage test e2e-aws-ovn-techpreview - e2e-aws-ovn-techpreview-openshift-e2e-test container test" time="165">
      <properties></properties>
      <failure message="">s-ext.gz for tag vsphere-csi-driver-operator from quay.io/openshift-release-dev/ocp-v5.0-art-dev@sha256:14990042757181bd07779ad13384bd8385400ed989d9cb55683fd3956903f2a7 (disk size 72756648, extraction duration 4.070789702s)&#34;&#xA;time=&#34;2026-05-30T09:31:32Z&#34; level=info msg=&#34;Extracted /usr/bin/olmv0-tests-ext.gz for tag operator-lifecycle-manager from quay.io/openshift-release-dev/ocp-v5.0-art-dev@sha256:7f415763ee0a7c205f5e6f11b4fa5aff0aaa0eda109288aaf8d123f6dba59d3b (disk size 111655144, extraction duration 6.497140747s)&#34;&#xA;time=&#34;2026-05-30T09:31:36Z&#34; level=info msg=&#34;Completed image extract for release image \&#34;quay.io/openshift-release-dev/ocp-v5.0-art-dev@sha256:09d373faffb0ee2aa15966763038eb61fda05e18d27742585e6758a6e3bb1482\&#34; in 8.867006767s&#34;&#xA;time=&#34;2026-05-30T09:31:36Z&#34; level=info msg=&#34;Completed image extract for release image \&#34;quay.io/openshift-release-dev/ocp-v5.0-art-dev@sha256:34dd6998c4b78a0c77b8fae2d8ada10d894fe5fb5f523cb82dba6d120f2b44d9\&#34; in 10.51755742s&#34;&#xA;time=&#34;2026-05-30T09:31:37Z&#34; level=info msg=&#34;Extracted /usr/bin/ovn-kubernetes-tests-ext.gz for tag ovn-kubernetes from quay.io/openshift-release-dev/ocp-v5.0-art-dev@sha256:34dd6998c4b78a0c77b8fae2d8ada10d894fe5fb5f523cb82dba6d120f2b44d9 (disk size 135118816, extraction duration 10.517615242s)&#34;&#xA;error: couldn&#39;t retrieve test suites: failed to extract test binaries: encountered errors while extracting binaries: extracted binary at path &#34;/tmp/home/.cache/openshift-tests/registry_ci_openshift_org_ocp_release-5_5_0_0-0_nightly-2026-05-30-072431_aa42ca917355/oc-mirror-tests-ext.gz&#34; does not exist in image &#34;quay.io/openshift-release-dev/ocp-v5.0-art-dev@sha256:09d373faffb0ee2aa15966763038eb61fda05e18d27742585e6758a6e3bb1482&#34;&#xA;{&#34;component&#34;:&#34;entrypoint&#34;,&#34;error&#34;:&#34;wrapped process failed: exit status 1&#34;,&#34;file&#34;:&#34;sigs.k8s.io/prow/pkg/entrypoint/run.go:84&#34;,&#34;func&#34;:&#34;sigs.k8s.io/prow/pkg/entrypoint.Options.internalRun&#34;,&#34;level&#34;:&#34;error&#34;,&#34;msg&#34;:&#34;Error executing test process&#34;,&#34;severity&#34;:&#34;error&#34;,&#34;time&#34;:&#34;2026-05-30T09:31:37Z&#34;}&#xA;error: failed to execute wrapped command: exit status 1&#xA;</failure>
    </testcase>
    <testcase name="Run multi-stage test e2e-aws-ovn-techpreview - e2e-aws-ovn-techpreview-openshift-tests-extension-admission-crd-install container test" time="1">
      <properties></properties>
    </testcase>
    <testcase name="Run multi-stage test e2e-aws-ovn-techpreview - e2e-aws-ovn-techpreview-ovn-conf container test" time="0">
      <properties></properties>
    </testcase>
    <testcase name="Run multi-stage test e2e-aws-ovn-techpreview - e2e-aws-ovn-techpreview-rhcos-conf-osstream container test" time="0">
      <properties></properties>
    </testcase>
    <testcase name="Run multi-stage test post phase" time="934.809515218">
      <properties></properties>
      <system-out>The collected steps of multi-stage phase post.</system-out>
    </testcase>
    <testcase name="Run multi-stage test pre phase" time="2708.581206186">
      <properties></properties>
      <system-out>The collected steps of multi-stage phase pre.</system-out>
    </testcase>
    <testcase name="Run multi-stage test test phase" time="172.841968339">
      <properties></properties>
      <failure message="">&#34;e2e-aws-ovn-techpreview&#34; pod &#34;e2e-aws-ovn-techpreview-openshift-e2e-test&#34; failed: could not watch pod: the pod ci-op-k5d8gry1/e2e-aws-ovn-techpreview-openshift-e2e-test failed after 2m52s (failed containers: test): ContainerFailed one or more containers exited&#xA;&#xA;Container test exited with code 1, reason Error&#xA;---&#xA;s-ext.gz for tag vsphere-csi-driver-operator from quay.io/openshift-release-dev/ocp-v5.0-art-dev@sha256:14990042757181bd07779ad13384bd8385400ed989d9cb55683fd3956903f2a7 (disk size 72756648, extraction duration 4.070789702s)&#34;&#xA;time=&#34;2026-05-30T09:31:32Z&#34; level=info msg=&#34;Extracted /usr/bin/olmv0-tests-ext.gz for tag operator-lifecycle-manager from quay.io/openshift-release-dev/ocp-v5.0-art-dev@sha256:7f415763ee0a7c205f5e6f11b4fa5aff0aaa0eda109288aaf8d123f6dba59d3b (disk size 111655144, extraction duration 6.497140747s)&#34;&#xA;time=&#34;2026-05-30T09:31:36Z&#34; level=info msg=&#34;Completed image extract for release image \&#34;quay.io/openshift-release-dev/ocp-v5.0-art-dev@sha256:09d373faffb0ee2aa15966763038eb61fda05e18d27742585e6758a6e3bb1482\&#34; in 8.867006767s&#34;&#xA;time=&#34;2026-05-30T09:31:36Z&#34; level=info msg=&#34;Completed image extract for release image \&#34;quay.io/openshift-release-dev/ocp-v5.0-art-dev@sha256:34dd6998c4b78a0c77b8fae2d8ada10d894fe5fb5f523cb82dba6d120f2b44d9\&#34; in 10.51755742s&#34;&#xA;time=&#34;2026-05-30T09:31:37Z&#34; level=info msg=&#34;Extracted /usr/bin/ovn-kubernetes-tests-ext.gz for tag ovn-kubernetes from quay.io/openshift-release-dev/ocp-v5.0-art-dev@sha256:34dd6998c4b78a0c77b8fae2d8ada10d894fe5fb5f523cb82dba6d120f2b44d9 (disk size 135118816, extraction duration 10.517615242s)&#34;&#xA;error: couldn&#39;t retrieve test suites: failed to extract test binaries: encountered errors while extracting binaries: extracted binary at path &#34;/tmp/home/.cache/openshift-tests/registry_ci_openshift_org_ocp_release-5_5_0_0-0_nightly-2026-05-30-072431_aa42ca917355/oc-mirror-tests-ext.gz&#34; does not exist in image &#34;quay.io/openshift-release-dev/ocp-v5.0-art-dev@sha256:09d373faffb0ee2aa15966763038eb61fda05e18d27742585e6758a6e3bb1482&#34;&#xA;{&#34;component&#34;:&#34;entrypoint&#34;,&#34;error&#34;:&#34;wrapped process failed: exit status 1&#34;,&#34;file&#34;:&#34;sigs.k8s.io/prow/pkg/entrypoint/run.go:84&#34;,&#34;func&#34;:&#34;sigs.k8s.io/prow/pkg/entrypoint.Options.internalRun&#34;,&#34;level&#34;:&#34;error&#34;,&#34;msg&#34;:&#34;Error executing test process&#34;,&#34;severity&#34;:&#34;error&#34;,&#34;time&#34;:&#34;2026-05-30T09:31:37Z&#34;}&#xA;error: failed to execute wrapped command: exit status 1&#xA;---&#xA;Link to step on registry info site: https://steps.ci.openshift.org/reference/openshift-e2e-test&#xA;Link to job on registry info site: https://steps.ci.openshift.org/job?org=openshift&amp;repo=release&amp;branch=main&amp;test=e2e-aws-ovn-techpreview&amp;variant=ci-5.0</failure>
      <system-out>The collected steps of multi-stage phase test.</system-out>
    </testcase>
  </testsuite>
</testsuites>