<testsuite name="cluster install" tests="5" failures="2">
    <testcase name="install should succeed: other"/>
    <testcase name="install should succeed: infrastructure"/>
    <testcase name="install should succeed: cluster bootstrap"/>
    <testcase name="install should succeed: configuration">
        <failure message="">Failed to install pcp in MicroShift VM</failure>
    </testcase>
    <testcase name="install should succeed: overall">
        <failure message="">MicroShift install failed overall</failure>
    </testcase>
</testsuite>
