<testsuites>
  <testsuite name="step graph" tests="34" skipped="0" failures="2" time="11115.517286176">
    <properties></properties>
    <testcase name="" time="4.6011e-05"></testcase>
    <testcase name="All images are built and tagged into stable" time="1.65e-06"></testcase>
    <testcase name="Find the input image ocp-4.16-upi-installer and tag it into the pipeline" time="1.2516352579999999"></testcase>
    <testcase name="Find the input image ocp-4.18-upi-installer and tag it into the pipeline" time="1.25258557"></testcase>
    <testcase name="Find the input image ocp-4.22-upi-installer and tag it into the pipeline" time="1.25128816"></testcase>
    <testcase name="Find the input image origin-centos-8 and tag it into the pipeline" time="1.253109552"></testcase>
    <testcase name="Import the release payload &#34;latest&#34; from an external source" time="114.193393909"></testcase>
    <testcase name="Run multi-stage test e2e-aws-ovn-serial - e2e-aws-ovn-serial-gather-audit-logs container test" time="29"></testcase>
    <testcase name="Run multi-stage test e2e-aws-ovn-serial - e2e-aws-ovn-serial-gather-core-dump container test" time="13"></testcase>
    <testcase name="Run multi-stage test e2e-aws-ovn-serial - e2e-aws-ovn-serial-gather-extra container test" time="298"></testcase>
    <testcase name="Run multi-stage test e2e-aws-ovn-serial - e2e-aws-ovn-serial-gather-must-gather container test" time="100"></testcase>
    <testcase name="Run multi-stage test e2e-aws-ovn-serial - e2e-aws-ovn-serial-gather-network container test" time="98"></testcase>
    <testcase name="Run multi-stage test e2e-aws-ovn-serial - e2e-aws-ovn-serial-ipi-conf container test" time="0"></testcase>
    <testcase name="Run multi-stage test e2e-aws-ovn-serial - e2e-aws-ovn-serial-ipi-conf-aws container test" time="6"></testcase>
    <testcase name="Run multi-stage test e2e-aws-ovn-serial - e2e-aws-ovn-serial-ipi-conf-aws-byo-ipv4-pool-public container test" time="2"></testcase>
    <testcase name="Run multi-stage test e2e-aws-ovn-serial - e2e-aws-ovn-serial-ipi-conf-telemetry container test" time="0"></testcase>
    <testcase name="Run multi-stage test e2e-aws-ovn-serial - e2e-aws-ovn-serial-ipi-deprovision-deprovision container test" time="294"></testcase>
    <testcase name="Run multi-stage test e2e-aws-ovn-serial - e2e-aws-ovn-serial-ipi-install-hosted-loki container test" time="0"></testcase>
    <testcase name="Run multi-stage test e2e-aws-ovn-serial - e2e-aws-ovn-serial-ipi-install-install container test" time="2573"></testcase>
    <testcase name="Run multi-stage test e2e-aws-ovn-serial - e2e-aws-ovn-serial-ipi-install-monitoringpvc container test" time="0"></testcase>
    <testcase name="Run multi-stage test e2e-aws-ovn-serial - e2e-aws-ovn-serial-ipi-install-rbac container test" time="1"></testcase>
    <testcase name="Run multi-stage test e2e-aws-ovn-serial - e2e-aws-ovn-serial-ipi-install-times-collection container test" time="1"></testcase>
    <testcase name="Run multi-stage test e2e-aws-ovn-serial - e2e-aws-ovn-serial-multiarch-validate-nodes container test" time="0"></testcase>
    <testcase name="Run multi-stage test e2e-aws-ovn-serial - e2e-aws-ovn-serial-nodes-readiness container test" time="1"></testcase>
    <testcase name="Run multi-stage test e2e-aws-ovn-serial - e2e-aws-ovn-serial-observers-resource-watch container test" time="0"></testcase>
    <testcase name="Run multi-stage test e2e-aws-ovn-serial - e2e-aws-ovn-serial-openshift-cluster-bot-rbac container test" time="2"></testcase>
    <testcase name="Run multi-stage test e2e-aws-ovn-serial - e2e-aws-ovn-serial-openshift-e2e-test container test" time="7020">
      <failure message="">erator-collector&#xA;  finalIntervals size = 33001&#xA;  first interval time: From = 2026-05-14 15:06:57 +0000 UTC; To = 2026-05-14 15:47:24.797313944 +0000 UTC m=+424.857307714&#xA;  last interval time: From = 2026-05-14 17:30:36.731986725 +0000 UTC m=+6616.791980505; To = 2026-05-14 17:30:36.731986725 +0000 UTC m=+6616.791980505&#xA;Processing monitorTest: generation-analyzer&#xA;  finalIntervals size = 33001&#xA;  first interval time: From = 2026-05-14 15:06:57 +0000 UTC; To = 2026-05-14 15:47:24.797313944 +0000 UTC m=+424.857307714&#xA;  last interval time: From = 2026-05-14 17:30:36.731986725 +0000 UTC m=+6616.791980505; To = 2026-05-14 17:30:36.731986725 +0000 UTC m=+6616.791980505&#xA;Processing monitorTest: on-prem-keepalived&#xA;  finalIntervals size = 33001&#xA;  first interval time: From = 2026-05-14 15:06:57 +0000 UTC; To = 2026-05-14 15:47:24.797313944 +0000 UTC m=+424.857307714&#xA;  last interval time: From = 2026-05-14 17:30:36.731986725 +0000 UTC m=+6616.791980505; To = 2026-05-14 17:30:36.731986725 +0000 UTC m=+6616.791980505&#xA;Writing junits.&#xA;Writing JUnit report to /logs/artifacts/junit/e2e-monitor-tests__20260514-154050.xml&#xA;Blocking test failures:&#xA;&#xA;&#x9;* [Serial][sig-cli] oc adm upgrade recommend When the update service has conditional recommendations runs successfully when listing all updates [Suite:openshift/conformance/serial]&#xA;&#xA;Writing JUnit report to /logs/artifacts/junit/junit_e2e__20260514-154050.xml&#xA;&#xA;Writing extension test results JSON to /logs/artifacts/junit/extension_test_result_e2e__20260514-154050.json&#xA;Suite run returned error: 1 blocking fail, 0 informing fail, 114 pass, 216 skip (1h49m46s)&#xA;error: error running a test suite: 1 blocking fail, 0 informing fail, 114 pass, 216 skip (1h49m46s)&#xA;{&#34;component&#34;:&#34;entrypoint&#34;,&#34;error&#34;:&#34;wrapped process failed: exit status 1&#34;,&#34;file&#34;:&#34;sigs.k8s.io/prow/pkg/entrypoint/run.go:84&#34;,&#34;func&#34;:&#34;sigs.k8s.io/prow/pkg/entrypoint.Options.internalRun&#34;,&#34;level&#34;:&#34;error&#34;,&#34;msg&#34;:&#34;Error executing test process&#34;,&#34;severity&#34;:&#34;error&#34;,&#34;time&#34;:&#34;2026-05-14T17:35:00Z&#34;}&#xA;error: failed to execute wrapped command: exit status 1&#xA;</failure>
    </testcase>
    <testcase name="Run multi-stage test e2e-aws-ovn-serial - e2e-aws-ovn-serial-openshift-tests-extension-admission-crd-install container test" time="0"></testcase>
    <testcase name="Run multi-stage test e2e-aws-ovn-serial - e2e-aws-ovn-serial-ovn-conf container test" time="1"></testcase>
    <testcase name="Run multi-stage test e2e-aws-ovn-serial - e2e-aws-ovn-serial-ovn-conf-multi-network-policy-manifest container test" time="0"></testcase>
    <testcase name="Run multi-stage test e2e-aws-ovn-serial - e2e-aws-ovn-serial-rhcos-conf-osstream container test" time="0"></testcase>
    <testcase name="Run multi-stage test post phase" time="1231.684100786">
      <system-out>The collected steps of multi-stage phase post.</system-out>
    </testcase>
    <testcase name="Run multi-stage test pre phase" time="2741.64626215">
      <system-out>The collected steps of multi-stage phase pre.</system-out>
    </testcase>
    <testcase name="Run multi-stage test test phase" time="7026.827663238">
      <failure message="">&#34;e2e-aws-ovn-serial&#34; pod &#34;e2e-aws-ovn-serial-openshift-e2e-test&#34; failed: could not watch pod: the pod ci-op-2mm5d8gw/e2e-aws-ovn-serial-openshift-e2e-test failed after 1h57m6s (failed containers: test): ContainerFailed one or more containers exited&#xA;&#xA;Container test exited with code 1, reason Error&#xA;---&#xA;erator-collector&#xA;  finalIntervals size = 33001&#xA;  first interval time: From = 2026-05-14 15:06:57 +0000 UTC; To = 2026-05-14 15:47:24.797313944 +0000 UTC m=+424.857307714&#xA;  last interval time: From = 2026-05-14 17:30:36.731986725 +0000 UTC m=+6616.791980505; To = 2026-05-14 17:30:36.731986725 +0000 UTC m=+6616.791980505&#xA;Processing monitorTest: generation-analyzer&#xA;  finalIntervals size = 33001&#xA;  first interval time: From = 2026-05-14 15:06:57 +0000 UTC; To = 2026-05-14 15:47:24.797313944 +0000 UTC m=+424.857307714&#xA;  last interval time: From = 2026-05-14 17:30:36.731986725 +0000 UTC m=+6616.791980505; To = 2026-05-14 17:30:36.731986725 +0000 UTC m=+6616.791980505&#xA;Processing monitorTest: on-prem-keepalived&#xA;  finalIntervals size = 33001&#xA;  first interval time: From = 2026-05-14 15:06:57 +0000 UTC; To = 2026-05-14 15:47:24.797313944 +0000 UTC m=+424.857307714&#xA;  last interval time: From = 2026-05-14 17:30:36.731986725 +0000 UTC m=+6616.791980505; To = 2026-05-14 17:30:36.731986725 +0000 UTC m=+6616.791980505&#xA;Writing junits.&#xA;Writing JUnit report to /logs/artifacts/junit/e2e-monitor-tests__20260514-154050.xml&#xA;Blocking test failures:&#xA;&#xA;&#x9;* [Serial][sig-cli] oc adm upgrade recommend When the update service has conditional recommendations runs successfully when listing all updates [Suite:openshift/conformance/serial]&#xA;&#xA;Writing JUnit report to /logs/artifacts/junit/junit_e2e__20260514-154050.xml&#xA;&#xA;Writing extension test results JSON to /logs/artifacts/junit/extension_test_result_e2e__20260514-154050.json&#xA;Suite run returned error: 1 blocking fail, 0 informing fail, 114 pass, 216 skip (1h49m46s)&#xA;error: error running a test suite: 1 blocking fail, 0 informing fail, 114 pass, 216 skip (1h49m46s)&#xA;{&#34;component&#34;:&#34;entrypoint&#34;,&#34;error&#34;:&#34;wrapped process failed: exit status 1&#34;,&#34;file&#34;:&#34;sigs.k8s.io/prow/pkg/entrypoint/run.go:84&#34;,&#34;func&#34;:&#34;sigs.k8s.io/prow/pkg/entrypoint.Options.internalRun&#34;,&#34;level&#34;:&#34;error&#34;,&#34;msg&#34;:&#34;Error executing test process&#34;,&#34;severity&#34;:&#34;error&#34;,&#34;time&#34;:&#34;2026-05-14T17:35:00Z&#34;}&#xA;error: failed to execute wrapped command: exit status 1&#xA;---&#xA;Link to step on registry info site: https://steps.ci.openshift.org/reference/openshift-e2e-test&#xA;Link to job on registry info site: https://steps.ci.openshift.org/job?org=openshift&amp;repo=release&amp;branch=main&amp;test=e2e-aws-ovn-serial&amp;variant=nightly-4.20</failure>
      <system-out>The collected steps of multi-stage phase test.</system-out>
    </testcase>
  </testsuite>
</testsuites>