<testsuites>
  <testsuite name="step graph" tests="38" skipped="0" failures="2" time="13057.526325262">
    <properties></properties>
    <testcase name="" time="4.3421e-05">
      <properties></properties>
    </testcase>
    <testcase name="All images are built and tagged into stable" time="1.689e-06">
      <properties></properties>
    </testcase>
    <testcase name="Find the input image ocp-4.12-upi-installer and tag it into the pipeline" time="2.068742574">
      <properties></properties>
    </testcase>
    <testcase name="Find the input image ocp-4.16-upi-installer and tag it into the pipeline" time="2.071407597">
      <properties></properties>
    </testcase>
    <testcase name="Find the input image ocp-4.18-upi-installer and tag it into the pipeline" time="2.070130673">
      <properties></properties>
    </testcase>
    <testcase name="Find the input image ocp-4.22-upi-installer and tag it into the pipeline" time="2.070218985">
      <properties></properties>
    </testcase>
    <testcase name="Find the input image origin-centos-8 and tag it into the pipeline" time="2.069149275">
      <properties></properties>
    </testcase>
    <testcase name="Import the release payload &#34;latest&#34; from an external source" time="135.374282327">
      <properties></properties>
    </testcase>
    <testcase name="Run multi-stage test e2e-aws-ovn-single-node-techpreview - e2e-aws-ovn-single-node-techpreview-aws-deprovision-s3buckets container test" time="0">
      <properties></properties>
    </testcase>
    <testcase name="Run multi-stage test e2e-aws-ovn-single-node-techpreview - e2e-aws-ovn-single-node-techpreview-aws-deprovision-security-group container test" time="0">
      <properties></properties>
    </testcase>
    <testcase name="Run multi-stage test e2e-aws-ovn-single-node-techpreview - e2e-aws-ovn-single-node-techpreview-aws-deprovision-stacks container test" time="0">
      <properties></properties>
    </testcase>
    <testcase name="Run multi-stage test e2e-aws-ovn-single-node-techpreview - e2e-aws-ovn-single-node-techpreview-gather-audit-logs container test" time="28">
      <properties></properties>
    </testcase>
    <testcase name="Run multi-stage test e2e-aws-ovn-single-node-techpreview - e2e-aws-ovn-single-node-techpreview-gather-core-dump container test" time="11">
      <properties></properties>
    </testcase>
    <testcase name="Run multi-stage test e2e-aws-ovn-single-node-techpreview - e2e-aws-ovn-single-node-techpreview-gather-extra container test" time="132">
      <properties></properties>
    </testcase>
    <testcase name="Run multi-stage test e2e-aws-ovn-single-node-techpreview - e2e-aws-ovn-single-node-techpreview-gather-must-gather container test" time="95">
      <properties></properties>
    </testcase>
    <testcase name="Run multi-stage test e2e-aws-ovn-single-node-techpreview - e2e-aws-ovn-single-node-techpreview-gather-network container test" time="91">
      <properties></properties>
    </testcase>
    <testcase name="Run multi-stage test e2e-aws-ovn-single-node-techpreview - e2e-aws-ovn-single-node-techpreview-ipi-conf container test" time="0">
      <properties></properties>
    </testcase>
    <testcase name="Run multi-stage test e2e-aws-ovn-single-node-techpreview - e2e-aws-ovn-single-node-techpreview-ipi-conf-aws container test" time="5">
      <properties></properties>
    </testcase>
    <testcase name="Run multi-stage test e2e-aws-ovn-single-node-techpreview - e2e-aws-ovn-single-node-techpreview-ipi-conf-aws-byo-ipv4-pool-public container test" time="1">
      <properties></properties>
    </testcase>
    <testcase name="Run multi-stage test e2e-aws-ovn-single-node-techpreview - e2e-aws-ovn-single-node-techpreview-ipi-conf-telemetry container test" time="0">
      <properties></properties>
    </testcase>
    <testcase name="Run multi-stage test e2e-aws-ovn-single-node-techpreview - e2e-aws-ovn-single-node-techpreview-ipi-deprovision-deprovision container test" time="339">
      <properties></properties>
    </testcase>
    <testcase name="Run multi-stage test e2e-aws-ovn-single-node-techpreview - e2e-aws-ovn-single-node-techpreview-ipi-install-hosted-loki container test" time="1">
      <properties></properties>
    </testcase>
    <testcase name="Run multi-stage test e2e-aws-ovn-single-node-techpreview - e2e-aws-ovn-single-node-techpreview-ipi-install-install container test" time="2628">
      <properties></properties>
    </testcase>
    <testcase name="Run multi-stage test e2e-aws-ovn-single-node-techpreview - e2e-aws-ovn-single-node-techpreview-ipi-install-monitoringpvc container test" time="0">
      <properties></properties>
    </testcase>
    <testcase name="Run multi-stage test e2e-aws-ovn-single-node-techpreview - e2e-aws-ovn-single-node-techpreview-ipi-install-rbac container test" time="0">
      <properties></properties>
    </testcase>
    <testcase name="Run multi-stage test e2e-aws-ovn-single-node-techpreview - e2e-aws-ovn-single-node-techpreview-ipi-install-times-collection container test" time="1">
      <properties></properties>
    </testcase>
    <testcase name="Run multi-stage test e2e-aws-ovn-single-node-techpreview - e2e-aws-ovn-single-node-techpreview-multiarch-validate-nodes container test" time="0">
      <properties></properties>
    </testcase>
    <testcase name="Run multi-stage test e2e-aws-ovn-single-node-techpreview - e2e-aws-ovn-single-node-techpreview-nodes-readiness container test" time="1">
      <properties></properties>
    </testcase>
    <testcase name="Run multi-stage test e2e-aws-ovn-single-node-techpreview - e2e-aws-ovn-single-node-techpreview-observers-resource-watch container test" time="0">
      <properties></properties>
    </testcase>
    <testcase name="Run multi-stage test e2e-aws-ovn-single-node-techpreview - e2e-aws-ovn-single-node-techpreview-openshift-cluster-bot-rbac container test" time="0">
      <properties></properties>
    </testcase>
    <testcase name="Run multi-stage test e2e-aws-ovn-single-node-techpreview - e2e-aws-ovn-single-node-techpreview-openshift-tests-extension-admission-crd-install container test" time="1">
      <properties></properties>
    </testcase>
    <testcase name="Run multi-stage test e2e-aws-ovn-single-node-techpreview - e2e-aws-ovn-single-node-techpreview-rhcos-conf-osstream container test" time="0">
      <properties></properties>
    </testcase>
    <testcase name="Run multi-stage test e2e-aws-ovn-single-node-techpreview - e2e-aws-ovn-single-node-techpreview-single-node-conf-aws container test" time="3">
      <properties></properties>
    </testcase>
    <testcase name="Run multi-stage test e2e-aws-ovn-single-node-techpreview - e2e-aws-ovn-single-node-techpreview-single-node-conf-e2e container test" time="0">
      <properties></properties>
    </testcase>
    <testcase name="Run multi-stage test e2e-aws-ovn-single-node-techpreview - e2e-aws-ovn-single-node-techpreview-single-node-e2e-test container test" time="8255">
      <properties></properties>
      <failure message="">s size = 144415&#xA;  first interval time: From = 2026-07-13 05:02:21 +0000 UTC; To = 2026-07-13 05:42:14.8328953 +0000 UTC m=+307.269420644&#xA;  last interval time: From = 2026-07-13 07:52:45.044701136 +0000 UTC m=+8137.481226490; To = 2026-07-13 07:52:45.044701136 +0000 UTC m=+8137.481226490&#xA;Writing junits.&#xA;Writing JUnit report to /logs/artifacts/junit/e2e-monitor-tests__20260713-053759.xml&#xA;Writing extension test results.&#xA;Writing extension test results JSON to /logs/artifacts/junit/extension_test_result_monitors__20260713-053759.json&#xA;Writing extension test results HTML to /logs/artifacts/junit/extension_test_result_monitors__20260713-053759-summary.html&#xA;Informing test failures that don&#39;t prevent the overall suite from passing:&#xA;&#xA;&#x9;* cluster-config-operator should report complete ClusterOperator status with health and version information [apigroup:config.openshift.io][Operator][Parallel]&#xA;&#xA;time=&#34;2026-07-13T07:54:35Z&#34; level=info msg=&#34;Mass failure check passed: 1 failures (threshold: 10 failures)&#34;&#xA;Writing JUnit report to /logs/artifacts/junit/junit_e2e__20260713-053759.xml&#xA;&#xA;Writing extension test results JSON to /logs/artifacts/junit/extension_test_result_e2e__20260713-053759.json&#xA;Writing extension test results HTML to /logs/artifacts/junit/extension_test_result_e2e__20260713-053759-summary.html&#xA;Writing extension test results HTML to /logs/artifacts/junit/extension_test_result_e2e__20260713-053759-everything.html&#xA;time=&#34;2026-07-13T07:54:37Z&#34; level=info msg=&#34;Writing duration metrics to /logs/artifacts/junit/duration-metrics-e2e_20260713-053759-autodl.json&#34;&#xA;Suite run returned error: failed due to a MonitorTest failure&#xA;error: error running a test suite: failed due to a MonitorTest failure&#xA;{&#34;component&#34;:&#34;entrypoint&#34;,&#34;error&#34;:&#34;wrapped process failed: exit status 1&#34;,&#34;file&#34;:&#34;sigs.k8s.io/prow/pkg/entrypoint/run.go:84&#34;,&#34;func&#34;:&#34;sigs.k8s.io/prow/pkg/entrypoint.Options.internalRun&#34;,&#34;level&#34;:&#34;error&#34;,&#34;msg&#34;:&#34;Error executing test process&#34;,&#34;severity&#34;:&#34;error&#34;,&#34;time&#34;:&#34;2026-07-13T07:54:37Z&#34;}&#xA;error: failed to execute wrapped command: exit status 1&#xA;</failure>
    </testcase>
    <testcase name="Run multi-stage test post phase" time="1021.71623558">
      <properties></properties>
      <system-out>The collected steps of multi-stage phase post.</system-out>
    </testcase>
    <testcase name="Run multi-stage test pre phase" time="3609.455209114">
      <properties></properties>
      <system-out>The collected steps of multi-stage phase pre.</system-out>
    </testcase>
    <testcase name="Run multi-stage test test phase" time="8289.412488738">
      <properties></properties>
      <failure message="">&#34;e2e-aws-ovn-single-node-techpreview&#34; pod &#34;e2e-aws-ovn-single-node-techpreview-single-node-e2e-test&#34; failed: could not watch pod: the pod ci-op-m830pv97/e2e-aws-ovn-single-node-techpreview-single-node-e2e-test failed after 2h17m49s (failed containers: test): ContainerFailed one or more containers exited&#xA;&#xA;Container test exited with code 1, reason Error&#xA;---&#xA;s size = 144415&#xA;  first interval time: From = 2026-07-13 05:02:21 +0000 UTC; To = 2026-07-13 05:42:14.8328953 +0000 UTC m=+307.269420644&#xA;  last interval time: From = 2026-07-13 07:52:45.044701136 +0000 UTC m=+8137.481226490; To = 2026-07-13 07:52:45.044701136 +0000 UTC m=+8137.481226490&#xA;Writing junits.&#xA;Writing JUnit report to /logs/artifacts/junit/e2e-monitor-tests__20260713-053759.xml&#xA;Writing extension test results.&#xA;Writing extension test results JSON to /logs/artifacts/junit/extension_test_result_monitors__20260713-053759.json&#xA;Writing extension test results HTML to /logs/artifacts/junit/extension_test_result_monitors__20260713-053759-summary.html&#xA;Informing test failures that don&#39;t prevent the overall suite from passing:&#xA;&#xA;&#x9;* cluster-config-operator should report complete ClusterOperator status with health and version information [apigroup:config.openshift.io][Operator][Parallel]&#xA;&#xA;time=&#34;2026-07-13T07:54:35Z&#34; level=info msg=&#34;Mass failure check passed: 1 failures (threshold: 10 failures)&#34;&#xA;Writing JUnit report to /logs/artifacts/junit/junit_e2e__20260713-053759.xml&#xA;&#xA;Writing extension test results JSON to /logs/artifacts/junit/extension_test_result_e2e__20260713-053759.json&#xA;Writing extension test results HTML to /logs/artifacts/junit/extension_test_result_e2e__20260713-053759-summary.html&#xA;Writing extension test results HTML to /logs/artifacts/junit/extension_test_result_e2e__20260713-053759-everything.html&#xA;time=&#34;2026-07-13T07:54:37Z&#34; level=info msg=&#34;Writing duration metrics to /logs/artifacts/junit/duration-metrics-e2e_20260713-053759-autodl.json&#34;&#xA;Suite run returned error: failed due to a MonitorTest failure&#xA;error: error running a test suite: failed due to a MonitorTest failure&#xA;{&#34;component&#34;:&#34;entrypoint&#34;,&#34;error&#34;:&#34;wrapped process failed: exit status 1&#34;,&#34;file&#34;:&#34;sigs.k8s.io/prow/pkg/entrypoint/run.go:84&#34;,&#34;func&#34;:&#34;sigs.k8s.io/prow/pkg/entrypoint.Options.internalRun&#34;,&#34;level&#34;:&#34;error&#34;,&#34;msg&#34;:&#34;Error executing test process&#34;,&#34;severity&#34;:&#34;error&#34;,&#34;time&#34;:&#34;2026-07-13T07:54:37Z&#34;}&#xA;error: failed to execute wrapped command: exit status 1&#xA;---&#xA;Link to step on registry info site: https://steps.ci.openshift.org/reference/single-node-e2e-test&#xA;Link to job on registry info site: https://steps.ci.openshift.org/job?org=openshift&amp;repo=release&amp;branch=main&amp;test=e2e-aws-ovn-single-node-techpreview&amp;variant=nightly-5.0</failure>
      <system-out>The collected steps of multi-stage phase test.</system-out>
    </testcase>
  </testsuite>
</testsuites>